#
# There is insufficient memory for the Java Runtime Environment to continue.
# Native memory allocation (mmap) failed to map 147849216 bytes for Failed to commit area from 0x0000000718e00000 to 0x0000000721b00000 of length 147849216.
# Possible reasons:
#   The system is out of physical RAM or swap space
#   The process is running with CompressedOops enabled, and the Java Heap may be blocking the growth of the native heap
# Possible solutions:
#   Reduce memory load on the system
#   Increase physical memory or swap space
#   Check if swap backing store is full
#   Decrease Java heap size (-Xmx/-Xms)
#   Decrease number of Java threads
#   Decrease Java thread stack sizes (-Xss)
#   Set larger code cache with -XX:ReservedCodeCacheSize=
#   JVM is running with Zero Based Compressed Oops mode in which the Java heap is
#     placed in the first 32GB address space. The Java Heap base address is the
#     maximum limit for the native heap growth. Please use -XX:HeapBaseMinAddress
#     to set the Java Heap base and to place the Java Heap above 32GB virtual address.
# This output file may be truncated or incomplete.
#
#  Out of Memory Error (t:/workspace/open/src/hotspot/os/windows/os_windows.cpp:3301), pid=18760, tid=19960
#
# JRE version: Java(TM) SE Runtime Environment (13.0.2+8) (build 13.0.2+8)
# Java VM: Java HotSpot(TM) 64-Bit Server VM (13.0.2+8, mixed mode, sharing, tiered, compressed oops, g1 gc, windows-amd64)
# No core dump will be written. Minidumps are not enabled by default on client versions of Windows
#

---------------  S U M M A R Y ------------

Command Line: -ea -Didea.test.cyclic.buffer.size=1048576 -javaagent:C:\Program Files\JetBrains\IntelliJ IDEA Community Edition 2019.3.3\lib\idea_rt.jar=49812:C:\Program Files\JetBrains\IntelliJ IDEA Community Edition 2019.3.3\bin -Dfile.encoding=UTF-8 com.intellij.rt.junit.JUnitStarter -ideVersion5 -junit4 renderer.BoxTests,mendyTest

Host: Intel(R) Core(TM) i7-8550U CPU @ 1.80GHz, 8 cores, 15G,  Windows 10 , 64 bit Build 18362 (10.0.18362.900)
Time: Thu Jun 18 11:04:35 2020 Jerusalem Daylight Time elapsed time: 1 seconds (0d 0h 0m 1s)

---------------  T H R E A D  ---------------

Current thread (0x0000029dcfd96800):  VMThread "VM Thread" [stack: 0x000000cb38200000,0x000000cb38300000] [id=19960]

Stack: [0x000000cb38200000,0x000000cb38300000]
[error occurred during error reporting (printing stack bounds), id 0xc0000005, EXCEPTION_ACCESS_VIOLATION (0xc0000005) at pc=0x0000029db46a10ad]

Native frames: (J=compiled Java code, j=interpreted, Vv=VM code, C=native code)
V  [jvm.dll+0x624f9a]
V  [jvm.dll+0x770cfa]
V  [jvm.dll+0x7724af]
V  [jvm.dll+0x772a15]
V  [jvm.dll+0x7729cb]
V  [jvm.dll+0x6244df]
C  [ntdll.dll+0x785b6]
C  [ntdll.dll+0x6a056]
C  [ntdll.dll+0x9fe3e]
C  0x0000029db46a10ad

VM_Operation (0x000000cb391fe8e0): G1CollectForAllocation, mode: safepoint, requested by thread 0x0000029dd0e86800


---------------  P R O C E S S  ---------------

Threads class SMR info:
_java_thread_list=0x0000029dd0cf1030, length=16, elements={
0x0000029dac19f800, 0x0000029dcfd9a800, 0x0000029dcfd9c000, 0x0000029dd063f000,
0x0000029dd0640800, 0x0000029dd0641800, 0x0000029dd0648000, 0x0000029dd0649000,
0x0000029dcfd7e000, 0x0000029dd0799800, 0x0000029dd07da800, 0x0000029dd07db800,
0x0000029dd0de3800, 0x0000029dd0e86000, 0x0000029dd0e86800, 0x0000029dd0ef9800
}

Java Threads: ( => current thread )
  0x0000029dac19f800 JavaThread "main" [_thread_blocked, id=7608, stack(0x000000cb37c00000,0x000000cb37d00000)]
  0x0000029dcfd9a800 JavaThread "Reference Handler" daemon [_thread_blocked, id=17392, stack(0x000000cb38300000,0x000000cb38400000)]
  0x0000029dcfd9c000 JavaThread "Finalizer" daemon [_thread_blocked, id=17980, stack(0x000000cb38400000,0x000000cb38500000)]
  0x0000029dd063f000 JavaThread "Signal Dispatcher" daemon [_thread_blocked, id=18836, stack(0x000000cb38500000,0x000000cb38600000)]
  0x0000029dd0640800 JavaThread "Attach Listener" daemon [_thread_blocked, id=21152, stack(0x000000cb38600000,0x000000cb38700000)]
  0x0000029dd0641800 JavaThread "C2 CompilerThread0" daemon [_thread_blocked, id=5408, stack(0x000000cb38700000,0x000000cb38800000)]
  0x0000029dd0648000 JavaThread "C1 CompilerThread0" daemon [_thread_blocked, id=12664, stack(0x000000cb38800000,0x000000cb38900000)]
  0x0000029dd0649000 JavaThread "Sweeper thread" daemon [_thread_blocked, id=7268, stack(0x000000cb38900000,0x000000cb38a00000)]
  0x0000029dcfd7e000 JavaThread "Common-Cleaner" daemon [_thread_blocked, id=8312, stack(0x000000cb38a00000,0x000000cb38b00000)]
  0x0000029dd0799800 JavaThread "C2 CompilerThread1" daemon [_thread_blocked, id=11920, stack(0x000000cb38b00000,0x000000cb38c00000)]
  0x0000029dd07da800 JavaThread "Monitor Ctrl-Break" daemon [_thread_in_native, id=1368, stack(0x000000cb38c00000,0x000000cb38d00000)]
  0x0000029dd07db800 JavaThread "Service Thread" daemon [_thread_blocked, id=1016, stack(0x000000cb38d00000,0x000000cb38e00000)]
  0x0000029dd0de3800 JavaThread "Thread-2" [_thread_blocked, id=7400, stack(0x000000cb38f00000,0x000000cb39000000)]
  0x0000029dd0e86000 JavaThread "Thread-1" [_thread_blocked, id=5836, stack(0x000000cb39000000,0x000000cb39100000)]
  0x0000029dd0e86800 JavaThread "Thread-0" [_thread_blocked, id=19840, stack(0x000000cb39100000,0x000000cb39200000)]
  0x0000029dd0ef9800 JavaThread "C2 CompilerThread2" daemon [_thread_blocked, id=17396, stack(0x000000cb39200000,0x000000cb39300000)]

Other Threads:
=>0x0000029dcfd96800 VMThread "VM Thread" [stack: 0x000000cb38200000,0x000000cb38300000] [id=19960]
  0x0000029dd07f5800 WatcherThread [stack: 0x000000cb38e00000,0x000000cb38f00000] [id=19956]
  0x0000029dac209000 GCTaskThread "GC Thread#0" [stack: 0x000000cb37d00000,0x000000cb37e00000] [id=7116]
  0x0000029dd0f15000 GCTaskThread "GC Thread#1" [stack: 0x000000cb39300000,0x000000cb39400000] [id=1728]
  0x0000029dd0f15800 GCTaskThread "GC Thread#2" [stack: 0x000000cb39400000,0x000000cb39500000] [id=15564]
  0x0000029dd0f38000 GCTaskThread "GC Thread#3" [stack: 0x000000cb39500000,0x000000cb39600000] [id=15624]
  0x0000029dd0f39000 GCTaskThread "GC Thread#4" [stack: 0x000000cb39600000,0x000000cb39700000] [id=10900]
  0x0000029dd0f39800 GCTaskThread "GC Thread#5" [stack: 0x000000cb39700000,0x000000cb39800000] [id=12984]
  0x0000029dd0f20800 GCTaskThread "GC Thread#6" [stack: 0x000000cb39800000,0x000000cb39900000] [id=2464]
  0x0000029dd0f21800 GCTaskThread "GC Thread#7" [stack: 0x000000cb39900000,0x000000cb39a00000] [id=21544]
  0x0000029dac22a800 ConcurrentGCThread "G1 Main Marker" [stack: 0x000000cb37e00000,0x000000cb37f00000] [id=6316]
  0x0000029dac22c800 ConcurrentGCThread "G1 Conc#0" [stack: 0x000000cb37f00000,0x000000cb38000000] [id=8492]
  0x0000029dcfc8f800 ConcurrentGCThread "G1 Refine#0" [stack: 0x000000cb38000000,0x000000cb38100000] [id=3340]
  0x0000029dcfc91800 ConcurrentGCThread "G1 Young RemSet Sampling" [stack: 0x000000cb38100000,0x000000cb38200000] [id=4804]

Threads with active compile tasks:

VM state:at safepoint (normal execution)

VM Mutex/Monitor currently owned by a thread:  ([mutex/lock_event])
[0x0000029dac19ac00] Threads_lock - owner thread: 0x0000029dcfd96800
[0x0000029dac19be90] Heap_lock - owner thread: 0x0000029dd0e86800

Heap address: 0x0000000701c00000, size: 4068 MB, Compressed Oops mode: Zero based, Oop shift amount: 3
Narrow klass base: 0x0000000800000000, Narrow klass shift: 3
Compressed class space size: 1073741824 Address: 0x0000000800b40000

Heap:
 garbage-first heap   total 523264K, used 18432K [0x0000000701c00000, 0x0000000800000000)
  region size 1024K, 2 young (2048K), 2 survivors (2048K)
 Metaspace       used 3220K, capacity 5447K, committed 5760K, reserved 1056768K
  class space    used 342K, capacity 564K, committed 640K, reserved 1048576K
Heap Regions: E=young(eden), S=young(survivor), O=old, HS=humongous(starts), HC=humongous(continues), CS=collection set, F=free, A=archive, TAMS=top-at-mark-start (previous, next)
|   0|0x0000000701c00000, 0x0000000701d00000, 0x0000000701d00000|100%|HS|  |TAMS 0x0000000701c00000, 0x0000000701c00000| Complete 
|   1|0x0000000701d00000, 0x0000000701e00000, 0x0000000701e00000|100%|HC|  |TAMS 0x0000000701d00000, 0x0000000701d00000| Complete 
|   2|0x0000000701e00000, 0x0000000701f00000, 0x0000000701f00000|100%|HC|  |TAMS 0x0000000701e00000, 0x0000000701e00000| Complete 
|   3|0x0000000701f00000, 0x0000000702000000, 0x0000000702000000|100%|HC|  |TAMS 0x0000000701f00000, 0x0000000701f00000| Complete 
|   4|0x0000000702000000, 0x0000000702100000, 0x0000000702100000|100%|HC|  |TAMS 0x0000000702000000, 0x0000000702000000| Complete 
|   5|0x0000000702100000, 0x0000000702200000, 0x0000000702200000|100%|HC|  |TAMS 0x0000000702100000, 0x0000000702100000| Complete 
|   6|0x0000000702200000, 0x0000000702300000, 0x0000000702300000|100%|HC|  |TAMS 0x0000000702200000, 0x0000000702200000| Complete 
|   7|0x0000000702300000, 0x0000000702400000, 0x0000000702400000|100%|HC|  |TAMS 0x0000000702300000, 0x0000000702300000| Complete 
|   8|0x0000000702400000, 0x0000000702500000, 0x0000000702500000|100%|HC|  |TAMS 0x0000000702400000, 0x0000000702400000| Complete 
|   9|0x0000000702500000, 0x0000000702600000, 0x0000000702600000|100%|HC|  |TAMS 0x0000000702500000, 0x0000000702500000| Complete 
|  10|0x0000000702600000, 0x0000000702700000, 0x0000000702700000|100%|HC|  |TAMS 0x0000000702600000, 0x0000000702600000| Complete 
|  11|0x0000000702700000, 0x0000000702800000, 0x0000000702800000|100%|HC|  |TAMS 0x0000000702700000, 0x0000000702700000| Complete 
|  12|0x0000000702800000, 0x0000000702900000, 0x0000000702900000|100%|HC|  |TAMS 0x0000000702800000, 0x0000000702800000| Complete 
|  13|0x0000000702900000, 0x0000000702a00000, 0x0000000702a00000|100%|HC|  |TAMS 0x0000000702900000, 0x0000000702900000| Complete 
|  14|0x0000000702a00000, 0x0000000702b00000, 0x0000000702b00000|100%|HC|  |TAMS 0x0000000702a00000, 0x0000000702a00000| Complete 
|  15|0x0000000702b00000, 0x0000000702c00000, 0x0000000702c00000|100%|HC|  |TAMS 0x0000000702b00000, 0x0000000702b00000| Complete 
|  16|0x0000000702c00000, 0x0000000702c00000, 0x0000000702d00000|  0%| F|  |TAMS 0x0000000702c00000, 0x0000000702c00000| Untracked 
|  17|0x0000000702d00000, 0x0000000702d00000, 0x0000000702e00000|  0%| F|  |TAMS 0x0000000702d00000, 0x0000000702d00000| Untracked 
|  18|0x0000000702e00000, 0x0000000702e00000, 0x0000000702f00000|  0%| F|  |TAMS 0x0000000702e00000, 0x0000000702e00000| Untracked 
|  19|0x0000000702f00000, 0x0000000702f00000, 0x0000000703000000|  0%| F|  |TAMS 0x0000000702f00000, 0x0000000702f00000| Untracked 
|  20|0x0000000703000000, 0x0000000703000000, 0x0000000703100000|  0%| F|  |TAMS 0x0000000703000000, 0x0000000703000000| Untracked 
|  21|0x0000000703100000, 0x0000000703100000, 0x0000000703200000|  0%| F|  |TAMS 0x0000000703100000, 0x0000000703100000| Untracked 
|  22|0x0000000703200000, 0x0000000703200000, 0x0000000703300000|  0%| F|  |TAMS 0x0000000703200000, 0x0000000703200000| Untracked 
|  23|0x0000000703300000, 0x0000000703300000, 0x0000000703400000|  0%| F|  |TAMS 0x0000000703300000, 0x0000000703300000| Untracked 
|  24|0x0000000703400000, 0x0000000703400000, 0x0000000703500000|  0%| F|  |TAMS 0x0000000703400000, 0x0000000703400000| Untracked 
|  25|0x0000000703500000, 0x0000000703500000, 0x0000000703600000|  0%| F|  |TAMS 0x0000000703500000, 0x0000000703500000| Untracked 
|  26|0x0000000703600000, 0x0000000703600000, 0x0000000703700000|  0%| F|  |TAMS 0x0000000703600000, 0x0000000703600000| Untracked 
|  27|0x0000000703700000, 0x0000000703700000, 0x0000000703800000|  0%| F|  |TAMS 0x0000000703700000, 0x0000000703700000| Untracked 
|  28|0x0000000703800000, 0x0000000703800000, 0x0000000703900000|  0%| F|  |TAMS 0x0000000703800000, 0x0000000703800000| Untracked 
|  29|0x0000000703900000, 0x0000000703900000, 0x0000000703a00000|  0%| F|  |TAMS 0x0000000703900000, 0x0000000703900000| Untracked 
|  30|0x0000000703a00000, 0x0000000703a00000, 0x0000000703b00000|  0%| F|  |TAMS 0x0000000703a00000, 0x0000000703a00000| Untracked 
|  31|0x0000000703b00000, 0x0000000703b00000, 0x0000000703c00000|  0%| F|  |TAMS 0x0000000703b00000, 0x0000000703b00000| Untracked 
|  32|0x0000000703c00000, 0x0000000703c00000, 0x0000000703d00000|  0%| F|  |TAMS 0x0000000703c00000, 0x0000000703c00000| Untracked 
|  33|0x0000000703d00000, 0x0000000703d00000, 0x0000000703e00000|  0%| F|  |TAMS 0x0000000703d00000, 0x0000000703d00000| Untracked 
|  34|0x0000000703e00000, 0x0000000703e00000, 0x0000000703f00000|  0%| F|  |TAMS 0x0000000703e00000, 0x0000000703e00000| Untracked 
|  35|0x0000000703f00000, 0x0000000703f00000, 0x0000000704000000|  0%| F|  |TAMS 0x0000000703f00000, 0x0000000703f00000| Untracked 
|  36|0x0000000704000000, 0x0000000704000000, 0x0000000704100000|  0%| F|  |TAMS 0x0000000704000000, 0x0000000704000000| Untracked 
|  37|0x0000000704100000, 0x0000000704100000, 0x0000000704200000|  0%| F|  |TAMS 0x0000000704100000, 0x0000000704100000| Untracked 
|  38|0x0000000704200000, 0x0000000704200000, 0x0000000704300000|  0%| F|  |TAMS 0x0000000704200000, 0x0000000704200000| Untracked 
|  39|0x0000000704300000, 0x0000000704300000, 0x0000000704400000|  0%| F|  |TAMS 0x0000000704300000, 0x0000000704300000| Untracked 
|  40|0x0000000704400000, 0x0000000704400000, 0x0000000704500000|  0%| F|  |TAMS 0x0000000704400000, 0x0000000704400000| Untracked 
|  41|0x0000000704500000, 0x0000000704500000, 0x0000000704600000|  0%| F|  |TAMS 0x0000000704500000, 0x0000000704500000| Untracked 
|  42|0x0000000704600000, 0x0000000704600000, 0x0000000704700000|  0%| F|  |TAMS 0x0000000704600000, 0x0000000704600000| Untracked 
|  43|0x0000000704700000, 0x0000000704700000, 0x0000000704800000|  0%| F|  |TAMS 0x0000000704700000, 0x0000000704700000| Untracked 
|  44|0x0000000704800000, 0x0000000704800000, 0x0000000704900000|  0%| F|  |TAMS 0x0000000704800000, 0x0000000704800000| Untracked 
|  45|0x0000000704900000, 0x0000000704900000, 0x0000000704a00000|  0%| F|  |TAMS 0x0000000704900000, 0x0000000704900000| Untracked 
|  46|0x0000000704a00000, 0x0000000704a00000, 0x0000000704b00000|  0%| F|  |TAMS 0x0000000704a00000, 0x0000000704a00000| Untracked 
|  47|0x0000000704b00000, 0x0000000704b00000, 0x0000000704c00000|  0%| F|  |TAMS 0x0000000704b00000, 0x0000000704b00000| Untracked 
|  48|0x0000000704c00000, 0x0000000704c00000, 0x0000000704d00000|  0%| F|  |TAMS 0x0000000704c00000, 0x0000000704c00000| Untracked 
|  49|0x0000000704d00000, 0x0000000704d00000, 0x0000000704e00000|  0%| F|  |TAMS 0x0000000704d00000, 0x0000000704d00000| Untracked 
|  50|0x0000000704e00000, 0x0000000704e00000, 0x0000000704f00000|  0%| F|  |TAMS 0x0000000704e00000, 0x0000000704e00000| Untracked 
|  51|0x0000000704f00000, 0x0000000704f00000, 0x0000000705000000|  0%| F|  |TAMS 0x0000000704f00000, 0x0000000704f00000| Untracked 
|  52|0x0000000705000000, 0x0000000705000000, 0x0000000705100000|  0%| F|  |TAMS 0x0000000705000000, 0x0000000705000000| Untracked 
|  53|0x0000000705100000, 0x0000000705100000, 0x0000000705200000|  0%| F|  |TAMS 0x0000000705100000, 0x0000000705100000| Untracked 
|  54|0x0000000705200000, 0x0000000705200000, 0x0000000705300000|  0%| F|  |TAMS 0x0000000705200000, 0x0000000705200000| Untracked 
|  55|0x0000000705300000, 0x0000000705300000, 0x0000000705400000|  0%| F|  |TAMS 0x0000000705300000, 0x0000000705300000| Untracked 
|  56|0x0000000705400000, 0x0000000705400000, 0x0000000705500000|  0%| F|  |TAMS 0x0000000705400000, 0x0000000705400000| Untracked 
|  57|0x0000000705500000, 0x0000000705500000, 0x0000000705600000|  0%| F|  |TAMS 0x0000000705500000, 0x0000000705500000| Untracked 
|  58|0x0000000705600000, 0x0000000705600000, 0x0000000705700000|  0%| F|  |TAMS 0x0000000705600000, 0x0000000705600000| Untracked 
|  59|0x0000000705700000, 0x0000000705700000, 0x0000000705800000|  0%| F|  |TAMS 0x0000000705700000, 0x0000000705700000| Untracked 
|  60|0x0000000705800000, 0x0000000705800000, 0x0000000705900000|  0%| F|  |TAMS 0x0000000705800000, 0x0000000705800000| Untracked 
|  61|0x0000000705900000, 0x0000000705900000, 0x0000000705a00000|  0%| F|  |TAMS 0x0000000705900000, 0x0000000705900000| Untracked 
|  62|0x0000000705a00000, 0x0000000705a00000, 0x0000000705b00000|  0%| F|  |TAMS 0x0000000705a00000, 0x0000000705a00000| Untracked 
|  63|0x0000000705b00000, 0x0000000705b00000, 0x0000000705c00000|  0%| F|  |TAMS 0x0000000705b00000, 0x0000000705b00000| Untracked 
|  64|0x0000000705c00000, 0x0000000705c00000, 0x0000000705d00000|  0%| F|  |TAMS 0x0000000705c00000, 0x0000000705c00000| Untracked 
|  65|0x0000000705d00000, 0x0000000705d00000, 0x0000000705e00000|  0%| F|  |TAMS 0x0000000705d00000, 0x0000000705d00000| Untracked 
|  66|0x0000000705e00000, 0x0000000705e00000, 0x0000000705f00000|  0%| F|  |TAMS 0x0000000705e00000, 0x0000000705e00000| Untracked 
|  67|0x0000000705f00000, 0x0000000705f00000, 0x0000000706000000|  0%| F|  |TAMS 0x0000000705f00000, 0x0000000705f00000| Untracked 
|  68|0x0000000706000000, 0x0000000706000000, 0x0000000706100000|  0%| F|  |TAMS 0x0000000706000000, 0x0000000706000000| Untracked 
|  69|0x0000000706100000, 0x0000000706100000, 0x0000000706200000|  0%| F|  |TAMS 0x0000000706100000, 0x0000000706100000| Untracked 
|  70|0x0000000706200000, 0x0000000706200000, 0x0000000706300000|  0%| F|  |TAMS 0x0000000706200000, 0x0000000706200000| Untracked 
|  71|0x0000000706300000, 0x0000000706300000, 0x0000000706400000|  0%| F|  |TAMS 0x0000000706300000, 0x0000000706300000| Untracked 
|  72|0x0000000706400000, 0x0000000706400000, 0x0000000706500000|  0%| F|  |TAMS 0x0000000706400000, 0x0000000706400000| Untracked 
|  73|0x0000000706500000, 0x0000000706500000, 0x0000000706600000|  0%| F|  |TAMS 0x0000000706500000, 0x0000000706500000| Untracked 
|  74|0x0000000706600000, 0x0000000706600000, 0x0000000706700000|  0%| F|  |TAMS 0x0000000706600000, 0x0000000706600000| Untracked 
|  75|0x0000000706700000, 0x0000000706700000, 0x0000000706800000|  0%| F|  |TAMS 0x0000000706700000, 0x0000000706700000| Untracked 
|  76|0x0000000706800000, 0x0000000706800000, 0x0000000706900000|  0%| F|  |TAMS 0x0000000706800000, 0x0000000706800000| Untracked 
|  77|0x0000000706900000, 0x0000000706900000, 0x0000000706a00000|  0%| F|  |TAMS 0x0000000706900000, 0x0000000706900000| Untracked 
|  78|0x0000000706a00000, 0x0000000706a00000, 0x0000000706b00000|  0%| F|  |TAMS 0x0000000706a00000, 0x0000000706a00000| Untracked 
|  79|0x0000000706b00000, 0x0000000706b00000, 0x0000000706c00000|  0%| F|  |TAMS 0x0000000706b00000, 0x0000000706b00000| Untracked 
|  80|0x0000000706c00000, 0x0000000706c00000, 0x0000000706d00000|  0%| F|  |TAMS 0x0000000706c00000, 0x0000000706c00000| Untracked 
|  81|0x0000000706d00000, 0x0000000706d00000, 0x0000000706e00000|  0%| F|  |TAMS 0x0000000706d00000, 0x0000000706d00000| Untracked 
|  82|0x0000000706e00000, 0x0000000706e00000, 0x0000000706f00000|  0%| F|  |TAMS 0x0000000706e00000, 0x0000000706e00000| Untracked 
|  83|0x0000000706f00000, 0x0000000706f00000, 0x0000000707000000|  0%| F|  |TAMS 0x0000000706f00000, 0x0000000706f00000| Untracked 
|  84|0x0000000707000000, 0x0000000707000000, 0x0000000707100000|  0%| F|  |TAMS 0x0000000707000000, 0x0000000707000000| Untracked 
|  85|0x0000000707100000, 0x0000000707100000, 0x0000000707200000|  0%| F|  |TAMS 0x0000000707100000, 0x0000000707100000| Untracked 
|  86|0x0000000707200000, 0x0000000707200000, 0x0000000707300000|  0%| F|  |TAMS 0x0000000707200000, 0x0000000707200000| Untracked 
|  87|0x0000000707300000, 0x0000000707300000, 0x0000000707400000|  0%| F|  |TAMS 0x0000000707300000, 0x0000000707300000| Untracked 
|  88|0x0000000707400000, 0x0000000707400000, 0x0000000707500000|  0%| F|  |TAMS 0x0000000707400000, 0x0000000707400000| Untracked 
|  89|0x0000000707500000, 0x0000000707500000, 0x0000000707600000|  0%| F|  |TAMS 0x0000000707500000, 0x0000000707500000| Untracked 
|  90|0x0000000707600000, 0x0000000707600000, 0x0000000707700000|  0%| F|  |TAMS 0x0000000707600000, 0x0000000707600000| Untracked 
|  91|0x0000000707700000, 0x0000000707700000, 0x0000000707800000|  0%| F|  |TAMS 0x0000000707700000, 0x0000000707700000| Untracked 
|  92|0x0000000707800000, 0x0000000707800000, 0x0000000707900000|  0%| F|  |TAMS 0x0000000707800000, 0x0000000707800000| Untracked 
|  93|0x0000000707900000, 0x0000000707900000, 0x0000000707a00000|  0%| F|  |TAMS 0x0000000707900000, 0x0000000707900000| Untracked 
|  94|0x0000000707a00000, 0x0000000707a00000, 0x0000000707b00000|  0%| F|  |TAMS 0x0000000707a00000, 0x0000000707a00000| Untracked 
|  95|0x0000000707b00000, 0x0000000707b00000, 0x0000000707c00000|  0%| F|  |TAMS 0x0000000707b00000, 0x0000000707b00000| Untracked 
|  96|0x0000000707c00000, 0x0000000707c00000, 0x0000000707d00000|  0%| F|  |TAMS 0x0000000707c00000, 0x0000000707c00000| Untracked 
|  97|0x0000000707d00000, 0x0000000707d00000, 0x0000000707e00000|  0%| F|  |TAMS 0x0000000707d00000, 0x0000000707d00000| Untracked 
|  98|0x0000000707e00000, 0x0000000707e00000, 0x0000000707f00000|  0%| F|  |TAMS 0x0000000707e00000, 0x0000000707e00000| Untracked 
|  99|0x0000000707f00000, 0x0000000707f00000, 0x0000000708000000|  0%| F|  |TAMS 0x0000000707f00000, 0x0000000707f00000| Untracked 
| 100|0x0000000708000000, 0x0000000708000000, 0x0000000708100000|  0%| F|  |TAMS 0x0000000708000000, 0x0000000708000000| Untracked 
| 101|0x0000000708100000, 0x0000000708100000, 0x0000000708200000|  0%| F|  |TAMS 0x0000000708100000, 0x0000000708100000| Untracked 
| 102|0x0000000708200000, 0x0000000708200000, 0x0000000708300000|  0%| F|  |TAMS 0x0000000708200000, 0x0000000708200000| Untracked 
| 103|0x0000000708300000, 0x0000000708300000, 0x0000000708400000|  0%| F|  |TAMS 0x0000000708300000, 0x0000000708300000| Untracked 
| 104|0x0000000708400000, 0x0000000708400000, 0x0000000708500000|  0%| F|  |TAMS 0x0000000708400000, 0x0000000708400000| Untracked 
| 105|0x0000000708500000, 0x0000000708500000, 0x0000000708600000|  0%| F|  |TAMS 0x0000000708500000, 0x0000000708500000| Untracked 
| 106|0x0000000708600000, 0x0000000708600000, 0x0000000708700000|  0%| F|  |TAMS 0x0000000708600000, 0x0000000708600000| Untracked 
| 107|0x0000000708700000, 0x0000000708700000, 0x0000000708800000|  0%| F|  |TAMS 0x0000000708700000, 0x0000000708700000| Untracked 
| 108|0x0000000708800000, 0x0000000708800000, 0x0000000708900000|  0%| F|  |TAMS 0x0000000708800000, 0x0000000708800000| Untracked 
| 109|0x0000000708900000, 0x0000000708900000, 0x0000000708a00000|  0%| F|  |TAMS 0x0000000708900000, 0x0000000708900000| Untracked 
| 110|0x0000000708a00000, 0x0000000708a00000, 0x0000000708b00000|  0%| F|  |TAMS 0x0000000708a00000, 0x0000000708a00000| Untracked 
| 111|0x0000000708b00000, 0x0000000708b00000, 0x0000000708c00000|  0%| F|  |TAMS 0x0000000708b00000, 0x0000000708b00000| Untracked 
| 112|0x0000000708c00000, 0x0000000708c00000, 0x0000000708d00000|  0%| F|  |TAMS 0x0000000708c00000, 0x0000000708c00000| Untracked 
| 113|0x0000000708d00000, 0x0000000708d00000, 0x0000000708e00000|  0%| F|  |TAMS 0x0000000708d00000, 0x0000000708d00000| Untracked 
| 114|0x0000000708e00000, 0x0000000708e00000, 0x0000000708f00000|  0%| F|  |TAMS 0x0000000708e00000, 0x0000000708e00000| Untracked 
| 115|0x0000000708f00000, 0x0000000708f00000, 0x0000000709000000|  0%| F|  |TAMS 0x0000000708f00000, 0x0000000708f00000| Untracked 
| 116|0x0000000709000000, 0x0000000709000000, 0x0000000709100000|  0%| F|  |TAMS 0x0000000709000000, 0x0000000709000000| Untracked 
| 117|0x0000000709100000, 0x0000000709100000, 0x0000000709200000|  0%| F|  |TAMS 0x0000000709100000, 0x0000000709100000| Untracked 
| 118|0x0000000709200000, 0x0000000709200000, 0x0000000709300000|  0%| F|  |TAMS 0x0000000709200000, 0x0000000709200000| Untracked 
| 119|0x0000000709300000, 0x0000000709300000, 0x0000000709400000|  0%| F|  |TAMS 0x0000000709300000, 0x0000000709300000| Untracked 
| 120|0x0000000709400000, 0x0000000709400000, 0x0000000709500000|  0%| F|  |TAMS 0x0000000709400000, 0x0000000709400000| Untracked 
| 121|0x0000000709500000, 0x0000000709500000, 0x0000000709600000|  0%| F|  |TAMS 0x0000000709500000, 0x0000000709500000| Untracked 
| 122|0x0000000709600000, 0x0000000709600000, 0x0000000709700000|  0%| F|  |TAMS 0x0000000709600000, 0x0000000709600000| Untracked 
| 123|0x0000000709700000, 0x0000000709700000, 0x0000000709800000|  0%| F|  |TAMS 0x0000000709700000, 0x0000000709700000| Untracked 
| 124|0x0000000709800000, 0x0000000709800000, 0x0000000709900000|  0%| F|  |TAMS 0x0000000709800000, 0x0000000709800000| Untracked 
| 125|0x0000000709900000, 0x0000000709900000, 0x0000000709a00000|  0%| F|  |TAMS 0x0000000709900000, 0x0000000709900000| Untracked 
| 126|0x0000000709a00000, 0x0000000709a00000, 0x0000000709b00000|  0%| F|  |TAMS 0x0000000709a00000, 0x0000000709a00000| Untracked 
| 127|0x0000000709b00000, 0x0000000709b00000, 0x0000000709c00000|  0%| F|  |TAMS 0x0000000709b00000, 0x0000000709b00000| Untracked 
| 128|0x0000000709c00000, 0x0000000709c00000, 0x0000000709d00000|  0%| F|  |TAMS 0x0000000709c00000, 0x0000000709c00000| Untracked 
| 129|0x0000000709d00000, 0x0000000709d00000, 0x0000000709e00000|  0%| F|  |TAMS 0x0000000709d00000, 0x0000000709d00000| Untracked 
| 130|0x0000000709e00000, 0x0000000709e00000, 0x0000000709f00000|  0%| F|  |TAMS 0x0000000709e00000, 0x0000000709e00000| Untracked 
| 131|0x0000000709f00000, 0x0000000709f00000, 0x000000070a000000|  0%| F|  |TAMS 0x0000000709f00000, 0x0000000709f00000| Untracked 
| 132|0x000000070a000000, 0x000000070a000000, 0x000000070a100000|  0%| F|  |TAMS 0x000000070a000000, 0x000000070a000000| Untracked 
| 133|0x000000070a100000, 0x000000070a100000, 0x000000070a200000|  0%| F|  |TAMS 0x000000070a100000, 0x000000070a100000| Untracked 
| 134|0x000000070a200000, 0x000000070a200000, 0x000000070a300000|  0%| F|  |TAMS 0x000000070a200000, 0x000000070a200000| Untracked 
| 135|0x000000070a300000, 0x000000070a300000, 0x000000070a400000|  0%| F|  |TAMS 0x000000070a300000, 0x000000070a300000| Untracked 
| 136|0x000000070a400000, 0x000000070a400000, 0x000000070a500000|  0%| F|  |TAMS 0x000000070a400000, 0x000000070a400000| Untracked 
| 137|0x000000070a500000, 0x000000070a500000, 0x000000070a600000|  0%| F|  |TAMS 0x000000070a500000, 0x000000070a500000| Untracked 
| 138|0x000000070a600000, 0x000000070a600000, 0x000000070a700000|  0%| F|  |TAMS 0x000000070a600000, 0x000000070a600000| Untracked 
| 139|0x000000070a700000, 0x000000070a700000, 0x000000070a800000|  0%| F|  |TAMS 0x000000070a700000, 0x000000070a700000| Untracked 
| 140|0x000000070a800000, 0x000000070a800000, 0x000000070a900000|  0%| F|  |TAMS 0x000000070a800000, 0x000000070a800000| Untracked 
| 141|0x000000070a900000, 0x000000070a900000, 0x000000070aa00000|  0%| F|  |TAMS 0x000000070a900000, 0x000000070a900000| Untracked 
| 142|0x000000070aa00000, 0x000000070aa00000, 0x000000070ab00000|  0%| F|  |TAMS 0x000000070aa00000, 0x000000070aa00000| Untracked 
| 143|0x000000070ab00000, 0x000000070ab00000, 0x000000070ac00000|  0%| F|  |TAMS 0x000000070ab00000, 0x000000070ab00000| Untracked 
| 144|0x000000070ac00000, 0x000000070ac00000, 0x000000070ad00000|  0%| F|  |TAMS 0x000000070ac00000, 0x000000070ac00000| Untracked 
| 145|0x000000070ad00000, 0x000000070ad00000, 0x000000070ae00000|  0%| F|  |TAMS 0x000000070ad00000, 0x000000070ad00000| Untracked 
| 146|0x000000070ae00000, 0x000000070af00000, 0x000000070af00000|100%| S|CS|TAMS 0x000000070ae00000, 0x000000070ae00000| Complete 
| 147|0x000000070af00000, 0x000000070b000000, 0x000000070b000000|100%| S|CS|TAMS 0x000000070af00000, 0x000000070af00000| Complete 
| 148|0x000000070b000000, 0x000000070b000000, 0x000000070b100000|  0%| F|  |TAMS 0x000000070b000000, 0x000000070b000000| Untracked 
| 149|0x000000070b100000, 0x000000070b100000, 0x000000070b200000|  0%| F|  |TAMS 0x000000070b100000, 0x000000070b100000| Untracked 
| 150|0x000000070b200000, 0x000000070b200000, 0x000000070b300000|  0%| F|  |TAMS 0x000000070b200000, 0x000000070b200000| Untracked 
| 151|0x000000070b300000, 0x000000070b300000, 0x000000070b400000|  0%| F|  |TAMS 0x000000070b300000, 0x000000070b300000| Untracked 
| 152|0x000000070b400000, 0x000000070b400000, 0x000000070b500000|  0%| F|  |TAMS 0x000000070b400000, 0x000000070b400000| Untracked 
| 153|0x000000070b500000, 0x000000070b500000, 0x000000070b600000|  0%| F|  |TAMS 0x000000070b500000, 0x000000070b500000| Untracked 
| 154|0x000000070b600000, 0x000000070b600000, 0x000000070b700000|  0%| F|  |TAMS 0x000000070b600000, 0x000000070b600000| Untracked 
| 155|0x000000070b700000, 0x000000070b700000, 0x000000070b800000|  0%| F|  |TAMS 0x000000070b700000, 0x000000070b700000| Untracked 
| 156|0x000000070b800000, 0x000000070b800000, 0x000000070b900000|  0%| F|  |TAMS 0x000000070b800000, 0x000000070b800000| Untracked 
| 157|0x000000070b900000, 0x000000070b900000, 0x000000070ba00000|  0%| F|  |TAMS 0x000000070b900000, 0x000000070b900000| Untracked 
| 158|0x000000070ba00000, 0x000000070ba00000, 0x000000070bb00000|  0%| F|  |TAMS 0x000000070ba00000, 0x000000070ba00000| Untracked 
| 159|0x000000070bb00000, 0x000000070bb00000, 0x000000070bc00000|  0%| F|  |TAMS 0x000000070bb00000, 0x000000070bb00000| Untracked 
| 160|0x000000070bc00000, 0x000000070bc00000, 0x000000070bd00000|  0%| F|  |TAMS 0x000000070bc00000, 0x000000070bc00000| Untracked 
| 161|0x000000070bd00000, 0x000000070bd00000, 0x000000070be00000|  0%| F|  |TAMS 0x000000070bd00000, 0x000000070bd00000| Untracked 
| 162|0x000000070be00000, 0x000000070be00000, 0x000000070bf00000|  0%| F|  |TAMS 0x000000070be00000, 0x000000070be00000| Untracked 
| 163|0x000000070bf00000, 0x000000070bf00000, 0x000000070c000000|  0%| F|  |TAMS 0x000000070bf00000, 0x000000070bf00000| Untracked 
| 164|0x000000070c000000, 0x000000070c000000, 0x000000070c100000|  0%| F|  |TAMS 0x000000070c000000, 0x000000070c000000| Untracked 
| 165|0x000000070c100000, 0x000000070c100000, 0x000000070c200000|  0%| F|  |TAMS 0x000000070c100000, 0x000000070c100000| Untracked 
| 166|0x000000070c200000, 0x000000070c200000, 0x000000070c300000|  0%| F|  |TAMS 0x000000070c200000, 0x000000070c200000| Untracked 
| 167|0x000000070c300000, 0x000000070c300000, 0x000000070c400000|  0%| F|  |TAMS 0x000000070c300000, 0x000000070c300000| Untracked 
| 168|0x000000070c400000, 0x000000070c400000, 0x000000070c500000|  0%| F|  |TAMS 0x000000070c400000, 0x000000070c400000| Untracked 
| 169|0x000000070c500000, 0x000000070c500000, 0x000000070c600000|  0%| F|  |TAMS 0x000000070c500000, 0x000000070c500000| Untracked 
| 170|0x000000070c600000, 0x000000070c600000, 0x000000070c700000|  0%| F|  |TAMS 0x000000070c600000, 0x000000070c600000| Untracked 
| 171|0x000000070c700000, 0x000000070c700000, 0x000000070c800000|  0%| F|  |TAMS 0x000000070c700000, 0x000000070c700000| Untracked 
| 172|0x000000070c800000, 0x000000070c800000, 0x000000070c900000|  0%| F|  |TAMS 0x000000070c800000, 0x000000070c800000| Untracked 
| 173|0x000000070c900000, 0x000000070c900000, 0x000000070ca00000|  0%| F|  |TAMS 0x000000070c900000, 0x000000070c900000| Untracked 
| 174|0x000000070ca00000, 0x000000070ca00000, 0x000000070cb00000|  0%| F|  |TAMS 0x000000070ca00000, 0x000000070ca00000| Untracked 
| 175|0x000000070cb00000, 0x000000070cb00000, 0x000000070cc00000|  0%| F|  |TAMS 0x000000070cb00000, 0x000000070cb00000| Untracked 
| 176|0x000000070cc00000, 0x000000070cc00000, 0x000000070cd00000|  0%| F|  |TAMS 0x000000070cc00000, 0x000000070cc00000| Untracked 
| 177|0x000000070cd00000, 0x000000070cd00000, 0x000000070ce00000|  0%| F|  |TAMS 0x000000070cd00000, 0x000000070cd00000| Untracked 
| 178|0x000000070ce00000, 0x000000070ce00000, 0x000000070cf00000|  0%| F|  |TAMS 0x000000070ce00000, 0x000000070ce00000| Untracked 
| 179|0x000000070cf00000, 0x000000070cf00000, 0x000000070d000000|  0%| F|  |TAMS 0x000000070cf00000, 0x000000070cf00000| Untracked 
| 180|0x000000070d000000, 0x000000070d000000, 0x000000070d100000|  0%| F|  |TAMS 0x000000070d000000, 0x000000070d000000| Untracked 
| 181|0x000000070d100000, 0x000000070d100000, 0x000000070d200000|  0%| F|  |TAMS 0x000000070d100000, 0x000000070d100000| Untracked 
| 182|0x000000070d200000, 0x000000070d200000, 0x000000070d300000|  0%| F|  |TAMS 0x000000070d200000, 0x000000070d200000| Untracked 
| 183|0x000000070d300000, 0x000000070d300000, 0x000000070d400000|  0%| F|  |TAMS 0x000000070d300000, 0x000000070d300000| Untracked 
| 184|0x000000070d400000, 0x000000070d400000, 0x000000070d500000|  0%| F|  |TAMS 0x000000070d400000, 0x000000070d400000| Untracked 
| 185|0x000000070d500000, 0x000000070d500000, 0x000000070d600000|  0%| F|  |TAMS 0x000000070d500000, 0x000000070d500000| Untracked 
| 186|0x000000070d600000, 0x000000070d600000, 0x000000070d700000|  0%| F|  |TAMS 0x000000070d600000, 0x000000070d600000| Untracked 
| 187|0x000000070d700000, 0x000000070d700000, 0x000000070d800000|  0%| F|  |TAMS 0x000000070d700000, 0x000000070d700000| Untracked 
| 188|0x000000070d800000, 0x000000070d800000, 0x000000070d900000|  0%| F|  |TAMS 0x000000070d800000, 0x000000070d800000| Untracked 
| 189|0x000000070d900000, 0x000000070d900000, 0x000000070da00000|  0%| F|  |TAMS 0x000000070d900000, 0x000000070d900000| Untracked 
| 190|0x000000070da00000, 0x000000070da00000, 0x000000070db00000|  0%| F|  |TAMS 0x000000070da00000, 0x000000070da00000| Untracked 
| 191|0x000000070db00000, 0x000000070db00000, 0x000000070dc00000|  0%| F|  |TAMS 0x000000070db00000, 0x000000070db00000| Untracked 
| 192|0x000000070dc00000, 0x000000070dc00000, 0x000000070dd00000|  0%| F|  |TAMS 0x000000070dc00000, 0x000000070dc00000| Untracked 
| 193|0x000000070dd00000, 0x000000070dd00000, 0x000000070de00000|  0%| F|  |TAMS 0x000000070dd00000, 0x000000070dd00000| Untracked 
| 194|0x000000070de00000, 0x000000070de00000, 0x000000070df00000|  0%| F|  |TAMS 0x000000070de00000, 0x000000070de00000| Untracked 
| 195|0x000000070df00000, 0x000000070df00000, 0x000000070e000000|  0%| F|  |TAMS 0x000000070df00000, 0x000000070df00000| Untracked 
| 196|0x000000070e000000, 0x000000070e000000, 0x000000070e100000|  0%| F|  |TAMS 0x000000070e000000, 0x000000070e000000| Untracked 
| 197|0x000000070e100000, 0x000000070e100000, 0x000000070e200000|  0%| F|  |TAMS 0x000000070e100000, 0x000000070e100000| Untracked 
| 198|0x000000070e200000, 0x000000070e200000, 0x000000070e300000|  0%| F|  |TAMS 0x000000070e200000, 0x000000070e200000| Untracked 
| 199|0x000000070e300000, 0x000000070e300000, 0x000000070e400000|  0%| F|  |TAMS 0x000000070e300000, 0x000000070e300000| Untracked 
| 200|0x000000070e400000, 0x000000070e400000, 0x000000070e500000|  0%| F|  |TAMS 0x000000070e400000, 0x000000070e400000| Untracked 
| 201|0x000000070e500000, 0x000000070e500000, 0x000000070e600000|  0%| F|  |TAMS 0x000000070e500000, 0x000000070e500000| Untracked 
| 202|0x000000070e600000, 0x000000070e600000, 0x000000070e700000|  0%| F|  |TAMS 0x000000070e600000, 0x000000070e600000| Untracked 
| 203|0x000000070e700000, 0x000000070e700000, 0x000000070e800000|  0%| F|  |TAMS 0x000000070e700000, 0x000000070e700000| Untracked 
| 204|0x000000070e800000, 0x000000070e800000, 0x000000070e900000|  0%| F|  |TAMS 0x000000070e800000, 0x000000070e800000| Untracked 
| 205|0x000000070e900000, 0x000000070e900000, 0x000000070ea00000|  0%| F|  |TAMS 0x000000070e900000, 0x000000070e900000| Untracked 
| 206|0x000000070ea00000, 0x000000070ea00000, 0x000000070eb00000|  0%| F|  |TAMS 0x000000070ea00000, 0x000000070ea00000| Untracked 
| 207|0x000000070eb00000, 0x000000070eb00000, 0x000000070ec00000|  0%| F|  |TAMS 0x000000070eb00000, 0x000000070eb00000| Untracked 
| 208|0x000000070ec00000, 0x000000070ec00000, 0x000000070ed00000|  0%| F|  |TAMS 0x000000070ec00000, 0x000000070ec00000| Untracked 
| 209|0x000000070ed00000, 0x000000070ed00000, 0x000000070ee00000|  0%| F|  |TAMS 0x000000070ed00000, 0x000000070ed00000| Untracked 
| 210|0x000000070ee00000, 0x000000070ee00000, 0x000000070ef00000|  0%| F|  |TAMS 0x000000070ee00000, 0x000000070ee00000| Untracked 
| 211|0x000000070ef00000, 0x000000070ef00000, 0x000000070f000000|  0%| F|  |TAMS 0x000000070ef00000, 0x000000070ef00000| Untracked 
| 212|0x000000070f000000, 0x000000070f000000, 0x000000070f100000|  0%| F|  |TAMS 0x000000070f000000, 0x000000070f000000| Untracked 
| 213|0x000000070f100000, 0x000000070f100000, 0x000000070f200000|  0%| F|  |TAMS 0x000000070f100000, 0x000000070f100000| Untracked 
| 214|0x000000070f200000, 0x000000070f200000, 0x000000070f300000|  0%| F|  |TAMS 0x000000070f200000, 0x000000070f200000| Untracked 
| 215|0x000000070f300000, 0x000000070f300000, 0x000000070f400000|  0%| F|  |TAMS 0x000000070f300000, 0x000000070f300000| Untracked 
| 216|0x000000070f400000, 0x000000070f400000, 0x000000070f500000|  0%| F|  |TAMS 0x000000070f400000, 0x000000070f400000| Untracked 
| 217|0x000000070f500000, 0x000000070f500000, 0x000000070f600000|  0%| F|  |TAMS 0x000000070f500000, 0x000000070f500000| Untracked 
| 218|0x000000070f600000, 0x000000070f600000, 0x000000070f700000|  0%| F|  |TAMS 0x000000070f600000, 0x000000070f600000| Untracked 
| 219|0x000000070f700000, 0x000000070f700000, 0x000000070f800000|  0%| F|  |TAMS 0x000000070f700000, 0x000000070f700000| Untracked 
| 220|0x000000070f800000, 0x000000070f800000, 0x000000070f900000|  0%| F|  |TAMS 0x000000070f800000, 0x000000070f800000| Untracked 
| 221|0x000000070f900000, 0x000000070f900000, 0x000000070fa00000|  0%| F|  |TAMS 0x000000070f900000, 0x000000070f900000| Untracked 
| 222|0x000000070fa00000, 0x000000070fa00000, 0x000000070fb00000|  0%| F|  |TAMS 0x000000070fa00000, 0x000000070fa00000| Untracked 
| 223|0x000000070fb00000, 0x000000070fb00000, 0x000000070fc00000|  0%| F|  |TAMS 0x000000070fb00000, 0x000000070fb00000| Untracked 
| 224|0x000000070fc00000, 0x000000070fc00000, 0x000000070fd00000|  0%| F|  |TAMS 0x000000070fc00000, 0x000000070fc00000| Untracked 
| 225|0x000000070fd00000, 0x000000070fd00000, 0x000000070fe00000|  0%| F|  |TAMS 0x000000070fd00000, 0x000000070fd00000| Untracked 
| 226|0x000000070fe00000, 0x000000070fe00000, 0x000000070ff00000|  0%| F|  |TAMS 0x000000070fe00000, 0x000000070fe00000| Untracked 
| 227|0x000000070ff00000, 0x000000070ff00000, 0x0000000710000000|  0%| F|  |TAMS 0x000000070ff00000, 0x000000070ff00000| Untracked 
| 228|0x0000000710000000, 0x0000000710000000, 0x0000000710100000|  0%| F|  |TAMS 0x0000000710000000, 0x0000000710000000| Untracked 
| 229|0x0000000710100000, 0x0000000710100000, 0x0000000710200000|  0%| F|  |TAMS 0x0000000710100000, 0x0000000710100000| Untracked 
| 230|0x0000000710200000, 0x0000000710200000, 0x0000000710300000|  0%| F|  |TAMS 0x0000000710200000, 0x0000000710200000| Untracked 
| 231|0x0000000710300000, 0x0000000710300000, 0x0000000710400000|  0%| F|  |TAMS 0x0000000710300000, 0x0000000710300000| Untracked 
| 232|0x0000000710400000, 0x0000000710400000, 0x0000000710500000|  0%| F|  |TAMS 0x0000000710400000, 0x0000000710400000| Untracked 
| 233|0x0000000710500000, 0x0000000710500000, 0x0000000710600000|  0%| F|  |TAMS 0x0000000710500000, 0x0000000710500000| Untracked 
| 234|0x0000000710600000, 0x0000000710600000, 0x0000000710700000|  0%| F|  |TAMS 0x0000000710600000, 0x0000000710600000| Untracked 
| 235|0x0000000710700000, 0x0000000710700000, 0x0000000710800000|  0%| F|  |TAMS 0x0000000710700000, 0x0000000710700000| Untracked 
| 236|0x0000000710800000, 0x0000000710800000, 0x0000000710900000|  0%| F|  |TAMS 0x0000000710800000, 0x0000000710800000| Untracked 
| 237|0x0000000710900000, 0x0000000710900000, 0x0000000710a00000|  0%| F|  |TAMS 0x0000000710900000, 0x0000000710900000| Untracked 
| 238|0x0000000710a00000, 0x0000000710a00000, 0x0000000710b00000|  0%| F|  |TAMS 0x0000000710a00000, 0x0000000710a00000| Untracked 
| 239|0x0000000710b00000, 0x0000000710b00000, 0x0000000710c00000|  0%| F|  |TAMS 0x0000000710b00000, 0x0000000710b00000| Untracked 
| 240|0x0000000710c00000, 0x0000000710c00000, 0x0000000710d00000|  0%| F|  |TAMS 0x0000000710c00000, 0x0000000710c00000| Untracked 
| 241|0x0000000710d00000, 0x0000000710d00000, 0x0000000710e00000|  0%| F|  |TAMS 0x0000000710d00000, 0x0000000710d00000| Untracked 
| 242|0x0000000710e00000, 0x0000000710e00000, 0x0000000710f00000|  0%| F|  |TAMS 0x0000000710e00000, 0x0000000710e00000| Untracked 
| 243|0x0000000710f00000, 0x0000000710f00000, 0x0000000711000000|  0%| F|  |TAMS 0x0000000710f00000, 0x0000000710f00000| Untracked 
| 244|0x0000000711000000, 0x0000000711000000, 0x0000000711100000|  0%| F|  |TAMS 0x0000000711000000, 0x0000000711000000| Untracked 
| 245|0x0000000711100000, 0x0000000711100000, 0x0000000711200000|  0%| F|  |TAMS 0x0000000711100000, 0x0000000711100000| Untracked 
| 246|0x0000000711200000, 0x0000000711200000, 0x0000000711300000|  0%| F|  |TAMS 0x0000000711200000, 0x0000000711200000| Untracked 
| 247|0x0000000711300000, 0x0000000711300000, 0x0000000711400000|  0%| F|  |TAMS 0x0000000711300000, 0x0000000711300000| Untracked 
| 248|0x0000000711400000, 0x0000000711400000, 0x0000000711500000|  0%| F|  |TAMS 0x0000000711400000, 0x0000000711400000| Untracked 
| 249|0x0000000711500000, 0x0000000711500000, 0x0000000711600000|  0%| F|  |TAMS 0x0000000711500000, 0x0000000711500000| Untracked 
| 250|0x0000000711600000, 0x0000000711600000, 0x0000000711700000|  0%| F|  |TAMS 0x0000000711600000, 0x0000000711600000| Untracked 
| 251|0x0000000711700000, 0x0000000711700000, 0x0000000711800000|  0%| F|  |TAMS 0x0000000711700000, 0x0000000711700000| Untracked 
| 252|0x0000000711800000, 0x0000000711800000, 0x0000000711900000|  0%| F|  |TAMS 0x0000000711800000, 0x0000000711800000| Untracked 
| 253|0x0000000711900000, 0x0000000711900000, 0x0000000711a00000|  0%| F|  |TAMS 0x0000000711900000, 0x0000000711900000| Untracked 
| 254|0x0000000711a00000, 0x0000000711a00000, 0x0000000711b00000|  0%| F|  |TAMS 0x0000000711a00000, 0x0000000711a00000| Untracked 
| 255|0x0000000711b00000, 0x0000000711b00000, 0x0000000711c00000|  0%| F|  |TAMS 0x0000000711b00000, 0x0000000711b00000| Untracked 
| 256|0x0000000711c00000, 0x0000000711c00000, 0x0000000711d00000|  0%| F|  |TAMS 0x0000000711c00000, 0x0000000711c00000| Untracked 
| 257|0x0000000711d00000, 0x0000000711d00000, 0x0000000711e00000|  0%| F|  |TAMS 0x0000000711d00000, 0x0000000711d00000| Untracked 
| 258|0x0000000711e00000, 0x0000000711e00000, 0x0000000711f00000|  0%| F|  |TAMS 0x0000000711e00000, 0x0000000711e00000| Untracked 
| 259|0x0000000711f00000, 0x0000000711f00000, 0x0000000712000000|  0%| F|  |TAMS 0x0000000711f00000, 0x0000000711f00000| Untracked 
| 260|0x0000000712000000, 0x0000000712000000, 0x0000000712100000|  0%| F|  |TAMS 0x0000000712000000, 0x0000000712000000| Untracked 
| 261|0x0000000712100000, 0x0000000712100000, 0x0000000712200000|  0%| F|  |TAMS 0x0000000712100000, 0x0000000712100000| Untracked 
| 262|0x0000000712200000, 0x0000000712200000, 0x0000000712300000|  0%| F|  |TAMS 0x0000000712200000, 0x0000000712200000| Untracked 
| 263|0x0000000712300000, 0x0000000712300000, 0x0000000712400000|  0%| F|  |TAMS 0x0000000712300000, 0x0000000712300000| Untracked 
| 264|0x0000000712400000, 0x0000000712400000, 0x0000000712500000|  0%| F|  |TAMS 0x0000000712400000, 0x0000000712400000| Untracked 
| 265|0x0000000712500000, 0x0000000712500000, 0x0000000712600000|  0%| F|  |TAMS 0x0000000712500000, 0x0000000712500000| Untracked 
| 266|0x0000000712600000, 0x0000000712600000, 0x0000000712700000|  0%| F|  |TAMS 0x0000000712600000, 0x0000000712600000| Untracked 
| 267|0x0000000712700000, 0x0000000712700000, 0x0000000712800000|  0%| F|  |TAMS 0x0000000712700000, 0x0000000712700000| Untracked 
| 268|0x0000000712800000, 0x0000000712800000, 0x0000000712900000|  0%| F|  |TAMS 0x0000000712800000, 0x0000000712800000| Untracked 
| 269|0x0000000712900000, 0x0000000712900000, 0x0000000712a00000|  0%| F|  |TAMS 0x0000000712900000, 0x0000000712900000| Untracked 
| 270|0x0000000712a00000, 0x0000000712a00000, 0x0000000712b00000|  0%| F|  |TAMS 0x0000000712a00000, 0x0000000712a00000| Untracked 
| 271|0x0000000712b00000, 0x0000000712b00000, 0x0000000712c00000|  0%| F|  |TAMS 0x0000000712b00000, 0x0000000712b00000| Untracked 
| 272|0x0000000712c00000, 0x0000000712c00000, 0x0000000712d00000|  0%| F|  |TAMS 0x0000000712c00000, 0x0000000712c00000| Untracked 
| 273|0x0000000712d00000, 0x0000000712d00000, 0x0000000712e00000|  0%| F|  |TAMS 0x0000000712d00000, 0x0000000712d00000| Untracked 
| 274|0x0000000712e00000, 0x0000000712e00000, 0x0000000712f00000|  0%| F|  |TAMS 0x0000000712e00000, 0x0000000712e00000| Untracked 
| 275|0x0000000712f00000, 0x0000000712f00000, 0x0000000713000000|  0%| F|  |TAMS 0x0000000712f00000, 0x0000000712f00000| Untracked 
| 276|0x0000000713000000, 0x0000000713000000, 0x0000000713100000|  0%| F|  |TAMS 0x0000000713000000, 0x0000000713000000| Untracked 
| 277|0x0000000713100000, 0x0000000713100000, 0x0000000713200000|  0%| F|  |TAMS 0x0000000713100000, 0x0000000713100000| Untracked 
| 278|0x0000000713200000, 0x0000000713200000, 0x0000000713300000|  0%| F|  |TAMS 0x0000000713200000, 0x0000000713200000| Untracked 
| 279|0x0000000713300000, 0x0000000713300000, 0x0000000713400000|  0%| F|  |TAMS 0x0000000713300000, 0x0000000713300000| Untracked 
| 280|0x0000000713400000, 0x0000000713400000, 0x0000000713500000|  0%| F|  |TAMS 0x0000000713400000, 0x0000000713400000| Untracked 
| 281|0x0000000713500000, 0x0000000713500000, 0x0000000713600000|  0%| F|  |TAMS 0x0000000713500000, 0x0000000713500000| Untracked 
| 282|0x0000000713600000, 0x0000000713600000, 0x0000000713700000|  0%| F|  |TAMS 0x0000000713600000, 0x0000000713600000| Untracked 
| 283|0x0000000713700000, 0x0000000713700000, 0x0000000713800000|  0%| F|  |TAMS 0x0000000713700000, 0x0000000713700000| Untracked 
| 284|0x0000000713800000, 0x0000000713800000, 0x0000000713900000|  0%| F|  |TAMS 0x0000000713800000, 0x0000000713800000| Untracked 
| 285|0x0000000713900000, 0x0000000713900000, 0x0000000713a00000|  0%| F|  |TAMS 0x0000000713900000, 0x0000000713900000| Untracked 
| 286|0x0000000713a00000, 0x0000000713a00000, 0x0000000713b00000|  0%| F|  |TAMS 0x0000000713a00000, 0x0000000713a00000| Untracked 
| 287|0x0000000713b00000, 0x0000000713b00000, 0x0000000713c00000|  0%| F|  |TAMS 0x0000000713b00000, 0x0000000713b00000| Untracked 
| 288|0x0000000713c00000, 0x0000000713c00000, 0x0000000713d00000|  0%| F|  |TAMS 0x0000000713c00000, 0x0000000713c00000| Untracked 
| 289|0x0000000713d00000, 0x0000000713d00000, 0x0000000713e00000|  0%| F|  |TAMS 0x0000000713d00000, 0x0000000713d00000| Untracked 
| 290|0x0000000713e00000, 0x0000000713e00000, 0x0000000713f00000|  0%| F|  |TAMS 0x0000000713e00000, 0x0000000713e00000| Untracked 
| 291|0x0000000713f00000, 0x0000000713f00000, 0x0000000714000000|  0%| F|  |TAMS 0x0000000713f00000, 0x0000000713f00000| Untracked 
| 292|0x0000000714000000, 0x0000000714000000, 0x0000000714100000|  0%| F|  |TAMS 0x0000000714000000, 0x0000000714000000| Untracked 
| 293|0x0000000714100000, 0x0000000714100000, 0x0000000714200000|  0%| F|  |TAMS 0x0000000714100000, 0x0000000714100000| Untracked 
| 294|0x0000000714200000, 0x0000000714200000, 0x0000000714300000|  0%| F|  |TAMS 0x0000000714200000, 0x0000000714200000| Untracked 
| 295|0x0000000714300000, 0x0000000714300000, 0x0000000714400000|  0%| F|  |TAMS 0x0000000714300000, 0x0000000714300000| Untracked 
| 296|0x0000000714400000, 0x0000000714400000, 0x0000000714500000|  0%| F|  |TAMS 0x0000000714400000, 0x0000000714400000| Untracked 
| 297|0x0000000714500000, 0x0000000714500000, 0x0000000714600000|  0%| F|  |TAMS 0x0000000714500000, 0x0000000714500000| Untracked 
| 298|0x0000000714600000, 0x0000000714600000, 0x0000000714700000|  0%| F|  |TAMS 0x0000000714600000, 0x0000000714600000| Untracked 
| 299|0x0000000714700000, 0x0000000714700000, 0x0000000714800000|  0%| F|  |TAMS 0x0000000714700000, 0x0000000714700000| Untracked 
| 300|0x0000000714800000, 0x0000000714800000, 0x0000000714900000|  0%| F|  |TAMS 0x0000000714800000, 0x0000000714800000| Untracked 
| 301|0x0000000714900000, 0x0000000714900000, 0x0000000714a00000|  0%| F|  |TAMS 0x0000000714900000, 0x0000000714900000| Untracked 
| 302|0x0000000714a00000, 0x0000000714a00000, 0x0000000714b00000|  0%| F|  |TAMS 0x0000000714a00000, 0x0000000714a00000| Untracked 
| 303|0x0000000714b00000, 0x0000000714b00000, 0x0000000714c00000|  0%| F|  |TAMS 0x0000000714b00000, 0x0000000714b00000| Untracked 
| 304|0x0000000714c00000, 0x0000000714c00000, 0x0000000714d00000|  0%| F|  |TAMS 0x0000000714c00000, 0x0000000714c00000| Untracked 
| 305|0x0000000714d00000, 0x0000000714d00000, 0x0000000714e00000|  0%| F|  |TAMS 0x0000000714d00000, 0x0000000714d00000| Untracked 
| 306|0x0000000714e00000, 0x0000000714e00000, 0x0000000714f00000|  0%| F|  |TAMS 0x0000000714e00000, 0x0000000714e00000| Untracked 
| 307|0x0000000714f00000, 0x0000000714f00000, 0x0000000715000000|  0%| F|  |TAMS 0x0000000714f00000, 0x0000000714f00000| Untracked 
| 308|0x0000000715000000, 0x0000000715000000, 0x0000000715100000|  0%| F|  |TAMS 0x0000000715000000, 0x0000000715000000| Untracked 
| 309|0x0000000715100000, 0x0000000715100000, 0x0000000715200000|  0%| F|  |TAMS 0x0000000715100000, 0x0000000715100000| Untracked 
| 310|0x0000000715200000, 0x0000000715200000, 0x0000000715300000|  0%| F|  |TAMS 0x0000000715200000, 0x0000000715200000| Untracked 
| 311|0x0000000715300000, 0x0000000715300000, 0x0000000715400000|  0%| F|  |TAMS 0x0000000715300000, 0x0000000715300000| Untracked 
| 312|0x0000000715400000, 0x0000000715400000, 0x0000000715500000|  0%| F|  |TAMS 0x0000000715400000, 0x0000000715400000| Untracked 
| 313|0x0000000715500000, 0x0000000715500000, 0x0000000715600000|  0%| F|  |TAMS 0x0000000715500000, 0x0000000715500000| Untracked 
| 314|0x0000000715600000, 0x0000000715600000, 0x0000000715700000|  0%| F|  |TAMS 0x0000000715600000, 0x0000000715600000| Untracked 
| 315|0x0000000715700000, 0x0000000715700000, 0x0000000715800000|  0%| F|  |TAMS 0x0000000715700000, 0x0000000715700000| Untracked 
| 316|0x0000000715800000, 0x0000000715800000, 0x0000000715900000|  0%| F|  |TAMS 0x0000000715800000, 0x0000000715800000| Untracked 
| 317|0x0000000715900000, 0x0000000715900000, 0x0000000715a00000|  0%| F|  |TAMS 0x0000000715900000, 0x0000000715900000| Untracked 
| 318|0x0000000715a00000, 0x0000000715a00000, 0x0000000715b00000|  0%| F|  |TAMS 0x0000000715a00000, 0x0000000715a00000| Untracked 
| 319|0x0000000715b00000, 0x0000000715b00000, 0x0000000715c00000|  0%| F|  |TAMS 0x0000000715b00000, 0x0000000715b00000| Untracked 
| 320|0x0000000715c00000, 0x0000000715c00000, 0x0000000715d00000|  0%| F|  |TAMS 0x0000000715c00000, 0x0000000715c00000| Untracked 
| 321|0x0000000715d00000, 0x0000000715d00000, 0x0000000715e00000|  0%| F|  |TAMS 0x0000000715d00000, 0x0000000715d00000| Untracked 
| 322|0x0000000715e00000, 0x0000000715e00000, 0x0000000715f00000|  0%| F|  |TAMS 0x0000000715e00000, 0x0000000715e00000| Untracked 
| 323|0x0000000715f00000, 0x0000000715f00000, 0x0000000716000000|  0%| F|  |TAMS 0x0000000715f00000, 0x0000000715f00000| Untracked 
| 324|0x0000000716000000, 0x0000000716000000, 0x0000000716100000|  0%| F|  |TAMS 0x0000000716000000, 0x0000000716000000| Untracked 
| 325|0x0000000716100000, 0x0000000716100000, 0x0000000716200000|  0%| F|  |TAMS 0x0000000716100000, 0x0000000716100000| Untracked 
| 326|0x0000000716200000, 0x0000000716200000, 0x0000000716300000|  0%| F|  |TAMS 0x0000000716200000, 0x0000000716200000| Untracked 
| 327|0x0000000716300000, 0x0000000716300000, 0x0000000716400000|  0%| F|  |TAMS 0x0000000716300000, 0x0000000716300000| Untracked 
| 328|0x0000000716400000, 0x0000000716400000, 0x0000000716500000|  0%| F|  |TAMS 0x0000000716400000, 0x0000000716400000| Untracked 
| 329|0x0000000716500000, 0x0000000716500000, 0x0000000716600000|  0%| F|  |TAMS 0x0000000716500000, 0x0000000716500000| Untracked 
| 330|0x0000000716600000, 0x0000000716600000, 0x0000000716700000|  0%| F|  |TAMS 0x0000000716600000, 0x0000000716600000| Untracked 
| 331|0x0000000716700000, 0x0000000716700000, 0x0000000716800000|  0%| F|  |TAMS 0x0000000716700000, 0x0000000716700000| Untracked 
| 332|0x0000000716800000, 0x0000000716800000, 0x0000000716900000|  0%| F|  |TAMS 0x0000000716800000, 0x0000000716800000| Untracked 
| 333|0x0000000716900000, 0x0000000716900000, 0x0000000716a00000|  0%| F|  |TAMS 0x0000000716900000, 0x0000000716900000| Untracked 
| 334|0x0000000716a00000, 0x0000000716a00000, 0x0000000716b00000|  0%| F|  |TAMS 0x0000000716a00000, 0x0000000716a00000| Untracked 
| 335|0x0000000716b00000, 0x0000000716b00000, 0x0000000716c00000|  0%| F|  |TAMS 0x0000000716b00000, 0x0000000716b00000| Untracked 
| 336|0x0000000716c00000, 0x0000000716c00000, 0x0000000716d00000|  0%| F|  |TAMS 0x0000000716c00000, 0x0000000716c00000| Untracked 
| 337|0x0000000716d00000, 0x0000000716d00000, 0x0000000716e00000|  0%| F|  |TAMS 0x0000000716d00000, 0x0000000716d00000| Untracked 
| 338|0x0000000716e00000, 0x0000000716e00000, 0x0000000716f00000|  0%| F|  |TAMS 0x0000000716e00000, 0x0000000716e00000| Untracked 
| 339|0x0000000716f00000, 0x0000000716f00000, 0x0000000717000000|  0%| F|  |TAMS 0x0000000716f00000, 0x0000000716f00000| Untracked 
| 340|0x0000000717000000, 0x0000000717000000, 0x0000000717100000|  0%| F|  |TAMS 0x0000000717000000, 0x0000000717000000| Untracked 
| 341|0x0000000717100000, 0x0000000717100000, 0x0000000717200000|  0%| F|  |TAMS 0x0000000717100000, 0x0000000717100000| Untracked 
| 342|0x0000000717200000, 0x0000000717200000, 0x0000000717300000|  0%| F|  |TAMS 0x0000000717200000, 0x0000000717200000| Untracked 
| 343|0x0000000717300000, 0x0000000717300000, 0x0000000717400000|  0%| F|  |TAMS 0x0000000717300000, 0x0000000717300000| Untracked 
| 344|0x0000000717400000, 0x0000000717400000, 0x0000000717500000|  0%| F|  |TAMS 0x0000000717400000, 0x0000000717400000| Untracked 
| 345|0x0000000717500000, 0x0000000717500000, 0x0000000717600000|  0%| F|  |TAMS 0x0000000717500000, 0x0000000717500000| Untracked 
| 346|0x0000000717600000, 0x0000000717600000, 0x0000000717700000|  0%| F|  |TAMS 0x0000000717600000, 0x0000000717600000| Untracked 
| 347|0x0000000717700000, 0x0000000717700000, 0x0000000717800000|  0%| F|  |TAMS 0x0000000717700000, 0x0000000717700000| Untracked 
| 348|0x0000000717800000, 0x0000000717800000, 0x0000000717900000|  0%| F|  |TAMS 0x0000000717800000, 0x0000000717800000| Untracked 
| 349|0x0000000717900000, 0x0000000717900000, 0x0000000717a00000|  0%| F|  |TAMS 0x0000000717900000, 0x0000000717900000| Untracked 
| 350|0x0000000717a00000, 0x0000000717a00000, 0x0000000717b00000|  0%| F|  |TAMS 0x0000000717a00000, 0x0000000717a00000| Untracked 
| 351|0x0000000717b00000, 0x0000000717b00000, 0x0000000717c00000|  0%| F|  |TAMS 0x0000000717b00000, 0x0000000717b00000| Untracked 
| 352|0x0000000717c00000, 0x0000000717c00000, 0x0000000717d00000|  0%| F|  |TAMS 0x0000000717c00000, 0x0000000717c00000| Untracked 
| 353|0x0000000717d00000, 0x0000000717d00000, 0x0000000717e00000|  0%| F|  |TAMS 0x0000000717d00000, 0x0000000717d00000| Untracked 
| 354|0x0000000717e00000, 0x0000000717e00000, 0x0000000717f00000|  0%| F|  |TAMS 0x0000000717e00000, 0x0000000717e00000| Untracked 
| 355|0x0000000717f00000, 0x0000000717f00000, 0x0000000718000000|  0%| F|  |TAMS 0x0000000717f00000, 0x0000000717f00000| Untracked 
| 356|0x0000000718000000, 0x0000000718000000, 0x0000000718100000|  0%| F|  |TAMS 0x0000000718000000, 0x0000000718000000| Untracked 
| 357|0x0000000718100000, 0x0000000718100000, 0x0000000718200000|  0%| F|  |TAMS 0x0000000718100000, 0x0000000718100000| Untracked 
| 358|0x0000000718200000, 0x0000000718200000, 0x0000000718300000|  0%| F|  |TAMS 0x0000000718200000, 0x0000000718200000| Untracked 
| 359|0x0000000718300000, 0x0000000718300000, 0x0000000718400000|  0%| F|  |TAMS 0x0000000718300000, 0x0000000718300000| Untracked 
| 360|0x0000000718400000, 0x0000000718400000, 0x0000000718500000|  0%| F|  |TAMS 0x0000000718400000, 0x0000000718400000| Untracked 
| 361|0x0000000718500000, 0x0000000718500000, 0x0000000718600000|  0%| F|  |TAMS 0x0000000718500000, 0x0000000718500000| Untracked 
| 362|0x0000000718600000, 0x0000000718600000, 0x0000000718700000|  0%| F|  |TAMS 0x0000000718600000, 0x0000000718600000| Untracked 
| 363|0x0000000718700000, 0x0000000718700000, 0x0000000718800000|  0%| F|  |TAMS 0x0000000718700000, 0x0000000718700000| Untracked 
| 364|0x0000000718800000, 0x0000000718800000, 0x0000000718900000|  0%| F|  |TAMS 0x0000000718800000, 0x0000000718800000| Untracked 
| 365|0x0000000718900000, 0x0000000718900000, 0x0000000718a00000|  0%| F|  |TAMS 0x0000000718900000, 0x0000000718900000| Untracked 
| 366|0x0000000718a00000, 0x0000000718a00000, 0x0000000718b00000|  0%| F|  |TAMS 0x0000000718a00000, 0x0000000718a00000| Untracked 
| 367|0x0000000718b00000, 0x0000000718b00000, 0x0000000718c00000|  0%| F|  |TAMS 0x0000000718b00000, 0x0000000718b00000| Untracked 
| 368|0x0000000718c00000, 0x0000000718c00000, 0x0000000718d00000|  0%| F|  |TAMS 0x0000000718c00000, 0x0000000718c00000| Untracked 
| 369|0x0000000718d00000, 0x0000000718d00000, 0x0000000718e00000|  0%| F|  |TAMS 0x0000000718d00000, 0x0000000718d00000| Untracked 

Card table byte_map: [0x0000029dc42e0000,0x0000029dc4ae0000] _byte_map_base: 0x0000029dc0ad2000

Marking Bits (Prev, Next): (CMBitMap*) 0x0000029dac209f08, (CMBitMap*) 0x0000029dac209f48
 Prev Bits: [0x0000029dc52e0000, 0x0000029dc9270000)
 Next Bits: [0x0000029dc9270000, 0x0000029dcd200000)

Polling page: 0x0000029daa340000

Metaspace:

Usage:
  Non-class:      4.77 MB capacity,     2.81 MB ( 59%) used,     1.95 MB ( 41%) free+waste,     8.94 KB ( <1%) overhead. 
      Class:    564.00 KB capacity,   342.70 KB ( 61%) used,   216.05 KB ( 38%) free+waste,     5.25 KB ( <1%) overhead. 
       Both:      5.32 MB capacity,     3.15 MB ( 59%) used,     2.16 MB ( 41%) free+waste,    14.19 KB ( <1%) overhead. 

Virtual space:
  Non-class space:        8.00 MB reserved,       5.00 MB ( 63%) committed 
      Class space:        1.00 GB reserved,     640.00 KB ( <1%) committed 
             Both:        1.01 GB reserved,       5.63 MB ( <1%) committed 

Chunk freelists:
   Non-Class:  45.00 KB
       Class:  0 bytes
        Both:  45.00 KB

MaxMetaspaceSize: 17179869184.00 GB
CompressedClassSpaceSize: 1.00 GB

CodeHeap 'non-profiled nmethods': size=120000Kb used=404Kb max_used=404Kb free=119595Kb
 bounds [0x0000029dbc170000, 0x0000029dbc3e0000, 0x0000029dc36a0000]
CodeHeap 'profiled nmethods': size=120000Kb used=1223Kb max_used=1223Kb free=118776Kb
 bounds [0x0000029db4c40000, 0x0000029db4eb0000, 0x0000029dbc170000]
CodeHeap 'non-nmethods': size=5760Kb used=1181Kb max_used=1204Kb free=4578Kb
 bounds [0x0000029db46a0000, 0x0000029db4910000, 0x0000029db4c40000]
 total_blobs=1714 nmethods=770 adapters=345
 compilation: enabled
              stopped_count=0, restarted_count=0
 full_count=0

Compilation events (20 events):
Event: 0.560 Thread 0x0000029dd0ef9800  768       4       elements.Box::isPointInTheBox (90 bytes)
Event: 0.562 Thread 0x0000029dd0ef9800 nmethod 768 0x0000029dbc1c7890 code [0x0000029dbc1c7a20, 0x0000029dbc1c7b38]
Event: 0.562 Thread 0x0000029dd0ef9800  756       4       elements.Box::getFirstVoxel (558 bytes)
Event: 0.577 Thread 0x0000029dd0799800 nmethod 759 0x0000029dbc1c7c90 code [0x0000029dbc1c7ec0, 0x0000029dbc1c8958]
Event: 0.577 Thread 0x0000029dd0799800  662       4       primitives.Coordinate::<init> (13 bytes)
Event: 0.577 Thread 0x0000029dd0799800 nmethod 662 0x0000029dbc1c8f90 code [0x0000029dbc1c9120, 0x0000029dbc1c91b8]
Event: 0.577 Thread 0x0000029dd0799800  760       4       java.awt.Color::testColorValueRange (121 bytes)
Event: 0.579 Thread 0x0000029dd0799800 nmethod 760 0x0000029dbc1c9290 code [0x0000029dbc1c9420, 0x0000029dbc1c94d8]
Event: 0.612 Thread 0x0000029dd0648000  769       3       renderer.Render$Pixel::nextPixel (79 bytes)
Event: 0.613 Thread 0x0000029dd0648000 nmethod 769 0x0000029db4d6ee90 code [0x0000029db4d6f0e0, 0x0000029db4d6fc90]
Event: 0.620 Thread 0x0000029dd0ef9800 nmethod 756 0x0000029dbc1c9610 code [0x0000029dbc1c98c0, 0x0000029dbc1cb6e8]
Event: 0.626 Thread 0x0000029dd0ef9800  770       4       renderer.Render$Pixel::nextPixel (79 bytes)
Event: 0.632 Thread 0x0000029dd0ef9800 nmethod 770 0x0000029dbc1cc710 code [0x0000029dbc1cc8a0, 0x0000029dbc1ccf88]
Event: 0.656 Thread 0x0000029dd0641800 nmethod 751 0x0000029dbc1cd190 code [0x0000029dbc1cd500, 0x0000029dbc1d0370]
Event: 0.659 Thread 0x0000029dd0648000  771 %     3       renderer.Render::lambda$renderImage$0 @ 10 (76 bytes)
Event: 0.660 Thread 0x0000029dd0648000 nmethod 771% 0x0000029db4d70010 code [0x0000029db4d70260, 0x0000029db4d70c50]
Event: 0.660 Thread 0x0000029dd0648000  772       3       renderer.Render::lambda$renderImage$0 (76 bytes)
Event: 0.661 Thread 0x0000029dd0648000 nmethod 772 0x0000029db4d71090 code [0x0000029db4d712c0, 0x0000029db4d71a50]
Event: 0.716 Thread 0x0000029dd0799800  773 %     4       renderer.Render::lambda$renderImage$0 @ 10 (76 bytes)
Event: 0.769 Thread 0x0000029dd0799800 nmethod 773% 0x0000029dbc1d1b10 code [0x0000029dbc1d1d80, 0x0000029dbc1d3ef0]

GC Heap History (20 events):
Event: 0.645 GC heap after
{Heap after GC invocations=3 (full 0):
 garbage-first heap   total 262144K, used 18478K [0x0000000701c00000, 0x0000000800000000)
  region size 1024K, 3 young (3072K), 3 survivors (3072K)
 Metaspace       used 3219K, capacity 5447K, committed 5760K, reserved 1056768K
  class space    used 342K, capacity 564K, committed 640K, reserved 1048576K
}
Event: 0.677 GC heap before
{Heap before GC invocations=3 (full 0):
 garbage-first heap   total 262144K, used 172078K [0x0000000701c00000, 0x0000000800000000)
  region size 1024K, 153 young (156672K), 3 survivors (3072K)
 Metaspace       used 3220K, capacity 5447K, committed 5760K, reserved 1056768K
  class space    used 342K, capacity 564K, committed 640K, reserved 1048576K
}
Event: 0.680 GC heap after
{Heap after GC invocations=4 (full 0):
 garbage-first heap   total 262144K, used 18405K [0x0000000701c00000, 0x0000000800000000)
  region size 1024K, 2 young (2048K), 2 survivors (2048K)
 Metaspace       used 3220K, capacity 5447K, committed 5760K, reserved 1056768K
  class space    used 342K, capacity 564K, committed 640K, reserved 1048576K
}
Event: 0.708 GC heap before
{Heap before GC invocations=4 (full 0):
 garbage-first heap   total 262144K, used 173029K [0x0000000701c00000, 0x0000000800000000)
  region size 1024K, 153 young (156672K), 2 survivors (2048K)
 Metaspace       used 3220K, capacity 5447K, committed 5760K, reserved 1056768K
  class space    used 342K, capacity 564K, committed 640K, reserved 1048576K
}
Event: 0.712 GC heap after
{Heap after GC invocations=5 (full 0):
 garbage-first heap   total 315392K, used 18432K [0x0000000701c00000, 0x0000000800000000)
  region size 1024K, 2 young (2048K), 2 survivors (2048K)
 Metaspace       used 3220K, capacity 5447K, committed 5760K, reserved 1056768K
  class space    used 342K, capacity 564K, committed 640K, reserved 1048576K
}
Event: 0.762 GC heap before
{Heap before GC invocations=5 (full 0):
 garbage-first heap   total 315392K, used 204800K [0x0000000701c00000, 0x0000000800000000)
  region size 1024K, 184 young (188416K), 2 survivors (2048K)
 Metaspace       used 3220K, capacity 5447K, committed 5760K, reserved 1056768K
  class space    used 342K, capacity 564K, committed 640K, reserved 1048576K
}
Event: 0.765 GC heap after
{Heap after GC invocations=6 (full 0):
 garbage-first heap   total 315392K, used 18479K [0x0000000701c00000, 0x0000000800000000)
  region size 1024K, 3 young (3072K), 3 survivors (3072K)
 Metaspace       used 3220K, capacity 5447K, committed 5760K, reserved 1056768K
  class space    used 342K, capacity 564K, committed 640K, reserved 1048576K
}
Event: 0.799 GC heap before
{Heap before GC invocations=6 (full 0):
 garbage-first heap   total 315392K, used 203823K [0x0000000701c00000, 0x0000000800000000)
  region size 1024K, 184 young (188416K), 3 survivors (3072K)
 Metaspace       used 3220K, capacity 5447K, committed 5760K, reserved 1056768K
  class space    used 342K, capacity 564K, committed 640K, reserved 1048576K
}
Event: 0.802 GC heap after
{Heap after GC invocations=7 (full 0):
 garbage-first heap   total 315392K, used 18432K [0x0000000701c00000, 0x0000000800000000)
  region size 1024K, 2 young (2048K), 2 survivors (2048K)
 Metaspace       used 3220K, capacity 5447K, committed 5760K, reserved 1056768K
  class space    used 342K, capacity 564K, committed 640K, reserved 1048576K
}
Event: 0.835 GC heap before
{Heap before GC invocations=7 (full 0):
 garbage-first heap   total 315392K, used 204800K [0x0000000701c00000, 0x0000000800000000)
  region size 1024K, 184 young (188416K), 2 survivors (2048K)
 Metaspace       used 3220K, capacity 5447K, committed 5760K, reserved 1056768K
  class space    used 342K, capacity 564K, committed 640K, reserved 1048576K
}
Event: 0.837 GC heap after
{Heap after GC invocations=8 (full 0):
 garbage-first heap   total 315392K, used 18432K [0x0000000701c00000, 0x0000000800000000)
  region size 1024K, 2 young (2048K), 2 survivors (2048K)
 Metaspace       used 3220K, capacity 5447K, committed 5760K, reserved 1056768K
  class space    used 342K, capacity 564K, committed 640K, reserved 1048576K
}
Event: 0.867 GC heap before
{Heap before GC invocations=8 (full 0):
 garbage-first heap   total 315392K, used 204800K [0x0000000701c00000, 0x0000000800000000)
  region size 1024K, 184 young (188416K), 2 survivors (2048K)
 Metaspace       used 3220K, capacity 5447K, committed 5760K, reserved 1056768K
  class space    used 342K, capacity 564K, committed 640K, reserved 1048576K
}
Event: 0.871 GC heap after
{Heap after GC invocations=9 (full 0):
 garbage-first heap   total 378880K, used 18478K [0x0000000701c00000, 0x0000000800000000)
  region size 1024K, 3 young (3072K), 3 survivors (3072K)
 Metaspace       used 3220K, capacity 5447K, committed 5760K, reserved 1056768K
  class space    used 342K, capacity 564K, committed 640K, reserved 1048576K
}
Event: 0.916 GC heap before
{Heap before GC invocations=9 (full 0):
 garbage-first heap   total 378880K, used 242734K [0x0000000701c00000, 0x0000000800000000)
  region size 1024K, 222 young (227328K), 3 survivors (3072K)
 Metaspace       used 3220K, capacity 5447K, committed 5760K, reserved 1056768K
  class space    used 342K, capacity 564K, committed 640K, reserved 1048576K
}
Event: 0.919 GC heap after
{Heap after GC invocations=10 (full 0):
 garbage-first heap   total 378880K, used 18478K [0x0000000701c00000, 0x0000000800000000)
  region size 1024K, 3 young (3072K), 3 survivors (3072K)
 Metaspace       used 3220K, capacity 5447K, committed 5760K, reserved 1056768K
  class space    used 342K, capacity 564K, committed 640K, reserved 1048576K
}
Event: 0.967 GC heap before
{Heap before GC invocations=10 (full 0):
 garbage-first heap   total 378880K, used 242734K [0x0000000701c00000, 0x0000000800000000)
  region size 1024K, 222 young (227328K), 3 survivors (3072K)
 Metaspace       used 3220K, capacity 5447K, committed 5760K, reserved 1056768K
  class space    used 342K, capacity 564K, committed 640K, reserved 1048576K
}
Event: 0.970 GC heap after
{Heap after GC invocations=11 (full 0):
 garbage-first heap   total 378880K, used 18432K [0x0000000701c00000, 0x0000000800000000)
  region size 1024K, 2 young (2048K), 2 survivors (2048K)
 Metaspace       used 3220K, capacity 5447K, committed 5760K, reserved 1056768K
  class space    used 342K, capacity 564K, committed 640K, reserved 1048576K
}
Event: 1.006 GC heap before
{Heap before GC invocations=11 (full 0):
 garbage-first heap   total 378880K, used 243712K [0x0000000701c00000, 0x0000000800000000)
  region size 1024K, 222 young (227328K), 2 survivors (2048K)
 Metaspace       used 3220K, capacity 5447K, committed 5760K, reserved 1056768K
  class space    used 342K, capacity 564K, committed 640K, reserved 1048576K
}
Event: 1.009 GC heap after
{Heap after GC invocations=12 (full 0):
 garbage-first heap   total 378880K, used 18432K [0x0000000701c00000, 0x0000000800000000)
  region size 1024K, 2 young (2048K), 2 survivors (2048K)
 Metaspace       used 3220K, capacity 5447K, committed 5760K, reserved 1056768K
  class space    used 342K, capacity 564K, committed 640K, reserved 1048576K
}
Event: 1.048 GC heap before
{Heap before GC invocations=12 (full 0):
 garbage-first heap   total 378880K, used 243712K [0x0000000701c00000, 0x0000000800000000)
  region size 1024K, 222 young (227328K), 2 survivors (2048K)
 Metaspace       used 3220K, capacity 5447K, committed 5760K, reserved 1056768K
  class space    used 342K, capacity 564K, committed 640K, reserved 1048576K
}

Deoptimization events (20 events):
Event: 0.690 Thread 0x0000029dd0e86000 DEOPT PACKING pc=0x0000029db4d70aec sp=0x000000cb390fec90
Event: 0.691 Thread 0x0000029dd0e86000 DEOPT UNPACKING pc=0x0000029db46e964e sp=0x000000cb390fe2b8 mode 0
Event: 0.700 Thread 0x0000029dd0de3800 DEOPT PACKING pc=0x0000029db4d70aec sp=0x000000cb38fff080
Event: 0.700 Thread 0x0000029dd0e86000 DEOPT PACKING pc=0x0000029db4d70aec sp=0x000000cb390fec90
Event: 0.700 Thread 0x0000029dd0e86000 DEOPT UNPACKING pc=0x0000029db46e964e sp=0x000000cb390fe2b8 mode 0
Event: 0.700 Thread 0x0000029dd0de3800 DEOPT UNPACKING pc=0x0000029db46e964e sp=0x000000cb38ffe6a8 mode 0
Event: 0.716 Thread 0x0000029dd0de3800 DEOPT PACKING pc=0x0000029db4d70aec sp=0x000000cb38fff080
Event: 0.716 Thread 0x0000029dd0de3800 DEOPT UNPACKING pc=0x0000029db46e964e sp=0x000000cb38ffe6a8 mode 0
Event: 0.736 Thread 0x0000029dd0de3800 DEOPT PACKING pc=0x0000029db4d70aec sp=0x000000cb38fff080
Event: 0.736 Thread 0x0000029dd0de3800 DEOPT UNPACKING pc=0x0000029db46e964e sp=0x000000cb38ffe6a8 mode 0
Event: 0.746 Thread 0x0000029dd0e86800 DEOPT PACKING pc=0x0000029db4d70aec sp=0x000000cb391fed50
Event: 0.746 Thread 0x0000029dd0e86800 DEOPT UNPACKING pc=0x0000029db46e964e sp=0x000000cb391fe378 mode 0
Event: 0.757 Thread 0x0000029dd0e86000 DEOPT PACKING pc=0x0000029db4d70aec sp=0x000000cb390fec90
Event: 0.757 Thread 0x0000029dd0e86000 DEOPT UNPACKING pc=0x0000029db46e964e sp=0x000000cb390fe2b8 mode 0
Event: 0.770 Thread 0x0000029dd0e86800 DEOPT PACKING pc=0x0000029db4d70aec sp=0x000000cb391fed50
Event: 0.770 Thread 0x0000029dd0e86800 DEOPT UNPACKING pc=0x0000029db46e964e sp=0x000000cb391fe378 mode 0
Event: 0.786 Thread 0x0000029dd0de3800 DEOPT PACKING pc=0x0000029db4d70aec sp=0x000000cb38fff080
Event: 0.786 Thread 0x0000029dd0de3800 DEOPT UNPACKING pc=0x0000029db46e964e sp=0x000000cb38ffe6a8 mode 0
Event: 0.808 Thread 0x0000029dd0e86000 DEOPT PACKING pc=0x0000029db4d70aec sp=0x000000cb390fec90
Event: 0.808 Thread 0x0000029dd0e86000 DEOPT UNPACKING pc=0x0000029db46e964e sp=0x000000cb390fe2b8 mode 0

Classes unloaded (0 events):
No events

Classes redefined (0 events):
No events

Internal exceptions (6 events):
Event: 0.165 Thread 0x0000029dac19f800 Exception <a 'java/io/FileNotFoundException'{0x00000007119424d0}> (0x00000007119424d0) 
thrown [t:/workspace/open/src/hotspot/share/prims/jni.cpp, line 598]
Event: 0.182 Thread 0x0000029dac19f800 Exception <a 'java/lang/NoSuchMethodError'{0x00000007119797f0}: 'int java.lang.invoke.DirectMethodHandle$Holder.invokeSpecialIFC(java.lang.Object, java.lang.Object, int)'> (0x00000007119797f0) 
thrown [t:/workspace/open/src/hotspot/share/interpreter/linkResolver.cpp, line 767]
Event: 0.250 Thread 0x0000029dac19f800 Exception <a 'java/lang/IncompatibleClassChangeError'{0x00000007118d1a50}: Found class java.lang.Object, but interface was expected> (0x00000007118d1a50) 
thrown [t:/workspace/open/src/hotspot/share/interpreter/linkResolver.cpp, line 833]
Event: 0.348 Thread 0x0000029dac19f800 Exception <a 'java/lang/ClassNotFoundException'{0x00000007116f9c00}: sun/awt/resources/spi/awtProvider> (0x00000007116f9c00) 
thrown [t:/workspace/open/src/hotspot/share/classfile/systemDictionary.cpp, line 232]
Event: 0.372 Thread 0x0000029dac19f800 Exception <a 'java/io/FileNotFoundException'{0x0000000711549080}> (0x0000000711549080) 
thrown [t:/workspace/open/src/hotspot/share/prims/jni.cpp, line 598]
Event: 0.380 Thread 0x0000029dac19f800 Exception <a 'java/io/FileNotFoundException'{0x000000071156f9f8}> (0x000000071156f9f8) 
thrown [t:/workspace/open/src/hotspot/share/prims/jni.cpp, line 598]

Events (20 events):
Event: 0.645 Executing VM operation: G1CollectForAllocation done
Event: 0.677 Executing VM operation: G1CollectForAllocation
Event: 0.680 Executing VM operation: G1CollectForAllocation done
Event: 0.708 Executing VM operation: G1CollectForAllocation
Event: 0.712 Executing VM operation: G1CollectForAllocation done
Event: 0.762 Executing VM operation: G1CollectForAllocation
Event: 0.765 Executing VM operation: G1CollectForAllocation done
Event: 0.799 Executing VM operation: G1CollectForAllocation
Event: 0.802 Executing VM operation: G1CollectForAllocation done
Event: 0.835 Executing VM operation: G1CollectForAllocation
Event: 0.837 Executing VM operation: G1CollectForAllocation done
Event: 0.867 Executing VM operation: G1CollectForAllocation
Event: 0.871 Executing VM operation: G1CollectForAllocation done
Event: 0.916 Executing VM operation: G1CollectForAllocation
Event: 0.919 Executing VM operation: G1CollectForAllocation done
Event: 0.967 Executing VM operation: G1CollectForAllocation
Event: 0.970 Executing VM operation: G1CollectForAllocation done
Event: 1.006 Executing VM operation: G1CollectForAllocation
Event: 1.009 Executing VM operation: G1CollectForAllocation done
Event: 1.048 Executing VM operation: G1CollectForAllocation


Dynamic libraries:
0x00007ff6fb9a0000 - 0x00007ff6fb9af000 	C:\Program Files\Java\jdk-13.0.2\bin\java.exe
0x00007ffb554a0000 - 0x00007ffb55690000 	C:\WINDOWS\SYSTEM32\ntdll.dll
0x00007ffb553a0000 - 0x00007ffb55452000 	C:\WINDOWS\System32\KERNEL32.DLL
0x00007ffb52ff0000 - 0x00007ffb53294000 	C:\WINDOWS\System32\KERNELBASE.dll
0x00007ffb52ef0000 - 0x00007ffb52fea000 	C:\WINDOWS\System32\ucrtbase.dll
0x00007ffb4a490000 - 0x00007ffb4a4a8000 	C:\Program Files\Java\jdk-13.0.2\bin\jli.dll
0x00007ffb4cf10000 - 0x00007ffb4cf25000 	C:\Program Files\Java\jdk-13.0.2\bin\VCRUNTIME140.dll
0x00007ffb552f0000 - 0x00007ffb55393000 	C:\WINDOWS\System32\ADVAPI32.dll
0x00007ffb536f0000 - 0x00007ffb5378e000 	C:\WINDOWS\System32\msvcrt.dll
0x00007ffb55250000 - 0x00007ffb552e7000 	C:\WINDOWS\System32\sechost.dll
0x00007ffb54eb0000 - 0x00007ffb54fd0000 	C:\WINDOWS\System32\RPCRT4.dll
0x00007ffb550b0000 - 0x00007ffb55244000 	C:\WINDOWS\System32\USER32.dll
0x00007ffb47030000 - 0x00007ffb472b4000 	C:\WINDOWS\WinSxS\amd64_microsoft.windows.common-controls_6595b64144ccf1df_6.0.18362.900_none_e6beb9d913147d17\COMCTL32.dll
0x00007ffb532a0000 - 0x00007ffb532c1000 	C:\WINDOWS\System32\win32u.dll
0x00007ffb55080000 - 0x00007ffb550a6000 	C:\WINDOWS\System32\GDI32.dll
0x00007ffb53d30000 - 0x00007ffb54065000 	C:\WINDOWS\System32\combase.dll
0x00007ffb52bb0000 - 0x00007ffb52d45000 	C:\WINDOWS\System32\gdi32full.dll
0x00007ffb52e00000 - 0x00007ffb52e80000 	C:\WINDOWS\System32\bcryptPrimitives.dll
0x00007ffb53450000 - 0x00007ffb534ee000 	C:\WINDOWS\System32\msvcp_win.dll
0x00007ffb4bfb0000 - 0x00007ffb4bfba000 	C:\WINDOWS\SYSTEM32\VERSION.dll
0x00007ffb542d0000 - 0x00007ffb542fe000 	C:\WINDOWS\System32\IMM32.DLL
0x00007ffb30300000 - 0x00007ffb3039b000 	C:\Program Files\Java\jdk-13.0.2\bin\msvcp140.dll
0x00007ffb11c80000 - 0x00007ffb127dd000 	C:\Program Files\Java\jdk-13.0.2\bin\server\jvm.dll
0x00007ffb55070000 - 0x00007ffb55078000 	C:\WINDOWS\System32\PSAPI.DLL
0x00007ffb45850000 - 0x00007ffb45859000 	C:\WINDOWS\SYSTEM32\WSOCK32.dll
0x00007ffb47000000 - 0x00007ffb47024000 	C:\WINDOWS\SYSTEM32\WINMM.dll
0x00007ffb53680000 - 0x00007ffb536ef000 	C:\WINDOWS\System32\WS2_32.dll
0x00007ffb46db0000 - 0x00007ffb46ddd000 	C:\WINDOWS\SYSTEM32\winmmbase.dll
0x00007ffb52ea0000 - 0x00007ffb52eea000 	C:\WINDOWS\System32\cfgmgr32.dll
0x00007ffb52370000 - 0x00007ffb52381000 	C:\WINDOWS\System32\kernel.appcore.dll
0x00007ffb4cfe0000 - 0x00007ffb4cff0000 	C:\Program Files\Java\jdk-13.0.2\bin\verify.dll
0x00007ffb50c50000 - 0x00007ffb50e44000 	C:\WINDOWS\SYSTEM32\DBGHELP.DLL
0x00007ffb49ca0000 - 0x00007ffb49cca000 	C:\WINDOWS\SYSTEM32\dbgcore.DLL
0x00007ffb4a460000 - 0x00007ffb4a486000 	C:\Program Files\Java\jdk-13.0.2\bin\java.dll
0x00007ffb4ca80000 - 0x00007ffb4ca8e000 	C:\Program Files\Java\jdk-13.0.2\bin\instrument.dll
0x00007ffb4a440000 - 0x00007ffb4a457000 	C:\Program Files\Java\jdk-13.0.2\bin\zip.dll
0x00007ffb4cec0000 - 0x00007ffb4ceca000 	C:\Program Files\Java\jdk-13.0.2\bin\jimage.dll
0x00007ffb54660000 - 0x00007ffb54d46000 	C:\WINDOWS\System32\SHELL32.dll
0x00007ffb54070000 - 0x00007ffb54119000 	C:\WINDOWS\System32\shcore.dll
0x00007ffb52430000 - 0x00007ffb52bb0000 	C:\WINDOWS\System32\windows.storage.dll
0x00007ffb52390000 - 0x00007ffb523b3000 	C:\WINDOWS\System32\profapi.dll
0x00007ffb523e0000 - 0x00007ffb5242a000 	C:\WINDOWS\System32\powrprof.dll
0x00007ffb52360000 - 0x00007ffb52370000 	C:\WINDOWS\System32\UMPDC.dll
0x00007ffb544c0000 - 0x00007ffb54512000 	C:\WINDOWS\System32\shlwapi.dll
0x00007ffb52e80000 - 0x00007ffb52e97000 	C:\WINDOWS\System32\cryptsp.dll
0x00007ffb49a00000 - 0x00007ffb49a19000 	C:\Program Files\Java\jdk-13.0.2\bin\net.dll
0x00007ffb48ca0000 - 0x00007ffb48d90000 	C:\WINDOWS\SYSTEM32\WINHTTP.dll
0x00007ffb51bd0000 - 0x00007ffb51c37000 	C:\WINDOWS\system32\mswsock.dll
0x00007ffb49370000 - 0x00007ffb49383000 	C:\Program Files\Java\jdk-13.0.2\bin\nio.dll
0x00007ffb47820000 - 0x00007ffb4783a000 	C:\Program Files\JetBrains\IntelliJ IDEA Community Edition 2019.3.3\bin\breakgen64.dll
0x00007ffb241c0000 - 0x00007ffb24359000 	C:\Program Files\Java\jdk-13.0.2\bin\awt.dll
0x00007ffb53c60000 - 0x00007ffb53d25000 	C:\WINDOWS\System32\OLEAUT32.dll
0x00007ffb501b0000 - 0x00007ffb5023f000 	C:\WINDOWS\SYSTEM32\apphelp.dll

dbghelp: loaded successfully - version: 4.0.5 - missing functions: none
symbol engine: initialized successfully - sym options: 0x614 - pdb path: .;C:\Program Files\Java\jdk-13.0.2\bin;C:\WINDOWS\SYSTEM32;C:\WINDOWS\WinSxS\amd64_microsoft.windows.common-controls_6595b64144ccf1df_6.0.18362.900_none_e6beb9d913147d17;C:\Program Files\Java\jdk-13.0.2\bin\server;C:\Program Files\JetBrains\IntelliJ IDEA Community Edition 2019.3.3\bin

VM Arguments:
jvm_args: -ea -Didea.test.cyclic.buffer.size=1048576 -javaagent:C:\Program Files\JetBrains\IntelliJ IDEA Community Edition 2019.3.3\lib\idea_rt.jar=49812:C:\Program Files\JetBrains\IntelliJ IDEA Community Edition 2019.3.3\bin -Dfile.encoding=UTF-8 
java_command: com.intellij.rt.junit.JUnitStarter -ideVersion5 -junit4 renderer.BoxTests,mendyTest
java_class_path (initial): C:\Program Files\JetBrains\IntelliJ IDEA Community Edition 2019.3.3\lib\idea_rt.jar;C:\Program Files\JetBrains\IntelliJ IDEA Community Edition 2019.3.3\plugins\junit\lib\junit5-rt.jar;C:\Program Files\JetBrains\IntelliJ IDEA Community Edition 2019.3.3\plugins\junit\lib\junit-rt.jar;C:\Users\Uziel Shemesh\Documents\ \Java\IME5780-E1-4647-8327\out\test\IME5780-E1-4647-8327;C:\Users\Uziel Shemesh\Documents\ \Java\IME5780-E1-4647-8327\out\production\IME5780-E1-4647-8327;C:\Program Files\JetBrains\IntelliJ IDEA Community Edition 2019.3.3\lib\junit-4.12.jar;C:\Program Files\JetBrains\IntelliJ IDEA Community Edition 2019.3.3\lib\hamcrest-core-1.3.jar
Launcher Type: SUN_STANDARD

[Global flags]
     intx CICompilerCount                          = 4                                         {product} {ergonomic}
     uint ConcGCThreads                            = 2                                         {product} {ergonomic}
     uint G1ConcRefinementThreads                  = 8                                         {product} {ergonomic}
   size_t G1HeapRegionSize                         = 1048576                                   {product} {ergonomic}
    uintx GCDrainStackTargetSize                   = 64                                        {product} {ergonomic}
   size_t InitialHeapSize                          = 268435456                                 {product} {ergonomic}
   size_t MarkStackSize                            = 4194304                                   {product} {ergonomic}
   size_t MaxHeapSize                              = 4265607168                                {product} {ergonomic}
   size_t MaxNewSize                               = 2558525440                                {product} {ergonomic}
   size_t MinHeapDeltaBytes                        = 1048576                                   {product} {ergonomic}
   size_t MinHeapSize                              = 8388608                                   {product} {ergonomic}
    uintx NonNMethodCodeHeapSize                   = 5839372                                {pd product} {ergonomic}
    uintx NonProfiledCodeHeapSize                  = 122909434                              {pd product} {ergonomic}
    uintx ProfiledCodeHeapSize                     = 122909434                              {pd product} {ergonomic}
    uintx ReservedCodeCacheSize                    = 251658240                              {pd product} {ergonomic}
     bool SegmentedCodeCache                       = true                                      {product} {ergonomic}
   size_t SoftMaxHeapSize                          = 4265607168                             {manageable} {ergonomic}
     bool UseCompressedClassPointers               = true                                 {lp64_product} {ergonomic}
     bool UseCompressedOops                        = true                                 {lp64_product} {ergonomic}
     bool UseG1GC                                  = true                                      {product} {ergonomic}
     bool UseLargePagesIndividualAllocation        = false                                  {pd product} {ergonomic}

Logging:
Log output configuration:
 #0: stdout all=warning uptime,level,tags
 #1: stderr all=off uptime,level,tags

Environment Variables:
JAVA_HOME=C:\Program Files\Java\jdk-13.0.2
PATH=C:\WINDOWS\system32;C:\WINDOWS;C:\WINDOWS\System32\Wbem;C:\WINDOWS\System32\WindowsPowerShell\v1.0\;C:\Program Files\dotnet\;C:\Program Files (x86)\Wolfram Research\WolframScript\;C:\WINDOWS\System32\OpenSSH\;C:\Users\Uziel Shemesh\AppData\Local\Programs\Python\Python37\python35.exe;C:\Program Files\Git\cmd;C:\Program Files\MATLAB\R2019b\bin;C:\Program Files\Microsoft SQL Server\130\Tools\Binn\;C:\Program Files\Microsoft SQL Server\120\Tools\Binn\;C:\Program Files\Common Files\Autodesk Shared\;C:\Program Files\Java\jdk-13.0.2\bin;C:\Users\Uziel Shemesh\AppData\Local\Programs\Python\Python38-32\Scripts\;C:\Users\Uziel Shemesh\AppData\Local\Programs\Python\Python38-32\;C:\Users\Uziel Shemesh\AppData\Local\Programs\Python\Python36\Scripts\;C:\Users\Uziel Shemesh\AppData\Local\Programs\Python\Python36\;C:\Users\Uziel Shemesh\AppData\Local\Programs\Python\Python37\Scripts\;C:\Users\Uziel Shemesh\AppData\Local\Programs\Python\Python37\;C:\Users\Uziel Shemesh\AppData\Local\Microsoft\WindowsApps;;C:\Program Files\JetBrains\PyCharm 2019.1.2\bin;C:\Users\Uziel Shemesh\.dotnet\tools;C:\Users\Uziel Shemesh\AppData\Local\Programs\Microsoft VS Code\bin;C:\Program Files\JetBrains\IntelliJ IDEA Community Edition 2019.3.3\bin;
USERNAME=Uziel Shemesh
OS=Windows_NT
PROCESSOR_IDENTIFIER=Intel64 Family 6 Model 142 Stepping 10, GenuineIntel



---------------  S Y S T E M  ---------------

OS: Windows 10 , 64 bit Build 18362 (10.0.18362.900)

CPU:total 8 (initial active 8) (4 cores per cpu, 2 threads per core) family 6 model 142 stepping 10, cmov, cx8, fxsr, mmx, sse, sse2, sse3, ssse3, sse4.1, sse4.2, popcnt, avx, avx2, aes, clmul, erms, 3dnowpref, lzcnt, ht, tsc, tscinvbit, bmi1, bmi2, adx, fma

Memory: 4k page, system-wide physical 16266M (8158M free)
TotalPageFile size 46723M (AvailPageFile size 69M)
current process WorkingSet (physical memory assigned to process): 333M, peak: 333M
current process commit charge ("private bytes"): 478M, peak: 619M

vm_info: Java HotSpot(TM) 64-Bit Server VM (13.0.2+8) for windows-amd64 JRE (13.0.2+8), built on Dec 11 2019 09:20:33 by "mach5one" with unknown MS VC++:1916

END.
