#
# There is insufficient memory for the Java Runtime Environment to continue.
# Native memory allocation (mmap) failed to map 268435456 bytes for Failed to commit area from 0x0000000701c00000 to 0x0000000711c00000 of length 268435456.
# Possible reasons:
#   The system is out of physical RAM or swap space
#   The process is running with CompressedOops enabled, and the Java Heap may be blocking the growth of the native heap
# Possible solutions:
#   Reduce memory load on the system
#   Increase physical memory or swap space
#   Check if swap backing store is full
#   Decrease Java heap size (-Xmx/-Xms)
#   Decrease number of Java threads
#   Decrease Java thread stack sizes (-Xss)
#   Set larger code cache with -XX:ReservedCodeCacheSize=
# This output file may be truncated or incomplete.
#
#  Out of Memory Error (./src/hotspot/os/windows/os_windows.cpp:3303), pid=15152, tid=20228
#
# JRE version:  (11.0.7+10) (build )
# Java VM: OpenJDK 64-Bit Server VM (11.0.7+10-b765.53, mixed mode, sharing, tiered, compressed oops, g1 gc, windows-amd64)
# No core dump will be written. Minidumps are not enabled by default on client versions of Windows
#

---------------  S U M M A R Y ------------

Command Line: org.jetbrains.git4idea.http.GitAskPassApp Username for 'https://github.com': 

Host: Intel(R) Core(TM) i7-8550U CPU @ 1.80GHz, 8 cores, 15G,  Windows 10 , 64 bit Build 18362 (10.0.18362.900)
Time: Wed Jun 17 20:29:38 2020 Jerusalem Daylight Time elapsed time: 0 seconds (0d 0h 0m 0s)

---------------  T H R E A D  ---------------

Current thread (0x000001ff49ecf800):  JavaThread "Unknown thread" [_thread_in_vm, id=20228, stack(0x0000008ff3400000,0x0000008ff3500000)]

Stack: [0x0000008ff3400000,0x0000008ff3500000]
Native frames: (J=compiled Java code, j=interpreted, Vv=VM code, C=native code)
V  [jvm.dll+0x5dda4a]
V  [jvm.dll+0x711595]
V  [jvm.dll+0x712aed]
V  [jvm.dll+0x7131a3]
V  [jvm.dll+0x23e368]
V  [jvm.dll+0x5daf04]
V  [jvm.dll+0x5d0085]
V  [jvm.dll+0x2fb0cb]
V  [jvm.dll+0x2fb03a]
V  [jvm.dll+0x2faf12]
V  [jvm.dll+0x2ffdf6]
V  [jvm.dll+0x348393]
V  [jvm.dll+0x348a96]
V  [jvm.dll+0x348493]
V  [jvm.dll+0x2d59e8]
V  [jvm.dll+0x2d6b87]
V  [jvm.dll+0x6f04e7]
V  [jvm.dll+0x6f1cdc]
V  [jvm.dll+0x355909]
V  [jvm.dll+0x6d42ae]
V  [jvm.dll+0x3bda13]
V  [jvm.dll+0x3bfc51]
C  [jli.dll+0x5363]
C  [ucrtbase.dll+0x20e82]
C  [KERNEL32.DLL+0x17bd4]
C  [ntdll.dll+0x6ce51]


---------------  P R O C E S S  ---------------

Threads class SMR info:
_java_thread_list=0x000001ff47c192b0, length=0, elements={
}

Java Threads: ( => current thread )

Other Threads:
  0x000001ff49ee8800 GCTaskThread "GC Thread#0" [stack: 0x0000008ff3500000,0x0000008ff3600000] [id=22444]
  0x000001ff49f49000 ConcurrentGCThread "G1 Main Marker" [stack: 0x0000008ff3600000,0x0000008ff3700000] [id=10580]
  0x000001ff49f4a800 ConcurrentGCThread "G1 Conc#0" [stack: 0x0000008ff3700000,0x0000008ff3800000] [id=16180]

[error occurred during error reporting (printing all threads), id 0xc0000005, EXCEPTION_ACCESS_VIOLATION (0xc0000005) at pc=0x00007ffadc3b5fc7]

VM state:not at safepoint (not fully initialized)

VM Mutex/Monitor currently owned by a thread:  ([mutex/lock_event])
[0x000001ff49eccc00] Heap_lock - owner thread: 0x000001ff49ecf800

Heap address: 0x0000000701c00000, size: 4068 MB, Compressed Oops mode: Non-zero based: 0x0000000701c00000
Narrow klass base: 0x0000000000000000, Narrow klass shift: 0

GC Heap History (0 events):
No events

Deoptimization events (0 events):
No events

Classes redefined (0 events):
No events

Internal exceptions (0 events):
No events

Events (2 events):
Event: 0.030 Loaded shared library C:\Program Files\JetBrains\IntelliJ IDEA Community Edition 2019.3.3\jbr\bin\zip.dll
Event: 0.033 Loaded shared library C:\Program Files\JetBrains\IntelliJ IDEA Community Edition 2019.3.3\jbr\bin\jimage.dll


Dynamic libraries:
0x00007ff707f30000 - 0x00007ff707f3a000 	C:\Program Files\JetBrains\IntelliJ IDEA Community Edition 2019.3.3\jbr\bin\java.exe
0x00007ffb554a0000 - 0x00007ffb55690000 	C:\WINDOWS\SYSTEM32\ntdll.dll
0x00007ffb553a0000 - 0x00007ffb55452000 	C:\WINDOWS\System32\KERNEL32.DLL
0x00007ffb52ff0000 - 0x00007ffb53294000 	C:\WINDOWS\System32\KERNELBASE.dll
0x00007ffb52ef0000 - 0x00007ffb52fea000 	C:\WINDOWS\System32\ucrtbase.dll
0x00007ffb4cf30000 - 0x00007ffb4cf49000 	C:\Program Files\JetBrains\IntelliJ IDEA Community Edition 2019.3.3\jbr\bin\jli.dll
0x00007ffb4cf10000 - 0x00007ffb4cf27000 	C:\Program Files\JetBrains\IntelliJ IDEA Community Edition 2019.3.3\jbr\bin\VCRUNTIME140.dll
0x00007ffb550b0000 - 0x00007ffb55244000 	C:\WINDOWS\System32\USER32.dll
0x00007ffb532a0000 - 0x00007ffb532c1000 	C:\WINDOWS\System32\win32u.dll
0x00007ffb47030000 - 0x00007ffb472b4000 	C:\WINDOWS\WinSxS\amd64_microsoft.windows.common-controls_6595b64144ccf1df_6.0.18362.900_none_e6beb9d913147d17\COMCTL32.dll
0x00007ffb55080000 - 0x00007ffb550a6000 	C:\WINDOWS\System32\GDI32.dll
0x00007ffb536f0000 - 0x00007ffb5378e000 	C:\WINDOWS\System32\msvcrt.dll
0x00007ffb52bb0000 - 0x00007ffb52d45000 	C:\WINDOWS\System32\gdi32full.dll
0x00007ffb53450000 - 0x00007ffb534ee000 	C:\WINDOWS\System32\msvcp_win.dll
0x00007ffb53d30000 - 0x00007ffb54065000 	C:\WINDOWS\System32\combase.dll
0x00007ffb54eb0000 - 0x00007ffb54fd0000 	C:\WINDOWS\System32\RPCRT4.dll
0x00007ffb52e00000 - 0x00007ffb52e80000 	C:\WINDOWS\System32\bcryptPrimitives.dll
0x00007ffb542d0000 - 0x00007ffb542fe000 	C:\WINDOWS\System32\IMM32.DLL
0x00007ffb32910000 - 0x00007ffb329ad000 	C:\Program Files\JetBrains\IntelliJ IDEA Community Edition 2019.3.3\jbr\bin\msvcp140.dll
0x00007ffadc0d0000 - 0x00007ffadcb8b000 	C:\Program Files\JetBrains\IntelliJ IDEA Community Edition 2019.3.3\jbr\bin\server\jvm.dll
0x00007ffb552f0000 - 0x00007ffb55393000 	C:\WINDOWS\System32\ADVAPI32.dll
0x00007ffb55250000 - 0x00007ffb552e7000 	C:\WINDOWS\System32\sechost.dll
0x00007ffb55070000 - 0x00007ffb55078000 	C:\WINDOWS\System32\PSAPI.DLL
0x00007ffb45850000 - 0x00007ffb45859000 	C:\WINDOWS\SYSTEM32\WSOCK32.dll
0x00007ffb47000000 - 0x00007ffb47024000 	C:\WINDOWS\SYSTEM32\WINMM.dll
0x00007ffb53680000 - 0x00007ffb536ef000 	C:\WINDOWS\System32\WS2_32.dll
0x00007ffb4bfb0000 - 0x00007ffb4bfba000 	C:\WINDOWS\SYSTEM32\VERSION.dll
0x00007ffb46db0000 - 0x00007ffb46ddd000 	C:\WINDOWS\SYSTEM32\winmmbase.dll
0x00007ffb52ea0000 - 0x00007ffb52eea000 	C:\WINDOWS\System32\cfgmgr32.dll
0x00007ffb52370000 - 0x00007ffb52381000 	C:\WINDOWS\System32\kernel.appcore.dll
0x00007ffb4b960000 - 0x00007ffb4b971000 	C:\Program Files\JetBrains\IntelliJ IDEA Community Edition 2019.3.3\jbr\bin\verify.dll
0x00007ffb50c50000 - 0x00007ffb50e44000 	C:\WINDOWS\SYSTEM32\DBGHELP.DLL
0x00007ffb49ca0000 - 0x00007ffb49cca000 	C:\WINDOWS\SYSTEM32\dbgcore.DLL
0x00007ffb49df0000 - 0x00007ffb49e19000 	C:\Program Files\JetBrains\IntelliJ IDEA Community Edition 2019.3.3\jbr\bin\java.dll
0x00007ffb4a660000 - 0x00007ffb4a678000 	C:\Program Files\JetBrains\IntelliJ IDEA Community Edition 2019.3.3\jbr\bin\zip.dll
0x00007ffb4e840000 - 0x00007ffb4e84b000 	C:\Program Files\JetBrains\IntelliJ IDEA Community Edition 2019.3.3\jbr\bin\jimage.dll

dbghelp: loaded successfully - version: 4.0.5 - missing functions: none
symbol engine: initialized successfully - sym options: 0x614 - pdb path: .;C:\Program Files\JetBrains\IntelliJ IDEA Community Edition 2019.3.3\jbr\bin;C:\WINDOWS\SYSTEM32;C:\WINDOWS\WinSxS\amd64_microsoft.windows.common-controls_6595b64144ccf1df_6.0.18362.900_none_e6beb9d913147d17;C:\Program Files\JetBrains\IntelliJ IDEA Community Edition 2019.3.3\jbr\bin\server

VM Arguments:
java_command: org.jetbrains.git4idea.http.GitAskPassApp Username for 'https://github.com': 
java_class_path (initial): C:/Program Files/JetBrains/IntelliJ IDEA Community Edition 2019.3.3/plugins/git4idea/lib/git4idea-rt.jar;C:/Program Files/JetBrains/IntelliJ IDEA Community Edition 2019.3.3/lib/xmlrpc-2.0.1.jar;C:/Program Files/JetBrains/IntelliJ IDEA Community Edition 2019.3.3/lib/commons-codec-1.14.jar;C:/Program Files/JetBrains/IntelliJ IDEA Community Edition 2019.3.3/lib/util.jar
Launcher Type: SUN_STANDARD

[Global flags]
     intx CICompilerCount                          = 4                                         {product} {ergonomic}
     uint ConcGCThreads                            = 2                                         {product} {ergonomic}
     uint G1ConcRefinementThreads                  = 8                                         {product} {ergonomic}
   size_t G1HeapRegionSize                         = 1048576                                   {product} {ergonomic}
    uintx GCDrainStackTargetSize                   = 64                                        {product} {ergonomic}
   size_t InitialHeapSize                          = 268435456                                 {product} {ergonomic}
   size_t MarkStackSize                            = 4194304                                   {product} {ergonomic}
   size_t MaxHeapSize                              = 4265607168                                {product} {ergonomic}
   size_t MinHeapDeltaBytes                        = 1048576                                   {product} {ergonomic}
    uintx NonNMethodCodeHeapSize                   = 5836300                                {pd product} {ergonomic}
    uintx NonProfiledCodeHeapSize                  = 122910970                              {pd product} {ergonomic}
    uintx ProfiledCodeHeapSize                     = 122910970                              {pd product} {ergonomic}
    uintx ReservedCodeCacheSize                    = 251658240                              {pd product} {ergonomic}
     bool SegmentedCodeCache                       = true                                      {product} {ergonomic}
     bool UseCompressedClassPointers               = true                                 {lp64_product} {ergonomic}
     bool UseCompressedOops                        = true                                 {lp64_product} {ergonomic}
     bool UseG1GC                                  = true                                      {product} {ergonomic}
     bool UseLargePagesIndividualAllocation        = false                                  {pd product} {ergonomic}

Logging:
Log output configuration:
 #0: stdout all=warning uptime,level,tags
 #1: stderr all=off uptime,level,tags

Environment Variables:
JAVA_HOME=C:\Program Files\Java\jdk-13.0.2
PATH=C:\Program Files\Git\mingw64\libexec\git-core;C:\Program Files\Git\mingw64\libexec\git-core;C:\Program Files\Git\mingw64\bin;C:\Program Files\Git\usr\bin;C:\Users\Uziel Shemesh\bin;C:\WINDOWS\system32;C:\WINDOWS;C:\WINDOWS\System32\Wbem;C:\WINDOWS\System32\WindowsPowerShell\v1.0;C:\Program Files\dotnet;C:\Program Files (x86)\Wolfram Research\WolframScript;C:\WINDOWS\System32\OpenSSH;C:\Users\Uziel Shemesh\AppData\Local\Programs\Python\Python37\python35.exe;C:\Program Files\Git\cmd;C:\Program Files\MATLAB\R2019b\bin;C:\Program Files\Microsoft SQL Server\130\Tools\Binn;C:\Program Files\Microsoft SQL Server\120\Tools\Binn;C:\Program Files\Common Files\Autodesk Shared;C:\Program Files\Java\jdk-13.0.2\bin;C:\Users\Uziel Shemesh\AppData\Local\Programs\Python\Python38-32\Scripts;C:\Users\Uziel Shemesh\AppData\Local\Programs\Python\Python38-32;C:\Users\Uziel Shemesh\AppData\Local\Programs\Python\Python36\Scripts;C:\Users\Uziel Shemesh\AppData\Local\Programs\Python\Python36;C:\Users\Uziel Shemesh\AppData\Local\Programs\Python\Python37\Scripts;C:\Users\Uziel Shemesh\AppData\Local\Programs\Python\Python37;C:\Users\Uziel Shemesh\AppData\Local\Microsoft\WindowsApps;C:\Program Files\JetBrains\PyCharm 2019.1.2\bin;C:\Users\Uziel Shemesh\.dotnet\tools;C:\Users\Uziel Shemesh\AppData\Local\Programs\Microsoft VS Code\bin;C:\Program Files\JetBrains\IntelliJ IDEA Community Edition 2019.3.3\bin
USERNAME=Uziel Shemesh
DISPLAY=:0.0
OS=Windows_NT
PROCESSOR_IDENTIFIER=Intel64 Family 6 Model 142 Stepping 10, GenuineIntel



---------------  S Y S T E M  ---------------

OS: Windows 10 , 64 bit Build 18362 (10.0.18362.900)
OS uptime: 6 days 8:56 hours

CPU:total 8 (initial active 8) (4 cores per cpu, 2 threads per core) family 6 model 142 stepping 10, cmov, cx8, fxsr, mmx, sse, sse2, sse3, ssse3, sse4.1, sse4.2, popcnt, avx, avx2, aes, clmul, erms, 3dnowpref, lzcnt, ht, tsc, tscinvbit, bmi1, bmi2, adx, fma

Memory: 4k page, system-wide physical 16266M (9124M free)
TotalPageFile size 46723M (AvailPageFile size 246M)
current process WorkingSet (physical memory assigned to process): 10M, peak: 10M
current process commit charge ("private bytes"): 60M, peak: 316M

vm_info: OpenJDK 64-Bit Server VM (11.0.7+10-b765.53) for windows-amd64 JRE (11.0.7+10-b765.53), built on May 12 2020 04:38:25 by "" with MS VC++ 14.0 (VS2015)

END.
