#
# There is insufficient memory for the Java Runtime Environment to continue.
# Native memory allocation (mmap) failed to map 65011712 bytes for Failed to commit area from 0x0000000715000000 to 0x0000000718e00000 of length 65011712.
# Possible reasons:
#   The system is out of physical RAM or swap space
#   The process is running with CompressedOops enabled, and the Java Heap may be blocking the growth of the native heap
# Possible solutions:
#   Reduce memory load on the system
#   Increase physical memory or swap space
#   Check if swap backing store is full
#   Decrease Java heap size (-Xmx/-Xms)
#   Decrease number of Java threads
#   Decrease Java thread stack sizes (-Xss)
#   Set larger code cache with -XX:ReservedCodeCacheSize=
#   JVM is running with Zero Based Compressed Oops mode in which the Java heap is
#     placed in the first 32GB address space. The Java Heap base address is the
#     maximum limit for the native heap growth. Please use -XX:HeapBaseMinAddress
#     to set the Java Heap base and to place the Java Heap above 32GB virtual address.
# This output file may be truncated or incomplete.
#
#  Out of Memory Error (t:/workspace/open/src/hotspot/os/windows/os_windows.cpp:3301), pid=14408, tid=14612
#
# JRE version: Java(TM) SE Runtime Environment (13.0.2+8) (build 13.0.2+8)
# Java VM: Java HotSpot(TM) 64-Bit Server VM (13.0.2+8, mixed mode, sharing, tiered, compressed oops, g1 gc, windows-amd64)
# No core dump will be written. Minidumps are not enabled by default on client versions of Windows
#

---------------  S U M M A R Y ------------

Command Line: -ea -Didea.test.cyclic.buffer.size=1048576 -javaagent:C:\Program Files\JetBrains\IntelliJ IDEA Community Edition 2019.3.3\lib\idea_rt.jar=50616:C:\Program Files\JetBrains\IntelliJ IDEA Community Edition 2019.3.3\bin -Dfile.encoding=UTF-8 com.intellij.rt.junit.JUnitStarter -ideVersion5 -junit4 renderer.BoxTests,testSetMap

Host: Intel(R) Core(TM) i7-8550U CPU @ 1.80GHz, 8 cores, 15G,  Windows 10 , 64 bit Build 18362 (10.0.18362.900)
Time: Thu Jun 18 12:32:10 2020 Jerusalem Daylight Time elapsed time: 1 seconds (0d 0h 0m 1s)

---------------  T H R E A D  ---------------

Current thread (0x000002497b386000):  VMThread "VM Thread" [stack: 0x000000ee68d00000,0x000000ee68e00000] [id=14612]

Stack: [0x000000ee68d00000,0x000000ee68e00000]
[error occurred during error reporting (printing stack bounds), id 0xc0000005, EXCEPTION_ACCESS_VIOLATION (0xc0000005) at pc=0x000002495f5210ad]

Native frames: (J=compiled Java code, j=interpreted, Vv=VM code, C=native code)
V  [jvm.dll+0x624f9a]
V  [jvm.dll+0x770cfa]
V  [jvm.dll+0x7724af]
V  [jvm.dll+0x772a15]
V  [jvm.dll+0x7729cb]
V  [jvm.dll+0x6244df]
C  [ntdll.dll+0x785b6]
C  [ntdll.dll+0x6a056]
C  [ntdll.dll+0x9fe3e]
C  0x000002495f5210ad

VM_Operation (0x000000ee687fdb50): G1CollectForAllocation, mode: safepoint, requested by thread 0x0000024955832000


---------------  P R O C E S S  ---------------

Threads class SMR info:
_java_thread_list=0x000002497c2801e0, length=12, elements={
0x0000024955832000, 0x000002497b389800, 0x000002497b38c800, 0x000002497bc2b000,
0x000002497bc2c000, 0x000002497bc2d000, 0x000002497bc85000, 0x000002497bcaa800,
0x000002497b36f000, 0x000002497bd6f800, 0x000002497bda8000, 0x000002497bda9000
}

Java Threads: ( => current thread )
  0x0000024955832000 JavaThread "main" [_thread_blocked, id=11228, stack(0x000000ee68700000,0x000000ee68800000)]
  0x000002497b389800 JavaThread "Reference Handler" daemon [_thread_blocked, id=8508, stack(0x000000ee68e00000,0x000000ee68f00000)]
  0x000002497b38c800 JavaThread "Finalizer" daemon [_thread_blocked, id=20732, stack(0x000000ee68f00000,0x000000ee69000000)]
  0x000002497bc2b000 JavaThread "Signal Dispatcher" daemon [_thread_blocked, id=21564, stack(0x000000ee69000000,0x000000ee69100000)]
  0x000002497bc2c000 JavaThread "Attach Listener" daemon [_thread_blocked, id=3016, stack(0x000000ee69100000,0x000000ee69200000)]
  0x000002497bc2d000 JavaThread "C2 CompilerThread0" daemon [_thread_blocked, id=9900, stack(0x000000ee69200000,0x000000ee69300000)]
  0x000002497bc85000 JavaThread "C1 CompilerThread0" daemon [_thread_blocked, id=14460, stack(0x000000ee69300000,0x000000ee69400000)]
  0x000002497bcaa800 JavaThread "Sweeper thread" daemon [_thread_blocked, id=8720, stack(0x000000ee69400000,0x000000ee69500000)]
  0x000002497b36f000 JavaThread "Common-Cleaner" daemon [_thread_blocked, id=10392, stack(0x000000ee69500000,0x000000ee69600000)]
  0x000002497bd6f800 JavaThread "C2 CompilerThread1" daemon [_thread_blocked, id=19080, stack(0x000000ee69600000,0x000000ee69700000)]
  0x000002497bda8000 JavaThread "Monitor Ctrl-Break" daemon [_thread_in_native, id=20264, stack(0x000000ee69700000,0x000000ee69800000)]
  0x000002497bda9000 JavaThread "Service Thread" daemon [_thread_blocked, id=20552, stack(0x000000ee69800000,0x000000ee69900000)]

Other Threads:
=>0x000002497b386000 VMThread "VM Thread" [stack: 0x000000ee68d00000,0x000000ee68e00000] [id=14612]
  0x000002497bdae800 WatcherThread [stack: 0x000000ee69900000,0x000000ee69a00000] [id=17136]
  0x000002495589d000 GCTaskThread "GC Thread#0" [stack: 0x000000ee68800000,0x000000ee68900000] [id=21340]
  0x000002497c5cf800 GCTaskThread "GC Thread#1" [stack: 0x000000ee69b00000,0x000000ee69c00000] [id=1916]
  0x000002497c28c000 GCTaskThread "GC Thread#2" [stack: 0x000000ee69c00000,0x000000ee69d00000] [id=2592]
  0x000002497c28d000 GCTaskThread "GC Thread#3" [stack: 0x000000ee69d00000,0x000000ee69e00000] [id=17412]
  0x000002497c28d800 GCTaskThread "GC Thread#4" [stack: 0x000000ee69e00000,0x000000ee69f00000] [id=16108]
  0x000002497c27c000 GCTaskThread "GC Thread#5" [stack: 0x000000ee69f00000,0x000000ee6a000000] [id=13980]
  0x000002497cabb000 GCTaskThread "GC Thread#6" [stack: 0x000000ee69a00000,0x000000ee69b00000] [id=17632]
  0x00000249558be800 ConcurrentGCThread "G1 Main Marker" [stack: 0x000000ee68900000,0x000000ee68a00000] [id=2144]
  0x00000249558c0800 ConcurrentGCThread "G1 Conc#0" [stack: 0x000000ee68a00000,0x000000ee68b00000] [id=7032]
  0x000002497b286800 ConcurrentGCThread "G1 Refine#0" [stack: 0x000000ee68b00000,0x000000ee68c00000] [id=18360]
  0x000002497b287800 ConcurrentGCThread "G1 Young RemSet Sampling" [stack: 0x000000ee68c00000,0x000000ee68d00000] [id=9924]

Threads with active compile tasks:

VM state:at safepoint (normal execution)

VM Mutex/Monitor currently owned by a thread:  ([mutex/lock_event])
[0x000002495582d660] Threads_lock - owner thread: 0x000002497b386000
[0x000002495582dc00] Heap_lock - owner thread: 0x0000024955832000

Heap address: 0x0000000701c00000, size: 4068 MB, Compressed Oops mode: Zero based, Oop shift amount: 3
Narrow klass base: 0x0000000800000000, Narrow klass shift: 3
Compressed class space size: 1073741824 Address: 0x0000000800b40000

Heap:
 garbage-first heap   total 378880K, used 18163K [0x0000000701c00000, 0x0000000800000000)
  region size 1024K, 2 young (2048K), 2 survivors (2048K)
 Metaspace       used 3406K, capacity 5376K, committed 5504K, reserved 1056768K
  class space    used 357K, capacity 558K, committed 640K, reserved 1048576K
Heap Regions: E=young(eden), S=young(survivor), O=old, HS=humongous(starts), HC=humongous(continues), CS=collection set, F=free, A=archive, TAMS=top-at-mark-start (previous, next)
|   0|0x0000000701c00000, 0x0000000701d00000, 0x0000000701d00000|100%|HS|  |TAMS 0x0000000701c00000, 0x0000000701c00000| Complete 
|   1|0x0000000701d00000, 0x0000000701e00000, 0x0000000701e00000|100%|HC|  |TAMS 0x0000000701d00000, 0x0000000701d00000| Complete 
|   2|0x0000000701e00000, 0x0000000701f00000, 0x0000000701f00000|100%|HC|  |TAMS 0x0000000701e00000, 0x0000000701e00000| Complete 
|   3|0x0000000701f00000, 0x0000000702000000, 0x0000000702000000|100%|HC|  |TAMS 0x0000000701f00000, 0x0000000701f00000| Complete 
|   4|0x0000000702000000, 0x0000000702100000, 0x0000000702100000|100%|HC|  |TAMS 0x0000000702000000, 0x0000000702000000| Complete 
|   5|0x0000000702100000, 0x0000000702200000, 0x0000000702200000|100%|HC|  |TAMS 0x0000000702100000, 0x0000000702100000| Complete 
|   6|0x0000000702200000, 0x0000000702300000, 0x0000000702300000|100%|HC|  |TAMS 0x0000000702200000, 0x0000000702200000| Complete 
|   7|0x0000000702300000, 0x0000000702400000, 0x0000000702400000|100%|HC|  |TAMS 0x0000000702300000, 0x0000000702300000| Complete 
|   8|0x0000000702400000, 0x0000000702500000, 0x0000000702500000|100%|HC|  |TAMS 0x0000000702400000, 0x0000000702400000| Complete 
|   9|0x0000000702500000, 0x0000000702600000, 0x0000000702600000|100%|HC|  |TAMS 0x0000000702500000, 0x0000000702500000| Complete 
|  10|0x0000000702600000, 0x0000000702700000, 0x0000000702700000|100%|HC|  |TAMS 0x0000000702600000, 0x0000000702600000| Complete 
|  11|0x0000000702700000, 0x0000000702800000, 0x0000000702800000|100%|HC|  |TAMS 0x0000000702700000, 0x0000000702700000| Complete 
|  12|0x0000000702800000, 0x0000000702900000, 0x0000000702900000|100%|HC|  |TAMS 0x0000000702800000, 0x0000000702800000| Complete 
|  13|0x0000000702900000, 0x0000000702a00000, 0x0000000702a00000|100%|HC|  |TAMS 0x0000000702900000, 0x0000000702900000| Complete 
|  14|0x0000000702a00000, 0x0000000702b00000, 0x0000000702b00000|100%|HC|  |TAMS 0x0000000702a00000, 0x0000000702a00000| Complete 
|  15|0x0000000702b00000, 0x0000000702c00000, 0x0000000702c00000|100%|HC|  |TAMS 0x0000000702b00000, 0x0000000702b00000| Complete 
|  16|0x0000000702c00000, 0x0000000702c00000, 0x0000000702d00000|  0%| F|  |TAMS 0x0000000702c00000, 0x0000000702c00000| Untracked 
|  17|0x0000000702d00000, 0x0000000702d00000, 0x0000000702e00000|  0%| F|  |TAMS 0x0000000702d00000, 0x0000000702d00000| Untracked 
|  18|0x0000000702e00000, 0x0000000702e00000, 0x0000000702f00000|  0%| F|  |TAMS 0x0000000702e00000, 0x0000000702e00000| Untracked 
|  19|0x0000000702f00000, 0x0000000702f00000, 0x0000000703000000|  0%| F|  |TAMS 0x0000000702f00000, 0x0000000702f00000| Untracked 
|  20|0x0000000703000000, 0x0000000703000000, 0x0000000703100000|  0%| F|  |TAMS 0x0000000703000000, 0x0000000703000000| Untracked 
|  21|0x0000000703100000, 0x0000000703100000, 0x0000000703200000|  0%| F|  |TAMS 0x0000000703100000, 0x0000000703100000| Untracked 
|  22|0x0000000703200000, 0x0000000703200000, 0x0000000703300000|  0%| F|  |TAMS 0x0000000703200000, 0x0000000703200000| Untracked 
|  23|0x0000000703300000, 0x0000000703300000, 0x0000000703400000|  0%| F|  |TAMS 0x0000000703300000, 0x0000000703300000| Untracked 
|  24|0x0000000703400000, 0x0000000703400000, 0x0000000703500000|  0%| F|  |TAMS 0x0000000703400000, 0x0000000703400000| Untracked 
|  25|0x0000000703500000, 0x0000000703500000, 0x0000000703600000|  0%| F|  |TAMS 0x0000000703500000, 0x0000000703500000| Untracked 
|  26|0x0000000703600000, 0x0000000703600000, 0x0000000703700000|  0%| F|  |TAMS 0x0000000703600000, 0x0000000703600000| Untracked 
|  27|0x0000000703700000, 0x0000000703700000, 0x0000000703800000|  0%| F|  |TAMS 0x0000000703700000, 0x0000000703700000| Untracked 
|  28|0x0000000703800000, 0x0000000703800000, 0x0000000703900000|  0%| F|  |TAMS 0x0000000703800000, 0x0000000703800000| Untracked 
|  29|0x0000000703900000, 0x0000000703900000, 0x0000000703a00000|  0%| F|  |TAMS 0x0000000703900000, 0x0000000703900000| Untracked 
|  30|0x0000000703a00000, 0x0000000703a00000, 0x0000000703b00000|  0%| F|  |TAMS 0x0000000703a00000, 0x0000000703a00000| Untracked 
|  31|0x0000000703b00000, 0x0000000703b00000, 0x0000000703c00000|  0%| F|  |TAMS 0x0000000703b00000, 0x0000000703b00000| Untracked 
|  32|0x0000000703c00000, 0x0000000703c00000, 0x0000000703d00000|  0%| F|  |TAMS 0x0000000703c00000, 0x0000000703c00000| Untracked 
|  33|0x0000000703d00000, 0x0000000703d00000, 0x0000000703e00000|  0%| F|  |TAMS 0x0000000703d00000, 0x0000000703d00000| Untracked 
|  34|0x0000000703e00000, 0x0000000703e00000, 0x0000000703f00000|  0%| F|  |TAMS 0x0000000703e00000, 0x0000000703e00000| Untracked 
|  35|0x0000000703f00000, 0x0000000703f00000, 0x0000000704000000|  0%| F|  |TAMS 0x0000000703f00000, 0x0000000703f00000| Untracked 
|  36|0x0000000704000000, 0x0000000704000000, 0x0000000704100000|  0%| F|  |TAMS 0x0000000704000000, 0x0000000704000000| Untracked 
|  37|0x0000000704100000, 0x0000000704100000, 0x0000000704200000|  0%| F|  |TAMS 0x0000000704100000, 0x0000000704100000| Untracked 
|  38|0x0000000704200000, 0x0000000704200000, 0x0000000704300000|  0%| F|  |TAMS 0x0000000704200000, 0x0000000704200000| Untracked 
|  39|0x0000000704300000, 0x0000000704300000, 0x0000000704400000|  0%| F|  |TAMS 0x0000000704300000, 0x0000000704300000| Untracked 
|  40|0x0000000704400000, 0x0000000704400000, 0x0000000704500000|  0%| F|  |TAMS 0x0000000704400000, 0x0000000704400000| Untracked 
|  41|0x0000000704500000, 0x0000000704500000, 0x0000000704600000|  0%| F|  |TAMS 0x0000000704500000, 0x0000000704500000| Untracked 
|  42|0x0000000704600000, 0x0000000704600000, 0x0000000704700000|  0%| F|  |TAMS 0x0000000704600000, 0x0000000704600000| Untracked 
|  43|0x0000000704700000, 0x0000000704700000, 0x0000000704800000|  0%| F|  |TAMS 0x0000000704700000, 0x0000000704700000| Untracked 
|  44|0x0000000704800000, 0x0000000704800000, 0x0000000704900000|  0%| F|  |TAMS 0x0000000704800000, 0x0000000704800000| Untracked 
|  45|0x0000000704900000, 0x0000000704900000, 0x0000000704a00000|  0%| F|  |TAMS 0x0000000704900000, 0x0000000704900000| Untracked 
|  46|0x0000000704a00000, 0x0000000704a00000, 0x0000000704b00000|  0%| F|  |TAMS 0x0000000704a00000, 0x0000000704a00000| Untracked 
|  47|0x0000000704b00000, 0x0000000704b00000, 0x0000000704c00000|  0%| F|  |TAMS 0x0000000704b00000, 0x0000000704b00000| Untracked 
|  48|0x0000000704c00000, 0x0000000704c00000, 0x0000000704d00000|  0%| F|  |TAMS 0x0000000704c00000, 0x0000000704c00000| Untracked 
|  49|0x0000000704d00000, 0x0000000704d00000, 0x0000000704e00000|  0%| F|  |TAMS 0x0000000704d00000, 0x0000000704d00000| Untracked 
|  50|0x0000000704e00000, 0x0000000704e00000, 0x0000000704f00000|  0%| F|  |TAMS 0x0000000704e00000, 0x0000000704e00000| Untracked 
|  51|0x0000000704f00000, 0x0000000704f00000, 0x0000000705000000|  0%| F|  |TAMS 0x0000000704f00000, 0x0000000704f00000| Untracked 
|  52|0x0000000705000000, 0x0000000705000000, 0x0000000705100000|  0%| F|  |TAMS 0x0000000705000000, 0x0000000705000000| Untracked 
|  53|0x0000000705100000, 0x0000000705100000, 0x0000000705200000|  0%| F|  |TAMS 0x0000000705100000, 0x0000000705100000| Untracked 
|  54|0x0000000705200000, 0x0000000705200000, 0x0000000705300000|  0%| F|  |TAMS 0x0000000705200000, 0x0000000705200000| Untracked 
|  55|0x0000000705300000, 0x0000000705300000, 0x0000000705400000|  0%| F|  |TAMS 0x0000000705300000, 0x0000000705300000| Untracked 
|  56|0x0000000705400000, 0x0000000705400000, 0x0000000705500000|  0%| F|  |TAMS 0x0000000705400000, 0x0000000705400000| Untracked 
|  57|0x0000000705500000, 0x0000000705500000, 0x0000000705600000|  0%| F|  |TAMS 0x0000000705500000, 0x0000000705500000| Untracked 
|  58|0x0000000705600000, 0x0000000705600000, 0x0000000705700000|  0%| F|  |TAMS 0x0000000705600000, 0x0000000705600000| Untracked 
|  59|0x0000000705700000, 0x0000000705700000, 0x0000000705800000|  0%| F|  |TAMS 0x0000000705700000, 0x0000000705700000| Untracked 
|  60|0x0000000705800000, 0x0000000705800000, 0x0000000705900000|  0%| F|  |TAMS 0x0000000705800000, 0x0000000705800000| Untracked 
|  61|0x0000000705900000, 0x0000000705900000, 0x0000000705a00000|  0%| F|  |TAMS 0x0000000705900000, 0x0000000705900000| Untracked 
|  62|0x0000000705a00000, 0x0000000705a00000, 0x0000000705b00000|  0%| F|  |TAMS 0x0000000705a00000, 0x0000000705a00000| Untracked 
|  63|0x0000000705b00000, 0x0000000705b00000, 0x0000000705c00000|  0%| F|  |TAMS 0x0000000705b00000, 0x0000000705b00000| Untracked 
|  64|0x0000000705c00000, 0x0000000705c00000, 0x0000000705d00000|  0%| F|  |TAMS 0x0000000705c00000, 0x0000000705c00000| Untracked 
|  65|0x0000000705d00000, 0x0000000705d00000, 0x0000000705e00000|  0%| F|  |TAMS 0x0000000705d00000, 0x0000000705d00000| Untracked 
|  66|0x0000000705e00000, 0x0000000705e00000, 0x0000000705f00000|  0%| F|  |TAMS 0x0000000705e00000, 0x0000000705e00000| Untracked 
|  67|0x0000000705f00000, 0x0000000705f00000, 0x0000000706000000|  0%| F|  |TAMS 0x0000000705f00000, 0x0000000705f00000| Untracked 
|  68|0x0000000706000000, 0x0000000706000000, 0x0000000706100000|  0%| F|  |TAMS 0x0000000706000000, 0x0000000706000000| Untracked 
|  69|0x0000000706100000, 0x0000000706100000, 0x0000000706200000|  0%| F|  |TAMS 0x0000000706100000, 0x0000000706100000| Untracked 
|  70|0x0000000706200000, 0x0000000706200000, 0x0000000706300000|  0%| F|  |TAMS 0x0000000706200000, 0x0000000706200000| Untracked 
|  71|0x0000000706300000, 0x0000000706300000, 0x0000000706400000|  0%| F|  |TAMS 0x0000000706300000, 0x0000000706300000| Untracked 
|  72|0x0000000706400000, 0x0000000706400000, 0x0000000706500000|  0%| F|  |TAMS 0x0000000706400000, 0x0000000706400000| Untracked 
|  73|0x0000000706500000, 0x0000000706500000, 0x0000000706600000|  0%| F|  |TAMS 0x0000000706500000, 0x0000000706500000| Untracked 
|  74|0x0000000706600000, 0x0000000706600000, 0x0000000706700000|  0%| F|  |TAMS 0x0000000706600000, 0x0000000706600000| Untracked 
|  75|0x0000000706700000, 0x0000000706700000, 0x0000000706800000|  0%| F|  |TAMS 0x0000000706700000, 0x0000000706700000| Untracked 
|  76|0x0000000706800000, 0x0000000706800000, 0x0000000706900000|  0%| F|  |TAMS 0x0000000706800000, 0x0000000706800000| Untracked 
|  77|0x0000000706900000, 0x0000000706900000, 0x0000000706a00000|  0%| F|  |TAMS 0x0000000706900000, 0x0000000706900000| Untracked 
|  78|0x0000000706a00000, 0x0000000706a00000, 0x0000000706b00000|  0%| F|  |TAMS 0x0000000706a00000, 0x0000000706a00000| Untracked 
|  79|0x0000000706b00000, 0x0000000706b00000, 0x0000000706c00000|  0%| F|  |TAMS 0x0000000706b00000, 0x0000000706b00000| Untracked 
|  80|0x0000000706c00000, 0x0000000706c00000, 0x0000000706d00000|  0%| F|  |TAMS 0x0000000706c00000, 0x0000000706c00000| Untracked 
|  81|0x0000000706d00000, 0x0000000706d00000, 0x0000000706e00000|  0%| F|  |TAMS 0x0000000706d00000, 0x0000000706d00000| Untracked 
|  82|0x0000000706e00000, 0x0000000706e00000, 0x0000000706f00000|  0%| F|  |TAMS 0x0000000706e00000, 0x0000000706e00000| Untracked 
|  83|0x0000000706f00000, 0x0000000706f00000, 0x0000000707000000|  0%| F|  |TAMS 0x0000000706f00000, 0x0000000706f00000| Untracked 
|  84|0x0000000707000000, 0x0000000707000000, 0x0000000707100000|  0%| F|  |TAMS 0x0000000707000000, 0x0000000707000000| Untracked 
|  85|0x0000000707100000, 0x0000000707100000, 0x0000000707200000|  0%| F|  |TAMS 0x0000000707100000, 0x0000000707100000| Untracked 
|  86|0x0000000707200000, 0x0000000707200000, 0x0000000707300000|  0%| F|  |TAMS 0x0000000707200000, 0x0000000707200000| Untracked 
|  87|0x0000000707300000, 0x0000000707300000, 0x0000000707400000|  0%| F|  |TAMS 0x0000000707300000, 0x0000000707300000| Untracked 
|  88|0x0000000707400000, 0x0000000707400000, 0x0000000707500000|  0%| F|  |TAMS 0x0000000707400000, 0x0000000707400000| Untracked 
|  89|0x0000000707500000, 0x0000000707500000, 0x0000000707600000|  0%| F|  |TAMS 0x0000000707500000, 0x0000000707500000| Untracked 
|  90|0x0000000707600000, 0x0000000707600000, 0x0000000707700000|  0%| F|  |TAMS 0x0000000707600000, 0x0000000707600000| Untracked 
|  91|0x0000000707700000, 0x0000000707700000, 0x0000000707800000|  0%| F|  |TAMS 0x0000000707700000, 0x0000000707700000| Untracked 
|  92|0x0000000707800000, 0x0000000707800000, 0x0000000707900000|  0%| F|  |TAMS 0x0000000707800000, 0x0000000707800000| Untracked 
|  93|0x0000000707900000, 0x0000000707900000, 0x0000000707a00000|  0%| F|  |TAMS 0x0000000707900000, 0x0000000707900000| Untracked 
|  94|0x0000000707a00000, 0x0000000707a00000, 0x0000000707b00000|  0%| F|  |TAMS 0x0000000707a00000, 0x0000000707a00000| Untracked 
|  95|0x0000000707b00000, 0x0000000707b00000, 0x0000000707c00000|  0%| F|  |TAMS 0x0000000707b00000, 0x0000000707b00000| Untracked 
|  96|0x0000000707c00000, 0x0000000707c00000, 0x0000000707d00000|  0%| F|  |TAMS 0x0000000707c00000, 0x0000000707c00000| Untracked 
|  97|0x0000000707d00000, 0x0000000707d00000, 0x0000000707e00000|  0%| F|  |TAMS 0x0000000707d00000, 0x0000000707d00000| Untracked 
|  98|0x0000000707e00000, 0x0000000707e00000, 0x0000000707f00000|  0%| F|  |TAMS 0x0000000707e00000, 0x0000000707e00000| Untracked 
|  99|0x0000000707f00000, 0x0000000707f00000, 0x0000000708000000|  0%| F|  |TAMS 0x0000000707f00000, 0x0000000707f00000| Untracked 
| 100|0x0000000708000000, 0x0000000708000000, 0x0000000708100000|  0%| F|  |TAMS 0x0000000708000000, 0x0000000708000000| Untracked 
| 101|0x0000000708100000, 0x0000000708100000, 0x0000000708200000|  0%| F|  |TAMS 0x0000000708100000, 0x0000000708100000| Untracked 
| 102|0x0000000708200000, 0x0000000708200000, 0x0000000708300000|  0%| F|  |TAMS 0x0000000708200000, 0x0000000708200000| Untracked 
| 103|0x0000000708300000, 0x0000000708300000, 0x0000000708400000|  0%| F|  |TAMS 0x0000000708300000, 0x0000000708300000| Untracked 
| 104|0x0000000708400000, 0x0000000708400000, 0x0000000708500000|  0%| F|  |TAMS 0x0000000708400000, 0x0000000708400000| Untracked 
| 105|0x0000000708500000, 0x0000000708500000, 0x0000000708600000|  0%| F|  |TAMS 0x0000000708500000, 0x0000000708500000| Untracked 
| 106|0x0000000708600000, 0x0000000708600000, 0x0000000708700000|  0%| F|  |TAMS 0x0000000708600000, 0x0000000708600000| Untracked 
| 107|0x0000000708700000, 0x0000000708700000, 0x0000000708800000|  0%| F|  |TAMS 0x0000000708700000, 0x0000000708700000| Untracked 
| 108|0x0000000708800000, 0x0000000708800000, 0x0000000708900000|  0%| F|  |TAMS 0x0000000708800000, 0x0000000708800000| Untracked 
| 109|0x0000000708900000, 0x0000000708900000, 0x0000000708a00000|  0%| F|  |TAMS 0x0000000708900000, 0x0000000708900000| Untracked 
| 110|0x0000000708a00000, 0x0000000708a00000, 0x0000000708b00000|  0%| F|  |TAMS 0x0000000708a00000, 0x0000000708a00000| Untracked 
| 111|0x0000000708b00000, 0x0000000708b00000, 0x0000000708c00000|  0%| F|  |TAMS 0x0000000708b00000, 0x0000000708b00000| Untracked 
| 112|0x0000000708c00000, 0x0000000708c00000, 0x0000000708d00000|  0%| F|  |TAMS 0x0000000708c00000, 0x0000000708c00000| Untracked 
| 113|0x0000000708d00000, 0x0000000708d00000, 0x0000000708e00000|  0%| F|  |TAMS 0x0000000708d00000, 0x0000000708d00000| Untracked 
| 114|0x0000000708e00000, 0x0000000708e00000, 0x0000000708f00000|  0%| F|  |TAMS 0x0000000708e00000, 0x0000000708e00000| Untracked 
| 115|0x0000000708f00000, 0x0000000708f00000, 0x0000000709000000|  0%| F|  |TAMS 0x0000000708f00000, 0x0000000708f00000| Untracked 
| 116|0x0000000709000000, 0x0000000709000000, 0x0000000709100000|  0%| F|  |TAMS 0x0000000709000000, 0x0000000709000000| Untracked 
| 117|0x0000000709100000, 0x0000000709100000, 0x0000000709200000|  0%| F|  |TAMS 0x0000000709100000, 0x0000000709100000| Untracked 
| 118|0x0000000709200000, 0x0000000709200000, 0x0000000709300000|  0%| F|  |TAMS 0x0000000709200000, 0x0000000709200000| Untracked 
| 119|0x0000000709300000, 0x0000000709300000, 0x0000000709400000|  0%| F|  |TAMS 0x0000000709300000, 0x0000000709300000| Untracked 
| 120|0x0000000709400000, 0x0000000709400000, 0x0000000709500000|  0%| F|  |TAMS 0x0000000709400000, 0x0000000709400000| Untracked 
| 121|0x0000000709500000, 0x0000000709500000, 0x0000000709600000|  0%| F|  |TAMS 0x0000000709500000, 0x0000000709500000| Untracked 
| 122|0x0000000709600000, 0x00000007096bcc00, 0x0000000709700000| 73%| S|CS|TAMS 0x0000000709600000, 0x0000000709600000| Complete 
| 123|0x0000000709700000, 0x0000000709800000, 0x0000000709800000|100%| S|CS|TAMS 0x0000000709700000, 0x0000000709700000| Complete 
| 124|0x0000000709800000, 0x0000000709800000, 0x0000000709900000|  0%| F|  |TAMS 0x0000000709800000, 0x0000000709800000| Untracked 
| 125|0x0000000709900000, 0x0000000709900000, 0x0000000709a00000|  0%| F|  |TAMS 0x0000000709900000, 0x0000000709900000| Untracked 
| 126|0x0000000709a00000, 0x0000000709a00000, 0x0000000709b00000|  0%| F|  |TAMS 0x0000000709a00000, 0x0000000709a00000| Untracked 
| 127|0x0000000709b00000, 0x0000000709b00000, 0x0000000709c00000|  0%| F|  |TAMS 0x0000000709b00000, 0x0000000709b00000| Untracked 
| 128|0x0000000709c00000, 0x0000000709c00000, 0x0000000709d00000|  0%| F|  |TAMS 0x0000000709c00000, 0x0000000709c00000| Untracked 
| 129|0x0000000709d00000, 0x0000000709d00000, 0x0000000709e00000|  0%| F|  |TAMS 0x0000000709d00000, 0x0000000709d00000| Untracked 
| 130|0x0000000709e00000, 0x0000000709e00000, 0x0000000709f00000|  0%| F|  |TAMS 0x0000000709e00000, 0x0000000709e00000| Untracked 
| 131|0x0000000709f00000, 0x0000000709f00000, 0x000000070a000000|  0%| F|  |TAMS 0x0000000709f00000, 0x0000000709f00000| Untracked 
| 132|0x000000070a000000, 0x000000070a000000, 0x000000070a100000|  0%| F|  |TAMS 0x000000070a000000, 0x000000070a000000| Untracked 
| 133|0x000000070a100000, 0x000000070a100000, 0x000000070a200000|  0%| F|  |TAMS 0x000000070a100000, 0x000000070a100000| Untracked 
| 134|0x000000070a200000, 0x000000070a200000, 0x000000070a300000|  0%| F|  |TAMS 0x000000070a200000, 0x000000070a200000| Untracked 
| 135|0x000000070a300000, 0x000000070a300000, 0x000000070a400000|  0%| F|  |TAMS 0x000000070a300000, 0x000000070a300000| Untracked 
| 136|0x000000070a400000, 0x000000070a400000, 0x000000070a500000|  0%| F|  |TAMS 0x000000070a400000, 0x000000070a400000| Untracked 
| 137|0x000000070a500000, 0x000000070a500000, 0x000000070a600000|  0%| F|  |TAMS 0x000000070a500000, 0x000000070a500000| Untracked 
| 138|0x000000070a600000, 0x000000070a600000, 0x000000070a700000|  0%| F|  |TAMS 0x000000070a600000, 0x000000070a600000| Untracked 
| 139|0x000000070a700000, 0x000000070a700000, 0x000000070a800000|  0%| F|  |TAMS 0x000000070a700000, 0x000000070a700000| Untracked 
| 140|0x000000070a800000, 0x000000070a800000, 0x000000070a900000|  0%| F|  |TAMS 0x000000070a800000, 0x000000070a800000| Untracked 
| 141|0x000000070a900000, 0x000000070a900000, 0x000000070aa00000|  0%| F|  |TAMS 0x000000070a900000, 0x000000070a900000| Untracked 
| 142|0x000000070aa00000, 0x000000070aa00000, 0x000000070ab00000|  0%| F|  |TAMS 0x000000070aa00000, 0x000000070aa00000| Untracked 
| 143|0x000000070ab00000, 0x000000070ab00000, 0x000000070ac00000|  0%| F|  |TAMS 0x000000070ab00000, 0x000000070ab00000| Untracked 
| 144|0x000000070ac00000, 0x000000070ac00000, 0x000000070ad00000|  0%| F|  |TAMS 0x000000070ac00000, 0x000000070ac00000| Untracked 
| 145|0x000000070ad00000, 0x000000070ad00000, 0x000000070ae00000|  0%| F|  |TAMS 0x000000070ad00000, 0x000000070ad00000| Untracked 
| 146|0x000000070ae00000, 0x000000070ae00000, 0x000000070af00000|  0%| F|  |TAMS 0x000000070ae00000, 0x000000070ae00000| Untracked 
| 147|0x000000070af00000, 0x000000070af00000, 0x000000070b000000|  0%| F|  |TAMS 0x000000070af00000, 0x000000070af00000| Untracked 
| 148|0x000000070b000000, 0x000000070b000000, 0x000000070b100000|  0%| F|  |TAMS 0x000000070b000000, 0x000000070b000000| Untracked 
| 149|0x000000070b100000, 0x000000070b100000, 0x000000070b200000|  0%| F|  |TAMS 0x000000070b100000, 0x000000070b100000| Untracked 
| 150|0x000000070b200000, 0x000000070b200000, 0x000000070b300000|  0%| F|  |TAMS 0x000000070b200000, 0x000000070b200000| Untracked 
| 151|0x000000070b300000, 0x000000070b300000, 0x000000070b400000|  0%| F|  |TAMS 0x000000070b300000, 0x000000070b300000| Untracked 
| 152|0x000000070b400000, 0x000000070b400000, 0x000000070b500000|  0%| F|  |TAMS 0x000000070b400000, 0x000000070b400000| Untracked 
| 153|0x000000070b500000, 0x000000070b500000, 0x000000070b600000|  0%| F|  |TAMS 0x000000070b500000, 0x000000070b500000| Untracked 
| 154|0x000000070b600000, 0x000000070b600000, 0x000000070b700000|  0%| F|  |TAMS 0x000000070b600000, 0x000000070b600000| Untracked 
| 155|0x000000070b700000, 0x000000070b700000, 0x000000070b800000|  0%| F|  |TAMS 0x000000070b700000, 0x000000070b700000| Untracked 
| 156|0x000000070b800000, 0x000000070b800000, 0x000000070b900000|  0%| F|  |TAMS 0x000000070b800000, 0x000000070b800000| Untracked 
| 157|0x000000070b900000, 0x000000070b900000, 0x000000070ba00000|  0%| F|  |TAMS 0x000000070b900000, 0x000000070b900000| Untracked 
| 158|0x000000070ba00000, 0x000000070ba00000, 0x000000070bb00000|  0%| F|  |TAMS 0x000000070ba00000, 0x000000070ba00000| Untracked 
| 159|0x000000070bb00000, 0x000000070bb00000, 0x000000070bc00000|  0%| F|  |TAMS 0x000000070bb00000, 0x000000070bb00000| Untracked 
| 160|0x000000070bc00000, 0x000000070bc00000, 0x000000070bd00000|  0%| F|  |TAMS 0x000000070bc00000, 0x000000070bc00000| Untracked 
| 161|0x000000070bd00000, 0x000000070bd00000, 0x000000070be00000|  0%| F|  |TAMS 0x000000070bd00000, 0x000000070bd00000| Untracked 
| 162|0x000000070be00000, 0x000000070be00000, 0x000000070bf00000|  0%| F|  |TAMS 0x000000070be00000, 0x000000070be00000| Untracked 
| 163|0x000000070bf00000, 0x000000070bf00000, 0x000000070c000000|  0%| F|  |TAMS 0x000000070bf00000, 0x000000070bf00000| Untracked 
| 164|0x000000070c000000, 0x000000070c000000, 0x000000070c100000|  0%| F|  |TAMS 0x000000070c000000, 0x000000070c000000| Untracked 
| 165|0x000000070c100000, 0x000000070c100000, 0x000000070c200000|  0%| F|  |TAMS 0x000000070c100000, 0x000000070c100000| Untracked 
| 166|0x000000070c200000, 0x000000070c200000, 0x000000070c300000|  0%| F|  |TAMS 0x000000070c200000, 0x000000070c200000| Untracked 
| 167|0x000000070c300000, 0x000000070c300000, 0x000000070c400000|  0%| F|  |TAMS 0x000000070c300000, 0x000000070c300000| Untracked 
| 168|0x000000070c400000, 0x000000070c400000, 0x000000070c500000|  0%| F|  |TAMS 0x000000070c400000, 0x000000070c400000| Untracked 
| 169|0x000000070c500000, 0x000000070c500000, 0x000000070c600000|  0%| F|  |TAMS 0x000000070c500000, 0x000000070c500000| Untracked 
| 170|0x000000070c600000, 0x000000070c600000, 0x000000070c700000|  0%| F|  |TAMS 0x000000070c600000, 0x000000070c600000| Untracked 
| 171|0x000000070c700000, 0x000000070c700000, 0x000000070c800000|  0%| F|  |TAMS 0x000000070c700000, 0x000000070c700000| Untracked 
| 172|0x000000070c800000, 0x000000070c800000, 0x000000070c900000|  0%| F|  |TAMS 0x000000070c800000, 0x000000070c800000| Untracked 
| 173|0x000000070c900000, 0x000000070c900000, 0x000000070ca00000|  0%| F|  |TAMS 0x000000070c900000, 0x000000070c900000| Untracked 
| 174|0x000000070ca00000, 0x000000070ca00000, 0x000000070cb00000|  0%| F|  |TAMS 0x000000070ca00000, 0x000000070ca00000| Untracked 
| 175|0x000000070cb00000, 0x000000070cb00000, 0x000000070cc00000|  0%| F|  |TAMS 0x000000070cb00000, 0x000000070cb00000| Untracked 
| 176|0x000000070cc00000, 0x000000070cc00000, 0x000000070cd00000|  0%| F|  |TAMS 0x000000070cc00000, 0x000000070cc00000| Untracked 
| 177|0x000000070cd00000, 0x000000070cd00000, 0x000000070ce00000|  0%| F|  |TAMS 0x000000070cd00000, 0x000000070cd00000| Untracked 
| 178|0x000000070ce00000, 0x000000070ce00000, 0x000000070cf00000|  0%| F|  |TAMS 0x000000070ce00000, 0x000000070ce00000| Untracked 
| 179|0x000000070cf00000, 0x000000070cf00000, 0x000000070d000000|  0%| F|  |TAMS 0x000000070cf00000, 0x000000070cf00000| Untracked 
| 180|0x000000070d000000, 0x000000070d000000, 0x000000070d100000|  0%| F|  |TAMS 0x000000070d000000, 0x000000070d000000| Untracked 
| 181|0x000000070d100000, 0x000000070d100000, 0x000000070d200000|  0%| F|  |TAMS 0x000000070d100000, 0x000000070d100000| Untracked 
| 182|0x000000070d200000, 0x000000070d200000, 0x000000070d300000|  0%| F|  |TAMS 0x000000070d200000, 0x000000070d200000| Untracked 
| 183|0x000000070d300000, 0x000000070d300000, 0x000000070d400000|  0%| F|  |TAMS 0x000000070d300000, 0x000000070d300000| Untracked 
| 184|0x000000070d400000, 0x000000070d400000, 0x000000070d500000|  0%| F|  |TAMS 0x000000070d400000, 0x000000070d400000| Untracked 
| 185|0x000000070d500000, 0x000000070d500000, 0x000000070d600000|  0%| F|  |TAMS 0x000000070d500000, 0x000000070d500000| Untracked 
| 186|0x000000070d600000, 0x000000070d600000, 0x000000070d700000|  0%| F|  |TAMS 0x000000070d600000, 0x000000070d600000| Untracked 
| 187|0x000000070d700000, 0x000000070d700000, 0x000000070d800000|  0%| F|  |TAMS 0x000000070d700000, 0x000000070d700000| Untracked 
| 188|0x000000070d800000, 0x000000070d800000, 0x000000070d900000|  0%| F|  |TAMS 0x000000070d800000, 0x000000070d800000| Untracked 
| 189|0x000000070d900000, 0x000000070d900000, 0x000000070da00000|  0%| F|  |TAMS 0x000000070d900000, 0x000000070d900000| Untracked 
| 190|0x000000070da00000, 0x000000070da00000, 0x000000070db00000|  0%| F|  |TAMS 0x000000070da00000, 0x000000070da00000| Untracked 
| 191|0x000000070db00000, 0x000000070db00000, 0x000000070dc00000|  0%| F|  |TAMS 0x000000070db00000, 0x000000070db00000| Untracked 
| 192|0x000000070dc00000, 0x000000070dc00000, 0x000000070dd00000|  0%| F|  |TAMS 0x000000070dc00000, 0x000000070dc00000| Untracked 
| 193|0x000000070dd00000, 0x000000070dd00000, 0x000000070de00000|  0%| F|  |TAMS 0x000000070dd00000, 0x000000070dd00000| Untracked 
| 194|0x000000070de00000, 0x000000070de00000, 0x000000070df00000|  0%| F|  |TAMS 0x000000070de00000, 0x000000070de00000| Untracked 
| 195|0x000000070df00000, 0x000000070df00000, 0x000000070e000000|  0%| F|  |TAMS 0x000000070df00000, 0x000000070df00000| Untracked 
| 196|0x000000070e000000, 0x000000070e000000, 0x000000070e100000|  0%| F|  |TAMS 0x000000070e000000, 0x000000070e000000| Untracked 
| 197|0x000000070e100000, 0x000000070e100000, 0x000000070e200000|  0%| F|  |TAMS 0x000000070e100000, 0x000000070e100000| Untracked 
| 198|0x000000070e200000, 0x000000070e200000, 0x000000070e300000|  0%| F|  |TAMS 0x000000070e200000, 0x000000070e200000| Untracked 
| 199|0x000000070e300000, 0x000000070e300000, 0x000000070e400000|  0%| F|  |TAMS 0x000000070e300000, 0x000000070e300000| Untracked 
| 200|0x000000070e400000, 0x000000070e400000, 0x000000070e500000|  0%| F|  |TAMS 0x000000070e400000, 0x000000070e400000| Untracked 
| 201|0x000000070e500000, 0x000000070e500000, 0x000000070e600000|  0%| F|  |TAMS 0x000000070e500000, 0x000000070e500000| Untracked 
| 202|0x000000070e600000, 0x000000070e600000, 0x000000070e700000|  0%| F|  |TAMS 0x000000070e600000, 0x000000070e600000| Untracked 
| 203|0x000000070e700000, 0x000000070e700000, 0x000000070e800000|  0%| F|  |TAMS 0x000000070e700000, 0x000000070e700000| Untracked 
| 204|0x000000070e800000, 0x000000070e800000, 0x000000070e900000|  0%| F|  |TAMS 0x000000070e800000, 0x000000070e800000| Untracked 
| 205|0x000000070e900000, 0x000000070e900000, 0x000000070ea00000|  0%| F|  |TAMS 0x000000070e900000, 0x000000070e900000| Untracked 
| 206|0x000000070ea00000, 0x000000070ea00000, 0x000000070eb00000|  0%| F|  |TAMS 0x000000070ea00000, 0x000000070ea00000| Untracked 
| 207|0x000000070eb00000, 0x000000070eb00000, 0x000000070ec00000|  0%| F|  |TAMS 0x000000070eb00000, 0x000000070eb00000| Untracked 
| 208|0x000000070ec00000, 0x000000070ec00000, 0x000000070ed00000|  0%| F|  |TAMS 0x000000070ec00000, 0x000000070ec00000| Untracked 
| 209|0x000000070ed00000, 0x000000070ed00000, 0x000000070ee00000|  0%| F|  |TAMS 0x000000070ed00000, 0x000000070ed00000| Untracked 
| 210|0x000000070ee00000, 0x000000070ee00000, 0x000000070ef00000|  0%| F|  |TAMS 0x000000070ee00000, 0x000000070ee00000| Untracked 
| 211|0x000000070ef00000, 0x000000070ef00000, 0x000000070f000000|  0%| F|  |TAMS 0x000000070ef00000, 0x000000070ef00000| Untracked 
| 212|0x000000070f000000, 0x000000070f000000, 0x000000070f100000|  0%| F|  |TAMS 0x000000070f000000, 0x000000070f000000| Untracked 
| 213|0x000000070f100000, 0x000000070f100000, 0x000000070f200000|  0%| F|  |TAMS 0x000000070f100000, 0x000000070f100000| Untracked 
| 214|0x000000070f200000, 0x000000070f200000, 0x000000070f300000|  0%| F|  |TAMS 0x000000070f200000, 0x000000070f200000| Untracked 
| 215|0x000000070f300000, 0x000000070f300000, 0x000000070f400000|  0%| F|  |TAMS 0x000000070f300000, 0x000000070f300000| Untracked 
| 216|0x000000070f400000, 0x000000070f400000, 0x000000070f500000|  0%| F|  |TAMS 0x000000070f400000, 0x000000070f400000| Untracked 
| 217|0x000000070f500000, 0x000000070f500000, 0x000000070f600000|  0%| F|  |TAMS 0x000000070f500000, 0x000000070f500000| Untracked 
| 218|0x000000070f600000, 0x000000070f600000, 0x000000070f700000|  0%| F|  |TAMS 0x000000070f600000, 0x000000070f600000| Untracked 
| 219|0x000000070f700000, 0x000000070f700000, 0x000000070f800000|  0%| F|  |TAMS 0x000000070f700000, 0x000000070f700000| Untracked 
| 220|0x000000070f800000, 0x000000070f800000, 0x000000070f900000|  0%| F|  |TAMS 0x000000070f800000, 0x000000070f800000| Untracked 
| 221|0x000000070f900000, 0x000000070f900000, 0x000000070fa00000|  0%| F|  |TAMS 0x000000070f900000, 0x000000070f900000| Untracked 
| 222|0x000000070fa00000, 0x000000070fa00000, 0x000000070fb00000|  0%| F|  |TAMS 0x000000070fa00000, 0x000000070fa00000| Untracked 
| 223|0x000000070fb00000, 0x000000070fb00000, 0x000000070fc00000|  0%| F|  |TAMS 0x000000070fb00000, 0x000000070fb00000| Untracked 
| 224|0x000000070fc00000, 0x000000070fc00000, 0x000000070fd00000|  0%| F|  |TAMS 0x000000070fc00000, 0x000000070fc00000| Untracked 
| 225|0x000000070fd00000, 0x000000070fd00000, 0x000000070fe00000|  0%| F|  |TAMS 0x000000070fd00000, 0x000000070fd00000| Untracked 
| 226|0x000000070fe00000, 0x000000070fe00000, 0x000000070ff00000|  0%| F|  |TAMS 0x000000070fe00000, 0x000000070fe00000| Untracked 
| 227|0x000000070ff00000, 0x000000070ff00000, 0x0000000710000000|  0%| F|  |TAMS 0x000000070ff00000, 0x000000070ff00000| Untracked 
| 228|0x0000000710000000, 0x0000000710000000, 0x0000000710100000|  0%| F|  |TAMS 0x0000000710000000, 0x0000000710000000| Untracked 
| 229|0x0000000710100000, 0x0000000710100000, 0x0000000710200000|  0%| F|  |TAMS 0x0000000710100000, 0x0000000710100000| Untracked 
| 230|0x0000000710200000, 0x0000000710200000, 0x0000000710300000|  0%| F|  |TAMS 0x0000000710200000, 0x0000000710200000| Untracked 
| 231|0x0000000710300000, 0x0000000710300000, 0x0000000710400000|  0%| F|  |TAMS 0x0000000710300000, 0x0000000710300000| Untracked 
| 232|0x0000000710400000, 0x0000000710400000, 0x0000000710500000|  0%| F|  |TAMS 0x0000000710400000, 0x0000000710400000| Untracked 
| 233|0x0000000710500000, 0x0000000710500000, 0x0000000710600000|  0%| F|  |TAMS 0x0000000710500000, 0x0000000710500000| Untracked 
| 234|0x0000000710600000, 0x0000000710600000, 0x0000000710700000|  0%| F|  |TAMS 0x0000000710600000, 0x0000000710600000| Untracked 
| 235|0x0000000710700000, 0x0000000710700000, 0x0000000710800000|  0%| F|  |TAMS 0x0000000710700000, 0x0000000710700000| Untracked 
| 236|0x0000000710800000, 0x0000000710800000, 0x0000000710900000|  0%| F|  |TAMS 0x0000000710800000, 0x0000000710800000| Untracked 
| 237|0x0000000710900000, 0x0000000710900000, 0x0000000710a00000|  0%| F|  |TAMS 0x0000000710900000, 0x0000000710900000| Untracked 
| 238|0x0000000710a00000, 0x0000000710a00000, 0x0000000710b00000|  0%| F|  |TAMS 0x0000000710a00000, 0x0000000710a00000| Untracked 
| 239|0x0000000710b00000, 0x0000000710b00000, 0x0000000710c00000|  0%| F|  |TAMS 0x0000000710b00000, 0x0000000710b00000| Untracked 
| 240|0x0000000710c00000, 0x0000000710c00000, 0x0000000710d00000|  0%| F|  |TAMS 0x0000000710c00000, 0x0000000710c00000| Untracked 
| 241|0x0000000710d00000, 0x0000000710d00000, 0x0000000710e00000|  0%| F|  |TAMS 0x0000000710d00000, 0x0000000710d00000| Untracked 
| 242|0x0000000710e00000, 0x0000000710e00000, 0x0000000710f00000|  0%| F|  |TAMS 0x0000000710e00000, 0x0000000710e00000| Untracked 
| 243|0x0000000710f00000, 0x0000000710f00000, 0x0000000711000000|  0%| F|  |TAMS 0x0000000710f00000, 0x0000000710f00000| Untracked 
| 244|0x0000000711000000, 0x0000000711000000, 0x0000000711100000|  0%| F|  |TAMS 0x0000000711000000, 0x0000000711000000| Untracked 
| 245|0x0000000711100000, 0x0000000711100000, 0x0000000711200000|  0%| F|  |TAMS 0x0000000711100000, 0x0000000711100000| Untracked 
| 246|0x0000000711200000, 0x0000000711200000, 0x0000000711300000|  0%| F|  |TAMS 0x0000000711200000, 0x0000000711200000| Untracked 
| 247|0x0000000711300000, 0x0000000711300000, 0x0000000711400000|  0%| F|  |TAMS 0x0000000711300000, 0x0000000711300000| Untracked 
| 248|0x0000000711400000, 0x0000000711400000, 0x0000000711500000|  0%| F|  |TAMS 0x0000000711400000, 0x0000000711400000| Untracked 
| 249|0x0000000711500000, 0x0000000711500000, 0x0000000711600000|  0%| F|  |TAMS 0x0000000711500000, 0x0000000711500000| Untracked 
| 250|0x0000000711600000, 0x0000000711600000, 0x0000000711700000|  0%| F|  |TAMS 0x0000000711600000, 0x0000000711600000| Untracked 
| 251|0x0000000711700000, 0x0000000711700000, 0x0000000711800000|  0%| F|  |TAMS 0x0000000711700000, 0x0000000711700000| Untracked 
| 252|0x0000000711800000, 0x0000000711800000, 0x0000000711900000|  0%| F|  |TAMS 0x0000000711800000, 0x0000000711800000| Untracked 
| 253|0x0000000711900000, 0x0000000711900000, 0x0000000711a00000|  0%| F|  |TAMS 0x0000000711900000, 0x0000000711900000| Untracked 
| 254|0x0000000711a00000, 0x0000000711a00000, 0x0000000711b00000|  0%| F|  |TAMS 0x0000000711a00000, 0x0000000711a00000| Untracked 
| 255|0x0000000711b00000, 0x0000000711b00000, 0x0000000711c00000|  0%| F|  |TAMS 0x0000000711b00000, 0x0000000711b00000| Untracked 
| 256|0x0000000711c00000, 0x0000000711c00000, 0x0000000711d00000|  0%| F|  |TAMS 0x0000000711c00000, 0x0000000711c00000| Untracked 
| 257|0x0000000711d00000, 0x0000000711d00000, 0x0000000711e00000|  0%| F|  |TAMS 0x0000000711d00000, 0x0000000711d00000| Untracked 
| 258|0x0000000711e00000, 0x0000000711e00000, 0x0000000711f00000|  0%| F|  |TAMS 0x0000000711e00000, 0x0000000711e00000| Untracked 
| 259|0x0000000711f00000, 0x0000000711f00000, 0x0000000712000000|  0%| F|  |TAMS 0x0000000711f00000, 0x0000000711f00000| Untracked 
| 260|0x0000000712000000, 0x0000000712000000, 0x0000000712100000|  0%| F|  |TAMS 0x0000000712000000, 0x0000000712000000| Untracked 
| 261|0x0000000712100000, 0x0000000712100000, 0x0000000712200000|  0%| F|  |TAMS 0x0000000712100000, 0x0000000712100000| Untracked 
| 262|0x0000000712200000, 0x0000000712200000, 0x0000000712300000|  0%| F|  |TAMS 0x0000000712200000, 0x0000000712200000| Untracked 
| 263|0x0000000712300000, 0x0000000712300000, 0x0000000712400000|  0%| F|  |TAMS 0x0000000712300000, 0x0000000712300000| Untracked 
| 264|0x0000000712400000, 0x0000000712400000, 0x0000000712500000|  0%| F|  |TAMS 0x0000000712400000, 0x0000000712400000| Untracked 
| 265|0x0000000712500000, 0x0000000712500000, 0x0000000712600000|  0%| F|  |TAMS 0x0000000712500000, 0x0000000712500000| Untracked 
| 266|0x0000000712600000, 0x0000000712600000, 0x0000000712700000|  0%| F|  |TAMS 0x0000000712600000, 0x0000000712600000| Untracked 
| 267|0x0000000712700000, 0x0000000712700000, 0x0000000712800000|  0%| F|  |TAMS 0x0000000712700000, 0x0000000712700000| Untracked 
| 268|0x0000000712800000, 0x0000000712800000, 0x0000000712900000|  0%| F|  |TAMS 0x0000000712800000, 0x0000000712800000| Untracked 
| 269|0x0000000712900000, 0x0000000712900000, 0x0000000712a00000|  0%| F|  |TAMS 0x0000000712900000, 0x0000000712900000| Untracked 
| 270|0x0000000712a00000, 0x0000000712a00000, 0x0000000712b00000|  0%| F|  |TAMS 0x0000000712a00000, 0x0000000712a00000| Untracked 
| 271|0x0000000712b00000, 0x0000000712b00000, 0x0000000712c00000|  0%| F|  |TAMS 0x0000000712b00000, 0x0000000712b00000| Untracked 
| 272|0x0000000712c00000, 0x0000000712c00000, 0x0000000712d00000|  0%| F|  |TAMS 0x0000000712c00000, 0x0000000712c00000| Untracked 
| 273|0x0000000712d00000, 0x0000000712d00000, 0x0000000712e00000|  0%| F|  |TAMS 0x0000000712d00000, 0x0000000712d00000| Untracked 
| 274|0x0000000712e00000, 0x0000000712e00000, 0x0000000712f00000|  0%| F|  |TAMS 0x0000000712e00000, 0x0000000712e00000| Untracked 
| 275|0x0000000712f00000, 0x0000000712f00000, 0x0000000713000000|  0%| F|  |TAMS 0x0000000712f00000, 0x0000000712f00000| Untracked 
| 276|0x0000000713000000, 0x0000000713000000, 0x0000000713100000|  0%| F|  |TAMS 0x0000000713000000, 0x0000000713000000| Untracked 
| 277|0x0000000713100000, 0x0000000713100000, 0x0000000713200000|  0%| F|  |TAMS 0x0000000713100000, 0x0000000713100000| Untracked 
| 278|0x0000000713200000, 0x0000000713200000, 0x0000000713300000|  0%| F|  |TAMS 0x0000000713200000, 0x0000000713200000| Untracked 
| 279|0x0000000713300000, 0x0000000713300000, 0x0000000713400000|  0%| F|  |TAMS 0x0000000713300000, 0x0000000713300000| Untracked 
| 280|0x0000000713400000, 0x0000000713400000, 0x0000000713500000|  0%| F|  |TAMS 0x0000000713400000, 0x0000000713400000| Untracked 
| 281|0x0000000713500000, 0x0000000713500000, 0x0000000713600000|  0%| F|  |TAMS 0x0000000713500000, 0x0000000713500000| Untracked 
| 282|0x0000000713600000, 0x0000000713600000, 0x0000000713700000|  0%| F|  |TAMS 0x0000000713600000, 0x0000000713600000| Untracked 
| 283|0x0000000713700000, 0x0000000713700000, 0x0000000713800000|  0%| F|  |TAMS 0x0000000713700000, 0x0000000713700000| Untracked 
| 284|0x0000000713800000, 0x0000000713800000, 0x0000000713900000|  0%| F|  |TAMS 0x0000000713800000, 0x0000000713800000| Untracked 
| 285|0x0000000713900000, 0x0000000713900000, 0x0000000713a00000|  0%| F|  |TAMS 0x0000000713900000, 0x0000000713900000| Untracked 
| 286|0x0000000713a00000, 0x0000000713a00000, 0x0000000713b00000|  0%| F|  |TAMS 0x0000000713a00000, 0x0000000713a00000| Untracked 
| 287|0x0000000713b00000, 0x0000000713b00000, 0x0000000713c00000|  0%| F|  |TAMS 0x0000000713b00000, 0x0000000713b00000| Untracked 
| 288|0x0000000713c00000, 0x0000000713c00000, 0x0000000713d00000|  0%| F|  |TAMS 0x0000000713c00000, 0x0000000713c00000| Untracked 
| 289|0x0000000713d00000, 0x0000000713d00000, 0x0000000713e00000|  0%| F|  |TAMS 0x0000000713d00000, 0x0000000713d00000| Untracked 
| 290|0x0000000713e00000, 0x0000000713e00000, 0x0000000713f00000|  0%| F|  |TAMS 0x0000000713e00000, 0x0000000713e00000| Untracked 
| 291|0x0000000713f00000, 0x0000000713f00000, 0x0000000714000000|  0%| F|  |TAMS 0x0000000713f00000, 0x0000000713f00000| Untracked 
| 292|0x0000000714000000, 0x0000000714000000, 0x0000000714100000|  0%| F|  |TAMS 0x0000000714000000, 0x0000000714000000| Untracked 
| 293|0x0000000714100000, 0x0000000714100000, 0x0000000714200000|  0%| F|  |TAMS 0x0000000714100000, 0x0000000714100000| Untracked 
| 294|0x0000000714200000, 0x0000000714200000, 0x0000000714300000|  0%| F|  |TAMS 0x0000000714200000, 0x0000000714200000| Untracked 
| 295|0x0000000714300000, 0x0000000714300000, 0x0000000714400000|  0%| F|  |TAMS 0x0000000714300000, 0x0000000714300000| Untracked 
| 296|0x0000000714400000, 0x0000000714400000, 0x0000000714500000|  0%| F|  |TAMS 0x0000000714400000, 0x0000000714400000| Untracked 
| 297|0x0000000714500000, 0x0000000714500000, 0x0000000714600000|  0%| F|  |TAMS 0x0000000714500000, 0x0000000714500000| Untracked 
| 298|0x0000000714600000, 0x0000000714600000, 0x0000000714700000|  0%| F|  |TAMS 0x0000000714600000, 0x0000000714600000| Untracked 
| 299|0x0000000714700000, 0x0000000714700000, 0x0000000714800000|  0%| F|  |TAMS 0x0000000714700000, 0x0000000714700000| Untracked 
| 300|0x0000000714800000, 0x0000000714800000, 0x0000000714900000|  0%| F|  |TAMS 0x0000000714800000, 0x0000000714800000| Untracked 
| 301|0x0000000714900000, 0x0000000714900000, 0x0000000714a00000|  0%| F|  |TAMS 0x0000000714900000, 0x0000000714900000| Untracked 
| 302|0x0000000714a00000, 0x0000000714a00000, 0x0000000714b00000|  0%| F|  |TAMS 0x0000000714a00000, 0x0000000714a00000| Untracked 
| 303|0x0000000714b00000, 0x0000000714b00000, 0x0000000714c00000|  0%| F|  |TAMS 0x0000000714b00000, 0x0000000714b00000| Untracked 
| 304|0x0000000714c00000, 0x0000000714c00000, 0x0000000714d00000|  0%| F|  |TAMS 0x0000000714c00000, 0x0000000714c00000| Untracked 
| 305|0x0000000714d00000, 0x0000000714d00000, 0x0000000714e00000|  0%| F|  |TAMS 0x0000000714d00000, 0x0000000714d00000| Untracked 
| 306|0x0000000714e00000, 0x0000000714e00000, 0x0000000714f00000|  0%| F|  |TAMS 0x0000000714e00000, 0x0000000714e00000| Untracked 
| 307|0x0000000714f00000, 0x0000000714f00000, 0x0000000715000000|  0%| F|  |TAMS 0x0000000714f00000, 0x0000000714f00000| Untracked 

Card table byte_map: [0x000002496f8d0000,0x00000249700d0000] _byte_map_base: 0x000002496c0c2000

Marking Bits (Prev, Next): (CMBitMap*) 0x000002495589e038, (CMBitMap*) 0x000002495589e078
 Prev Bits: [0x00000249708d0000, 0x0000024974860000)
 Next Bits: [0x0000024974860000, 0x00000249787f0000)

Polling page: 0x0000024955900000

Metaspace:

Usage:
  Non-class:      4.71 MB capacity,     2.98 MB ( 63%) used,     1.72 MB ( 37%) free+waste,     8.44 KB ( <1%) overhead. 
      Class:    558.00 KB capacity,   357.85 KB ( 64%) used,   195.34 KB ( 35%) free+waste,     4.81 KB ( <1%) overhead. 
       Both:      5.25 MB capacity,     3.33 MB ( 63%) used,     1.91 MB ( 36%) free+waste,    13.25 KB ( <1%) overhead. 

Virtual space:
  Non-class space:        8.00 MB reserved,       4.75 MB ( 59%) committed 
      Class space:        1.00 GB reserved,     640.00 KB ( <1%) committed 
             Both:        1.01 GB reserved,       5.38 MB ( <1%) committed 

Chunk freelists:
   Non-Class:  46.00 KB
       Class:  0 bytes
        Both:  46.00 KB

MaxMetaspaceSize: 17179869184.00 GB
CompressedClassSpaceSize: 1.00 GB

CodeHeap 'non-profiled nmethods': size=120000Kb used=368Kb max_used=368Kb free=119631Kb
 bounds [0x0000024966ff0000, 0x0000024967260000, 0x000002496e520000]
CodeHeap 'profiled nmethods': size=120000Kb used=1245Kb max_used=1245Kb free=118754Kb
 bounds [0x000002495fac0000, 0x000002495fd30000, 0x0000024966ff0000]
CodeHeap 'non-nmethods': size=5760Kb used=1183Kb max_used=1209Kb free=4576Kb
 bounds [0x000002495f520000, 0x000002495f790000, 0x000002495fac0000]
 total_blobs=1653 nmethods=734 adapters=348
 compilation: enabled
              stopped_count=0, restarted_count=0
 full_count=0

Compilation events (20 events):
Event: 1.004 Thread 0x000002497bc85000  726       3       java.util.LinkedHashMap::newNode (23 bytes)
Event: 1.004 Thread 0x000002497bc85000 nmethod 726 0x000002495fbf4490 code [0x000002495fbf4680, 0x000002495fbf4d38]
Event: 1.004 Thread 0x000002497bc85000  727       3       java.util.LinkedHashMap$Entry::<init> (10 bytes)
Event: 1.005 Thread 0x000002497bc85000 nmethod 727 0x000002495fbf4f10 code [0x000002495fbf50c0, 0x000002495fbf5438]
Event: 1.005 Thread 0x000002497bc85000  729       3       java.util.LinkedHashMap::linkNodeLast (33 bytes)
Event: 1.005 Thread 0x000002497bc85000 nmethod 729 0x000002495fbf5510 code [0x000002495fbf56c0, 0x000002495fbf5a38]
Event: 1.005 Thread 0x000002497bc85000  730       3       java.util.LinkedHashMap::afterNodeInsertion (40 bytes)
Event: 1.005 Thread 0x000002497bc85000 nmethod 730 0x000002495fbf5b90 code [0x000002495fbf5d40, 0x000002495fbf5f98]
Event: 1.010 Thread 0x000002497bc85000  732       3       java.util.concurrent.ConcurrentHashMap$Traverser::advance (188 bytes)
Event: 1.011 Thread 0x000002497bc85000 nmethod 732 0x000002495fbf6090 code [0x000002495fbf62e0, 0x000002495fbf71e0]
Event: 1.025 Thread 0x000002497bc2d000 nmethod 719 0x000002496703db10 code [0x000002496703dce0, 0x000002496703e938]
Event: 1.025 Thread 0x000002497bc2d000  733       4       java.lang.AbstractStringBuilder::append (77 bytes)
Event: 1.034 Thread 0x000002497bc2d000 nmethod 733 0x000002496703ec90 code [0x000002496703ee40, 0x000002496703f3d8]
Event: 1.035 Thread 0x000002497bc2d000  728       4       java.util.HashMap::put (13 bytes)
Event: 1.071 Thread 0x000002497bd6f800 nmethod 693% 0x000002496703f690 code [0x000002496703fa00, 0x00000249670435d0]
Event: 1.071 Thread 0x000002497bd6f800  731       4       java.util.HashMap$Node::<init> (26 bytes)
Event: 1.075 Thread 0x000002497bd6f800 nmethod 731 0x0000024967046090 code [0x0000024967046220, 0x0000024967046518]
Event: 1.076 Thread 0x000002497bd6f800  734 %     4       renderer.Render::renderImageWithoutMultithreading @ 113 (236 bytes)
Event: 1.085 Thread 0x000002497bc2d000 nmethod 728 0x0000024967046590 code [0x00000249670467c0, 0x0000024967047dd0]
Event: 1.173 Thread 0x000002497bd6f800 nmethod 734% 0x0000024967048510 code [0x00000249670487a0, 0x000002496704ac68]

GC Heap History (20 events):
Event: 0.803 GC heap after
{Heap after GC invocations=2 (full 0):
 garbage-first heap   total 262144K, used 17748K [0x0000000701c00000, 0x0000000800000000)
  region size 1024K, 2 young (2048K), 2 survivors (2048K)
 Metaspace       used 3198K, capacity 5357K, committed 5504K, reserved 1056768K
  class space    used 342K, capacity 553K, committed 640K, reserved 1048576K
}
Event: 0.888 GC heap before
{Heap before GC invocations=2 (full 0):
 garbage-first heap   total 262144K, used 172372K [0x0000000701c00000, 0x0000000800000000)
  region size 1024K, 153 young (156672K), 2 survivors (2048K)
 Metaspace       used 3198K, capacity 5357K, committed 5504K, reserved 1056768K
  class space    used 342K, capacity 553K, committed 640K, reserved 1048576K
}
Event: 0.890 GC heap after
{Heap after GC invocations=3 (full 0):
 garbage-first heap   total 262144K, used 17771K [0x0000000701c00000, 0x0000000800000000)
  region size 1024K, 2 young (2048K), 2 survivors (2048K)
 Metaspace       used 3198K, capacity 5357K, committed 5504K, reserved 1056768K
  class space    used 342K, capacity 553K, committed 640K, reserved 1048576K
}
Event: 0.965 GC heap before
{Heap before GC invocations=3 (full 0):
 garbage-first heap   total 262144K, used 172395K [0x0000000701c00000, 0x0000000800000000)
  region size 1024K, 153 young (156672K), 2 survivors (2048K)
 Metaspace       used 3198K, capacity 5357K, committed 5504K, reserved 1056768K
  class space    used 342K, capacity 553K, committed 640K, reserved 1048576K
}
Event: 0.967 GC heap after
{Heap after GC invocations=4 (full 0):
 garbage-first heap   total 262144K, used 17785K [0x0000000701c00000, 0x0000000800000000)
  region size 1024K, 2 young (2048K), 2 survivors (2048K)
 Metaspace       used 3198K, capacity 5357K, committed 5504K, reserved 1056768K
  class space    used 342K, capacity 553K, committed 640K, reserved 1048576K
}
Event: 1.105 GC heap before
{Heap before GC invocations=4 (full 0):
 garbage-first heap   total 262144K, used 172409K [0x0000000701c00000, 0x0000000800000000)
  region size 1024K, 153 young (156672K), 2 survivors (2048K)
 Metaspace       used 3406K, capacity 5376K, committed 5504K, reserved 1056768K
  class space    used 357K, capacity 558K, committed 640K, reserved 1048576K
}
Event: 1.108 GC heap after
{Heap after GC invocations=5 (full 0):
 garbage-first heap   total 262144K, used 18187K [0x0000000701c00000, 0x0000000800000000)
  region size 1024K, 2 young (2048K), 2 survivors (2048K)
 Metaspace       used 3406K, capacity 5376K, committed 5504K, reserved 1056768K
  class space    used 357K, capacity 558K, committed 640K, reserved 1048576K
}
Event: 1.209 GC heap before
{Heap before GC invocations=5 (full 0):
 garbage-first heap   total 262144K, used 172811K [0x0000000701c00000, 0x0000000800000000)
  region size 1024K, 153 young (156672K), 2 survivors (2048K)
 Metaspace       used 3406K, capacity 5376K, committed 5504K, reserved 1056768K
  class space    used 357K, capacity 558K, committed 640K, reserved 1048576K
}
Event: 1.212 GC heap after
{Heap after GC invocations=6 (full 0):
 garbage-first heap   total 262144K, used 18129K [0x0000000701c00000, 0x0000000800000000)
  region size 1024K, 2 young (2048K), 2 survivors (2048K)
 Metaspace       used 3406K, capacity 5376K, committed 5504K, reserved 1056768K
  class space    used 357K, capacity 558K, committed 640K, reserved 1048576K
}
Event: 1.312 GC heap before
{Heap before GC invocations=6 (full 0):
 garbage-first heap   total 262144K, used 172753K [0x0000000701c00000, 0x0000000800000000)
  region size 1024K, 153 young (156672K), 2 survivors (2048K)
 Metaspace       used 3406K, capacity 5376K, committed 5504K, reserved 1056768K
  class space    used 357K, capacity 558K, committed 640K, reserved 1048576K
}
Event: 1.314 GC heap after
{Heap after GC invocations=7 (full 0):
 garbage-first heap   total 262144K, used 18181K [0x0000000701c00000, 0x0000000800000000)
  region size 1024K, 2 young (2048K), 2 survivors (2048K)
 Metaspace       used 3406K, capacity 5376K, committed 5504K, reserved 1056768K
  class space    used 357K, capacity 558K, committed 640K, reserved 1048576K
}
Event: 1.404 GC heap before
{Heap before GC invocations=7 (full 0):
 garbage-first heap   total 262144K, used 172805K [0x0000000701c00000, 0x0000000800000000)
  region size 1024K, 153 young (156672K), 2 survivors (2048K)
 Metaspace       used 3406K, capacity 5376K, committed 5504K, reserved 1056768K
  class space    used 357K, capacity 558K, committed 640K, reserved 1048576K
}
Event: 1.408 GC heap after
{Heap after GC invocations=8 (full 0):
 garbage-first heap   total 315392K, used 18176K [0x0000000701c00000, 0x0000000800000000)
  region size 1024K, 2 young (2048K), 2 survivors (2048K)
 Metaspace       used 3406K, capacity 5376K, committed 5504K, reserved 1056768K
  class space    used 357K, capacity 558K, committed 640K, reserved 1048576K
}
Event: 1.568 GC heap before
{Heap before GC invocations=8 (full 0):
 garbage-first heap   total 315392K, used 204544K [0x0000000701c00000, 0x0000000800000000)
  region size 1024K, 184 young (188416K), 2 survivors (2048K)
 Metaspace       used 3406K, capacity 5376K, committed 5504K, reserved 1056768K
  class space    used 357K, capacity 558K, committed 640K, reserved 1048576K
}
Event: 1.570 GC heap after
{Heap after GC invocations=9 (full 0):
 garbage-first heap   total 315392K, used 18273K [0x0000000701c00000, 0x0000000800000000)
  region size 1024K, 2 young (2048K), 2 survivors (2048K)
 Metaspace       used 3406K, capacity 5376K, committed 5504K, reserved 1056768K
  class space    used 357K, capacity 558K, committed 640K, reserved 1048576K
}
Event: 1.653 GC heap before
{Heap before GC invocations=9 (full 0):
 garbage-first heap   total 315392K, used 204641K [0x0000000701c00000, 0x0000000800000000)
  region size 1024K, 184 young (188416K), 2 survivors (2048K)
 Metaspace       used 3406K, capacity 5376K, committed 5504K, reserved 1056768K
  class space    used 357K, capacity 558K, committed 640K, reserved 1048576K
}
Event: 1.655 GC heap after
{Heap after GC invocations=10 (full 0):
 garbage-first heap   total 315392K, used 18254K [0x0000000701c00000, 0x0000000800000000)
  region size 1024K, 2 young (2048K), 2 survivors (2048K)
 Metaspace       used 3406K, capacity 5376K, committed 5504K, reserved 1056768K
  class space    used 357K, capacity 558K, committed 640K, reserved 1048576K
}
Event: 1.747 GC heap before
{Heap before GC invocations=10 (full 0):
 garbage-first heap   total 315392K, used 204622K [0x0000000701c00000, 0x0000000800000000)
  region size 1024K, 184 young (188416K), 2 survivors (2048K)
 Metaspace       used 3406K, capacity 5376K, committed 5504K, reserved 1056768K
  class space    used 357K, capacity 558K, committed 640K, reserved 1048576K
}
Event: 1.749 GC heap after
{Heap after GC invocations=11 (full 0):
 garbage-first heap   total 315392K, used 18299K [0x0000000701c00000, 0x0000000800000000)
  region size 1024K, 2 young (2048K), 2 survivors (2048K)
 Metaspace       used 3406K, capacity 5376K, committed 5504K, reserved 1056768K
  class space    used 357K, capacity 558K, committed 640K, reserved 1048576K
}
Event: 1.867 GC heap before
{Heap before GC invocations=11 (full 0):
 garbage-first heap   total 315392K, used 204667K [0x0000000701c00000, 0x0000000800000000)
  region size 1024K, 184 young (188416K), 2 survivors (2048K)
 Metaspace       used 3406K, capacity 5376K, committed 5504K, reserved 1056768K
  class space    used 357K, capacity 558K, committed 640K, reserved 1048576K
}

Deoptimization events (20 events):
Event: 1.014 Thread 0x0000024955832000 DEOPT PACKING pc=0x000002495fbdc551 sp=0x000000ee687fdee0
Event: 1.014 Thread 0x0000024955832000 DEOPT UNPACKING pc=0x000002495f56964e sp=0x000000ee687fd468 mode 0
Event: 1.018 Thread 0x0000024955832000 DEOPT PACKING pc=0x000002495fbdeaf7 sp=0x000000ee687fdf00
Event: 1.018 Thread 0x0000024955832000 DEOPT UNPACKING pc=0x000002495f56964e sp=0x000000ee687fd468 mode 0
Event: 1.023 Thread 0x0000024955832000 DEOPT PACKING pc=0x000002495fbdc551 sp=0x000000ee687fdee0
Event: 1.023 Thread 0x0000024955832000 DEOPT UNPACKING pc=0x000002495f56964e sp=0x000000ee687fd468 mode 0
Event: 1.046 Thread 0x0000024955832000 DEOPT PACKING pc=0x000002495fbdeaf7 sp=0x000000ee687fdf00
Event: 1.046 Thread 0x0000024955832000 DEOPT UNPACKING pc=0x000002495f56964e sp=0x000000ee687fd468 mode 0
Event: 1.052 Thread 0x0000024955832000 DEOPT PACKING pc=0x000002495fbdc551 sp=0x000000ee687fdee0
Event: 1.052 Thread 0x0000024955832000 DEOPT UNPACKING pc=0x000002495f56964e sp=0x000000ee687fd468 mode 0
Event: 1.062 Thread 0x0000024955832000 DEOPT PACKING pc=0x000002495fbdeaf7 sp=0x000000ee687fdf00
Event: 1.062 Thread 0x0000024955832000 DEOPT UNPACKING pc=0x000002495f56964e sp=0x000000ee687fd468 mode 0
Event: 1.066 Thread 0x0000024955832000 DEOPT PACKING pc=0x000002495fbdc551 sp=0x000000ee687fdee0
Event: 1.066 Thread 0x0000024955832000 DEOPT UNPACKING pc=0x000002495f56964e sp=0x000000ee687fd468 mode 0
Event: 1.075 Thread 0x0000024955832000 DEOPT PACKING pc=0x000002495fbdeaf7 sp=0x000000ee687fdf00
Event: 1.075 Thread 0x0000024955832000 DEOPT UNPACKING pc=0x000002495f56964e sp=0x000000ee687fd468 mode 0
Event: 1.081 Thread 0x0000024955832000 DEOPT PACKING pc=0x000002495fbdc551 sp=0x000000ee687fdee0
Event: 1.081 Thread 0x0000024955832000 DEOPT UNPACKING pc=0x000002495f56964e sp=0x000000ee687fd468 mode 0
Event: 1.086 Thread 0x0000024955832000 DEOPT PACKING pc=0x000002495fbdc5e6 sp=0x000000ee687fdee0
Event: 1.086 Thread 0x0000024955832000 DEOPT UNPACKING pc=0x000002495f56964e sp=0x000000ee687fd468 mode 0

Classes unloaded (0 events):
No events

Classes redefined (0 events):
No events

Internal exceptions (6 events):
Event: 0.216 Thread 0x0000024955832000 Exception <a 'java/io/FileNotFoundException'{0x00000007119424d0}> (0x00000007119424d0) 
thrown [t:/workspace/open/src/hotspot/share/prims/jni.cpp, line 598]
Event: 0.234 Thread 0x0000024955832000 Exception <a 'java/lang/NoSuchMethodError'{0x0000000711979f70}: 'int java.lang.invoke.DirectMethodHandle$Holder.invokeSpecialIFC(java.lang.Object, java.lang.Object, int)'> (0x0000000711979f70) 
thrown [t:/workspace/open/src/hotspot/share/interpreter/linkResolver.cpp, line 767]
Event: 0.319 Thread 0x0000024955832000 Exception <a 'java/lang/IncompatibleClassChangeError'{0x00000007118d5f98}: Found class java.lang.Object, but interface was expected> (0x00000007118d5f98) 
thrown [t:/workspace/open/src/hotspot/share/interpreter/linkResolver.cpp, line 833]
Event: 0.444 Thread 0x0000024955832000 Exception <a 'java/lang/ClassNotFoundException'{0x000000071162bc40}: sun/awt/resources/spi/awtProvider> (0x000000071162bc40) 
thrown [t:/workspace/open/src/hotspot/share/classfile/systemDictionary.cpp, line 232]
Event: 0.475 Thread 0x0000024955832000 Exception <a 'java/io/FileNotFoundException'{0x0000000711674c08}> (0x0000000711674c08) 
thrown [t:/workspace/open/src/hotspot/share/prims/jni.cpp, line 598]
Event: 0.487 Thread 0x0000024955832000 Exception <a 'java/io/FileNotFoundException'{0x000000071169b7d0}> (0x000000071169b7d0) 
thrown [t:/workspace/open/src/hotspot/share/prims/jni.cpp, line 598]

Events (20 events):
Event: 1.002 loading class sun/util/resources/cldr/TimeZoneNames_en done
Event: 1.002 loading class sun/util/resources/cldr/TimeZoneNames_en_US
Event: 1.002 loading class sun/util/resources/cldr/TimeZoneNames_en_US done
Event: 1.024 Executing VM operation: HandshakeAllThreads
Event: 1.031 Executing VM operation: HandshakeAllThreads done
Event: 1.105 Executing VM operation: G1CollectForAllocation
Event: 1.108 Executing VM operation: G1CollectForAllocation done
Event: 1.209 Executing VM operation: G1CollectForAllocation
Event: 1.212 Executing VM operation: G1CollectForAllocation done
Event: 1.312 Executing VM operation: G1CollectForAllocation
Event: 1.314 Executing VM operation: G1CollectForAllocation done
Event: 1.404 Executing VM operation: G1CollectForAllocation
Event: 1.408 Executing VM operation: G1CollectForAllocation done
Event: 1.568 Executing VM operation: G1CollectForAllocation
Event: 1.570 Executing VM operation: G1CollectForAllocation done
Event: 1.653 Executing VM operation: G1CollectForAllocation
Event: 1.655 Executing VM operation: G1CollectForAllocation done
Event: 1.747 Executing VM operation: G1CollectForAllocation
Event: 1.749 Executing VM operation: G1CollectForAllocation done
Event: 1.866 Executing VM operation: G1CollectForAllocation


Dynamic libraries:
0x00007ff6fb9a0000 - 0x00007ff6fb9af000 	C:\Program Files\Java\jdk-13.0.2\bin\java.exe
0x00007ffb554a0000 - 0x00007ffb55690000 	C:\WINDOWS\SYSTEM32\ntdll.dll
0x00007ffb553a0000 - 0x00007ffb55452000 	C:\WINDOWS\System32\KERNEL32.DLL
0x00007ffb52ff0000 - 0x00007ffb53294000 	C:\WINDOWS\System32\KERNELBASE.dll
0x00007ffb52ef0000 - 0x00007ffb52fea000 	C:\WINDOWS\System32\ucrtbase.dll
0x00007ffb4cf50000 - 0x00007ffb4cf68000 	C:\Program Files\Java\jdk-13.0.2\bin\jli.dll
0x00007ffb49a00000 - 0x00007ffb49a15000 	C:\Program Files\Java\jdk-13.0.2\bin\VCRUNTIME140.dll
0x00007ffb552f0000 - 0x00007ffb55393000 	C:\WINDOWS\System32\ADVAPI32.dll
0x00007ffb536f0000 - 0x00007ffb5378e000 	C:\WINDOWS\System32\msvcrt.dll
0x00007ffb55250000 - 0x00007ffb552e7000 	C:\WINDOWS\System32\sechost.dll
0x00007ffb54eb0000 - 0x00007ffb54fd0000 	C:\WINDOWS\System32\RPCRT4.dll
0x00007ffb550b0000 - 0x00007ffb55244000 	C:\WINDOWS\System32\USER32.dll
0x00007ffb532a0000 - 0x00007ffb532c1000 	C:\WINDOWS\System32\win32u.dll
0x00007ffb55080000 - 0x00007ffb550a6000 	C:\WINDOWS\System32\GDI32.dll
0x00007ffb47030000 - 0x00007ffb472b4000 	C:\WINDOWS\WinSxS\amd64_microsoft.windows.common-controls_6595b64144ccf1df_6.0.18362.900_none_e6beb9d913147d17\COMCTL32.dll
0x00007ffb52bb0000 - 0x00007ffb52d45000 	C:\WINDOWS\System32\gdi32full.dll
0x00007ffb53d30000 - 0x00007ffb54065000 	C:\WINDOWS\System32\combase.dll
0x00007ffb53450000 - 0x00007ffb534ee000 	C:\WINDOWS\System32\msvcp_win.dll
0x00007ffb52e00000 - 0x00007ffb52e80000 	C:\WINDOWS\System32\bcryptPrimitives.dll
0x00007ffb4bfb0000 - 0x00007ffb4bfba000 	C:\WINDOWS\SYSTEM32\VERSION.dll
0x00007ffb542d0000 - 0x00007ffb542fe000 	C:\WINDOWS\System32\IMM32.DLL
0x00007ffb357d0000 - 0x00007ffb3586b000 	C:\Program Files\Java\jdk-13.0.2\bin\msvcp140.dll
0x00007ffb0d220000 - 0x00007ffb0dd7d000 	C:\Program Files\Java\jdk-13.0.2\bin\server\jvm.dll
0x00007ffb55070000 - 0x00007ffb55078000 	C:\WINDOWS\System32\PSAPI.DLL
0x00007ffb45850000 - 0x00007ffb45859000 	C:\WINDOWS\SYSTEM32\WSOCK32.dll
0x00007ffb47000000 - 0x00007ffb47024000 	C:\WINDOWS\SYSTEM32\WINMM.dll
0x00007ffb53680000 - 0x00007ffb536ef000 	C:\WINDOWS\System32\WS2_32.dll
0x00007ffb46db0000 - 0x00007ffb46ddd000 	C:\WINDOWS\SYSTEM32\WINMMBASE.dll
0x00007ffb52ea0000 - 0x00007ffb52eea000 	C:\WINDOWS\System32\cfgmgr32.dll
0x00007ffb52370000 - 0x00007ffb52381000 	C:\WINDOWS\System32\kernel.appcore.dll
0x00007ffb4cfe0000 - 0x00007ffb4cff0000 	C:\Program Files\Java\jdk-13.0.2\bin\verify.dll
0x00007ffb50c50000 - 0x00007ffb50e44000 	C:\WINDOWS\SYSTEM32\DBGHELP.DLL
0x00007ffb49ca0000 - 0x00007ffb49cca000 	C:\WINDOWS\SYSTEM32\dbgcore.DLL
0x00007ffb477e0000 - 0x00007ffb47806000 	C:\Program Files\Java\jdk-13.0.2\bin\java.dll
0x00007ffb4ae30000 - 0x00007ffb4ae3e000 	C:\Program Files\Java\jdk-13.0.2\bin\instrument.dll
0x00007ffb49370000 - 0x00007ffb49387000 	C:\Program Files\Java\jdk-13.0.2\bin\zip.dll
0x00007ffb4cf30000 - 0x00007ffb4cf3a000 	C:\Program Files\Java\jdk-13.0.2\bin\jimage.dll
0x00007ffb54660000 - 0x00007ffb54d46000 	C:\WINDOWS\System32\SHELL32.dll
0x00007ffb54070000 - 0x00007ffb54119000 	C:\WINDOWS\System32\shcore.dll
0x00007ffb52430000 - 0x00007ffb52bb0000 	C:\WINDOWS\System32\windows.storage.dll
0x00007ffb52390000 - 0x00007ffb523b3000 	C:\WINDOWS\System32\profapi.dll
0x00007ffb523e0000 - 0x00007ffb5242a000 	C:\WINDOWS\System32\powrprof.dll
0x00007ffb52360000 - 0x00007ffb52370000 	C:\WINDOWS\System32\UMPDC.dll
0x00007ffb544c0000 - 0x00007ffb54512000 	C:\WINDOWS\System32\shlwapi.dll
0x00007ffb52e80000 - 0x00007ffb52e97000 	C:\WINDOWS\System32\cryptsp.dll
0x00007ffb48870000 - 0x00007ffb48889000 	C:\Program Files\Java\jdk-13.0.2\bin\net.dll
0x00007ffb48ca0000 - 0x00007ffb48d90000 	C:\WINDOWS\SYSTEM32\WINHTTP.dll
0x00007ffb51bd0000 - 0x00007ffb51c37000 	C:\WINDOWS\system32\mswsock.dll
0x00007ffb46910000 - 0x00007ffb46923000 	C:\Program Files\Java\jdk-13.0.2\bin\nio.dll
0x00007ffb45cd0000 - 0x00007ffb45cea000 	C:\Program Files\JetBrains\IntelliJ IDEA Community Edition 2019.3.3\bin\breakgen64.dll
0x00007ffb2af40000 - 0x00007ffb2b0d9000 	C:\Program Files\Java\jdk-13.0.2\bin\awt.dll
0x00007ffb53c60000 - 0x00007ffb53d25000 	C:\WINDOWS\System32\OLEAUT32.dll
0x00007ffb501b0000 - 0x00007ffb5023f000 	C:\WINDOWS\SYSTEM32\apphelp.dll

dbghelp: loaded successfully - version: 4.0.5 - missing functions: none
symbol engine: initialized successfully - sym options: 0x614 - pdb path: .;C:\Program Files\Java\jdk-13.0.2\bin;C:\WINDOWS\SYSTEM32;C:\WINDOWS\WinSxS\amd64_microsoft.windows.common-controls_6595b64144ccf1df_6.0.18362.900_none_e6beb9d913147d17;C:\Program Files\Java\jdk-13.0.2\bin\server;C:\Program Files\JetBrains\IntelliJ IDEA Community Edition 2019.3.3\bin

VM Arguments:
jvm_args: -ea -Didea.test.cyclic.buffer.size=1048576 -javaagent:C:\Program Files\JetBrains\IntelliJ IDEA Community Edition 2019.3.3\lib\idea_rt.jar=50616:C:\Program Files\JetBrains\IntelliJ IDEA Community Edition 2019.3.3\bin -Dfile.encoding=UTF-8 
java_command: com.intellij.rt.junit.JUnitStarter -ideVersion5 -junit4 renderer.BoxTests,testSetMap
java_class_path (initial): C:\Program Files\JetBrains\IntelliJ IDEA Community Edition 2019.3.3\lib\idea_rt.jar;C:\Program Files\JetBrains\IntelliJ IDEA Community Edition 2019.3.3\plugins\junit\lib\junit5-rt.jar;C:\Program Files\JetBrains\IntelliJ IDEA Community Edition 2019.3.3\plugins\junit\lib\junit-rt.jar;C:\Users\Uziel Shemesh\Documents\ \Java\IME5780-E1-4647-8327\out\test\IME5780-E1-4647-8327;C:\Users\Uziel Shemesh\Documents\ \Java\IME5780-E1-4647-8327\out\production\IME5780-E1-4647-8327;C:\Program Files\JetBrains\IntelliJ IDEA Community Edition 2019.3.3\lib\junit-4.12.jar;C:\Program Files\JetBrains\IntelliJ IDEA Community Edition 2019.3.3\lib\hamcrest-core-1.3.jar
Launcher Type: SUN_STANDARD

[Global flags]
     intx CICompilerCount                          = 4                                         {product} {ergonomic}
     uint ConcGCThreads                            = 2                                         {product} {ergonomic}
     uint G1ConcRefinementThreads                  = 8                                         {product} {ergonomic}
   size_t G1HeapRegionSize                         = 1048576                                   {product} {ergonomic}
    uintx GCDrainStackTargetSize                   = 64                                        {product} {ergonomic}
   size_t InitialHeapSize                          = 268435456                                 {product} {ergonomic}
   size_t MarkStackSize                            = 4194304                                   {product} {ergonomic}
   size_t MaxHeapSize                              = 4265607168                                {product} {ergonomic}
   size_t MaxNewSize                               = 2558525440                                {product} {ergonomic}
   size_t MinHeapDeltaBytes                        = 1048576                                   {product} {ergonomic}
   size_t MinHeapSize                              = 8388608                                   {product} {ergonomic}
    uintx NonNMethodCodeHeapSize                   = 5839372                                {pd product} {ergonomic}
    uintx NonProfiledCodeHeapSize                  = 122909434                              {pd product} {ergonomic}
    uintx ProfiledCodeHeapSize                     = 122909434                              {pd product} {ergonomic}
    uintx ReservedCodeCacheSize                    = 251658240                              {pd product} {ergonomic}
     bool SegmentedCodeCache                       = true                                      {product} {ergonomic}
   size_t SoftMaxHeapSize                          = 4265607168                             {manageable} {ergonomic}
     bool UseCompressedClassPointers               = true                                 {lp64_product} {ergonomic}
     bool UseCompressedOops                        = true                                 {lp64_product} {ergonomic}
     bool UseG1GC                                  = true                                      {product} {ergonomic}
     bool UseLargePagesIndividualAllocation        = false                                  {pd product} {ergonomic}

Logging:
Log output configuration:
 #0: stdout all=warning uptime,level,tags
 #1: stderr all=off uptime,level,tags

Environment Variables:
JAVA_HOME=C:\Program Files\Java\jdk-13.0.2
PATH=C:\WINDOWS\system32;C:\WINDOWS;C:\WINDOWS\System32\Wbem;C:\WINDOWS\System32\WindowsPowerShell\v1.0\;C:\Program Files\dotnet\;C:\Program Files (x86)\Wolfram Research\WolframScript\;C:\WINDOWS\System32\OpenSSH\;C:\Users\Uziel Shemesh\AppData\Local\Programs\Python\Python37\python35.exe;C:\Program Files\Git\cmd;C:\Program Files\MATLAB\R2019b\bin;C:\Program Files\Microsoft SQL Server\130\Tools\Binn\;C:\Program Files\Microsoft SQL Server\120\Tools\Binn\;C:\Program Files\Common Files\Autodesk Shared\;C:\Program Files\Java\jdk-13.0.2\bin;C:\Users\Uziel Shemesh\AppData\Local\Programs\Python\Python38-32\Scripts\;C:\Users\Uziel Shemesh\AppData\Local\Programs\Python\Python38-32\;C:\Users\Uziel Shemesh\AppData\Local\Programs\Python\Python36\Scripts\;C:\Users\Uziel Shemesh\AppData\Local\Programs\Python\Python36\;C:\Users\Uziel Shemesh\AppData\Local\Programs\Python\Python37\Scripts\;C:\Users\Uziel Shemesh\AppData\Local\Programs\Python\Python37\;C:\Users\Uziel Shemesh\AppData\Local\Microsoft\WindowsApps;;C:\Program Files\JetBrains\PyCharm 2019.1.2\bin;C:\Users\Uziel Shemesh\.dotnet\tools;C:\Users\Uziel Shemesh\AppData\Local\Programs\Microsoft VS Code\bin;C:\Program Files\JetBrains\IntelliJ IDEA Community Edition 2019.3.3\bin;
USERNAME=Uziel Shemesh
OS=Windows_NT
PROCESSOR_IDENTIFIER=Intel64 Family 6 Model 142 Stepping 10, GenuineIntel



---------------  S Y S T E M  ---------------

OS: Windows 10 , 64 bit Build 18362 (10.0.18362.900)

CPU:total 8 (initial active 8) (4 cores per cpu, 2 threads per core) family 6 model 142 stepping 10, cmov, cx8, fxsr, mmx, sse, sse2, sse3, ssse3, sse4.1, sse4.2, popcnt, avx, avx2, aes, clmul, erms, 3dnowpref, lzcnt, ht, tsc, tscinvbit, bmi1, bmi2, adx, fma

Memory: 4k page, system-wide physical 16266M (8310M free)
TotalPageFile size 46723M (AvailPageFile size 47M)
current process WorkingSet (physical memory assigned to process): 272M, peak: 272M
current process commit charge ("private bytes"): 413M, peak: 475M

vm_info: Java HotSpot(TM) 64-Bit Server VM (13.0.2+8) for windows-amd64 JRE (13.0.2+8), built on Dec 11 2019 09:20:33 by "mach5one" with unknown MS VC++:1916

END.
